#
# A fatal error has been detected by the Java Runtime Environment:
#
#  EXCEPTION_ACCESS_VIOLATION (0xc0000005) at pc=0x00007fff7cc2c59e, pid=720, tid=4352
#
# JRE version: OpenJDK Runtime Environment (11.0.11+9) (build 11.0.11+9-b60-7590822)
# Java VM: OpenJDK 64-Bit Server VM (11.0.11+9-b60-7590822, mixed mode, tiered, compressed oops, g1 gc, windows-amd64)
# Problematic frame:
# V  [jvm.dll+0x6c59e]
#
# No core dump will be written. Minidumps are not enabled by default on client versions of Windows
#
# If you would like to submit a bug report, please visit:
#   https://bugreport.java.com/bugreport/crash.jsp
#

---------------  S U M M A R Y ------------

Command Line: --add-opens=java.base/java.util=ALL-UNNAMED --add-opens=java.base/java.lang=ALL-UNNAMED --add-opens=java.base/java.lang.invoke=ALL-UNNAMED --add-opens=java.prefs/java.util.prefs=ALL-UNNAMED -Xmx1536M -Dfile.encoding=windows-1252 -Duser.country=US -Duser.language=en -Duser.variant org.gradle.launcher.daemon.bootstrap.GradleDaemon 6.5

Host: Intel(R) Core(TM) i5-3470S CPU @ 2.90GHz, 4 cores, 7G,  Windows 10 , 64 bit Build 19041 (10.0.19041.1645)
Time: Mon May 16 09:47:11 2022 Nepal Standard Time elapsed time: 3.364580 seconds (0d 0h 0m 3s)

---------------  T H R E A D  ---------------

Current thread (0x00000202fef90800):  JavaThread "C2 CompilerThread0" daemon [_thread_in_native, id=4352, stack(0x0000002a88200000,0x0000002a88300000)]


Current CompileTask:
C2:   3364 2078       4       java.net.URLClassLoader$1::run (5 bytes)

Stack: [0x0000002a88200000,0x0000002a88300000],  sp=0x0000002a882fbd50,  free space=1007k
Native frames: (J=compiled Java code, j=interpreted, Vv=VM code, C=native code)
V  [jvm.dll+0x6c59e]
V  [jvm.dll+0x19b158]
V  [jvm.dll+0x3218b4]
V  [jvm.dll+0x320d8a]
V  [jvm.dll+0x1fc1e2]
V  [jvm.dll+0x1fb3d4]
V  [jvm.dll+0x183d6c]
V  [jvm.dll+0x209a57]
V  [jvm.dll+0x2082a1]
V  [jvm.dll+0x6ef58f]
V  [jvm.dll+0x6e80b5]
V  [jvm.dll+0x5f1036]
C  [ucrtbase.dll+0x21bb2]
C  [KERNEL32.DLL+0x17034]
C  [ntdll.dll+0x52651]


siginfo: EXCEPTION_ACCESS_VIOLATION (0xc0000005), reading address 0x00007ffb7d32dbe0


Register to memory mapping:

RIP=0x00007fff7cc2c59e jvm.dll
RAX=0x00007ffb7d32db08 is an unknown value
RBX=0x0000020284d75590 points into unknown readable memory: 0x0000000000000000 | 00 00 00 00 00 00 00 00
RCX=0x000002028451a3b0 points into unknown readable memory: 0x00007ffb7d32db08 | 08 db 32 7d fb 7f 00 00
RDX=0x0 is NULL
RSP=0x0000002a882fbd50 is pointing into the stack for thread: 0x00000202fef90800
RBP=0x00007fff7d550fd0 jvm.dll
RSI=0x0000020284d755c8 points into unknown readable memory: 0x0000000005555455 | 55 54 55 05 00 00 00 00
RDI=0x00007dfcf87dba08 is an unknown value
R8 =0x0000000000000010 is an unknown value
R9 =0x0 is NULL
R10=0x0000020284d6aa40 points into unknown readable memory: 0x00010002000002c0 | c0 02 00 00 02 00 01 00
R11=0x000000000000001a is an unknown value
R12=0x0000000000000001 is an unknown value
R13=0x0000000000000001 is an unknown value
R14=0x000002028451a348 points into unknown readable memory: 0x00007fff7d33b8f0 | f0 b8 33 7d ff 7f 00 00
R15=0x0000020282122528 points into unknown readable memory: 0x00007fff7d4413f8 | f8 13 44 7d ff 7f 00 00


Registers:
RAX=0x00007ffb7d32db08, RBX=0x0000020284d75590, RCX=0x000002028451a3b0, RDX=0x0000000000000000
RSP=0x0000002a882fbd50, RBP=0x00007fff7d550fd0, RSI=0x0000020284d755c8, RDI=0x00007dfcf87dba08
R8 =0x0000000000000010, R9 =0x0000000000000000, R10=0x0000020284d6aa40, R11=0x000000000000001a
R12=0x0000000000000001, R13=0x0000000000000001, R14=0x000002028451a348, R15=0x0000020282122528
RIP=0x00007fff7cc2c59e, EFLAGS=0x0000000000010206

Top of Stack: (sp=0x0000002a882fbd50)
0x0000002a882fbd50:   0000020283a72878 ffffffffffffffff
0x0000002a882fbd60:   00000202ffa46320 0000000000000000
0x0000002a882fbd70:   0000000000000000 00007fff7cd5b158
0x0000002a882fbd80:   0000020284d75590 0000002a882fbf10
0x0000002a882fbd90:   0000020284d6a9b0 ffffffffffffffff
0x0000002a882fbda0:   000005d700000004 0000000000000001
0x0000002a882fbdb0:   00000202825b67d0 00007fff7d1db736
0x0000002a882fbdc0:   0000000000000000 0000000000000000
0x0000002a882fbdd0:   0000000000002baa 00000202818c2020
0x0000002a882fbde0:   0000000000000000 00000202818c2030
0x0000002a882fbdf0:   00000000000003d8 0000002a882fbf20
0x0000002a882fbe00:   0000000000002baa 00000000ffffff01
0x0000002a882fbe10:   0000002a882fc320 00007fff7cee18b4
0x0000002a882fbe20:   0000002a882fbf10 0000002a882fbf00
0x0000002a882fbe30:   00000000ffffff01 00000000ffffffff
0x0000002a882fbe40:   000002021fffff01 0000000000001e63 

Instructions: (pc=0x00007fff7cc2c59e)
0x00007fff7cc2c49e:   c3 cc 48 83 3d b8 cc 92 00 02 7e 0e 48 8b 05 7f
0x00007fff7cc2c4ae:   5b 98 00 48 c1 e8 21 24 01 c3 32 c0 c3 cc cc cc
0x00007fff7cc2c4be:   cc cc b8 13 00 00 00 c3 cc cc cc cc cc cc cc cc
0x00007fff7cc2c4ce:   cc cc b8 1a 00 00 00 c3 cc cc cc cc cc cc cc cc
0x00007fff7cc2c4de:   cc cc b8 3a 00 00 00 c3 cc cc cc cc cc cc cc cc
0x00007fff7cc2c4ee:   cc cc b8 3b 00 00 00 c3 cc cc cc cc cc cc cc cc
0x00007fff7cc2c4fe:   cc cc b8 41 00 00 00 c3 cc cc cc cc cc cc cc cc
0x00007fff7cc2c50e:   cc cc b8 43 00 00 00 c3 cc cc cc cc cc cc cc cc
0x00007fff7cc2c51e:   cc cc b8 72 00 00 00 c3 cc cc cc cc cc cc cc cc
0x00007fff7cc2c52e:   cc cc b8 79 00 00 00 c3 cc cc cc cc cc cc cc cc
0x00007fff7cc2c53e:   cc cc b8 7c 00 00 00 c3 cc cc cc cc cc cc cc cc
0x00007fff7cc2c54e:   cc cc b8 d2 00 00 00 c3 cc cc cc cc cc cc cc cc
0x00007fff7cc2c55e:   cc cc b8 f0 00 00 00 c3 cc cc cc cc cc cc cc cc
0x00007fff7cc2c56e:   cc cc b8 ff 00 00 00 c3 cc cc cc cc cc cc cc cc
0x00007fff7cc2c57e:   cc cc b8 19 01 00 00 c3 cc cc cc cc cc cc cc cc
0x00007fff7cc2c58e:   cc cc 48 83 ec 28 48 8b 41 40 48 8b 08 48 8b 01
0x00007fff7cc2c59e:   ff 90 d8 00 00 00 48 3b 05 fd 3f 9c 00 75 0a b8
0x00007fff7cc2c5ae:   0d 00 00 00 48 83 c4 28 c3 48 63 40 10 48 8d 0d
0x00007fff7cc2c5be:   b2 72 94 00 48 c1 e0 05 8b 04 08 48 83 c4 28 c3
0x00007fff7cc2c5ce:   cc cc 48 89 5c 24 10 48 89 4c 24 08 55 56 57 41
0x00007fff7cc2c5de:   54 41 55 41 56 41 57 48 8d 6c 24 f0 48 81 ec 10
0x00007fff7cc2c5ee:   01 00 00 4d 8b 50 18 4d 8b f8 48 8b 41 08 48 8b
0x00007fff7cc2c5fe:   f2 48 8b 15 da ed 95 00 41 be 03 00 00 00 44 8b
0x00007fff7cc2c60e:   05 85 a1 80 00 4c 8b 48 08 41 8b 41 28 4c 8d 0d
0x00007fff7cc2c61e:   de 39 f9 ff 49 0f bf 5c 82 02 45 0f bf 24 82 8b
0x00007fff7cc2c62e:   41 28 45 0f bf 2c 82 49 0f bf 7c 82 02 83 fb ff
0x00007fff7cc2c63e:   75 04 33 c0 eb 17 3b da 7c 06 44 89 75 60 eb 10
0x00007fff7cc2c64e:   45 39 84 d9 40 f4 98 00 1b c0 83 c0 02 89 45 60
0x00007fff7cc2c65e:   83 ff ff 75 05 45 33 f6 eb 13 3b fa 7d 0f 45 39
0x00007fff7cc2c66e:   84 f9 40 f4 98 00 45 1b f6 41 83 c6 02 3b df 75
0x00007fff7cc2c67e:   09 45 3b e5 0f 84 1c 15 00 00 48 8b 01 ff 50 28
0x00007fff7cc2c68e:   8b 48 10 83 e9 0a 83 f9 04 0f 87 18 01 00 00 48 


Stack slot to memory mapping:
stack at sp + 0 slots: 0x0000020283a72878 points into unknown readable memory: 0x00007fff7d4413f8 | f8 13 44 7d ff 7f 00 00
stack at sp + 1 slots: 0xffffffffffffffff is an unknown value
stack at sp + 2 slots: 0x00000202ffa46320 points into unknown readable memory: 0x0000002a882feb58 | 58 eb 2f 88 2a 00 00 00
stack at sp + 3 slots: 0x0 is NULL
stack at sp + 4 slots: 0x0 is NULL
stack at sp + 5 slots: 0x00007fff7cd5b158 jvm.dll
stack at sp + 6 slots: 0x0000020284d75590 points into unknown readable memory: 0x0000000000000000 | 00 00 00 00 00 00 00 00
stack at sp + 7 slots: 0x0000002a882fbf10 is pointing into the stack for thread: 0x00000202fef90800


---------------  P R O C E S S  ---------------

Threads class SMR info:
_java_thread_list=0x0000020283a7b080, length=26, elements={
0x00000202e668c800, 0x00000202fef68800, 0x00000202fef6a000, 0x00000202fef87800,
0x00000202fef8b800, 0x00000202fef8d000, 0x00000202fef90800, 0x00000202fef98800,
0x00000202fefa6000, 0x00000202ffa44800, 0x00000202806e7000, 0x00000202ffc87800,
0x0000020280e03800, 0x0000020280b4a000, 0x0000020280b4b000, 0x0000020280e96800,
0x0000020280e97000, 0x00000202812cf800, 0x0000020280e9a000, 0x000002028171d000,
0x000002028171f800, 0x000002028171e800, 0x000002028171c800, 0x0000020281b9c800,
0x000002028171e000, 0x0000020281720800
}

Java Threads: ( => current thread )
  0x00000202e668c800 JavaThread "main" [_thread_blocked, id=10136, stack(0x0000002a87600000,0x0000002a87700000)]
  0x00000202fef68800 JavaThread "Reference Handler" daemon [_thread_blocked, id=7120, stack(0x0000002a87d00000,0x0000002a87e00000)]
  0x00000202fef6a000 JavaThread "Finalizer" daemon [_thread_blocked, id=480, stack(0x0000002a87e00000,0x0000002a87f00000)]
  0x00000202fef87800 JavaThread "Signal Dispatcher" daemon [_thread_blocked, id=10192, stack(0x0000002a87f00000,0x0000002a88000000)]
  0x00000202fef8b800 JavaThread "Attach Listener" daemon [_thread_blocked, id=7080, stack(0x0000002a88000000,0x0000002a88100000)]
  0x00000202fef8d000 JavaThread "Service Thread" daemon [_thread_blocked, id=4064, stack(0x0000002a88100000,0x0000002a88200000)]
=>0x00000202fef90800 JavaThread "C2 CompilerThread0" daemon [_thread_in_native, id=4352, stack(0x0000002a88200000,0x0000002a88300000)]
  0x00000202fef98800 JavaThread "C1 CompilerThread0" daemon [_thread_blocked, id=2460, stack(0x0000002a88300000,0x0000002a88400000)]
  0x00000202fefa6000 JavaThread "Sweeper thread" daemon [_thread_blocked, id=9952, stack(0x0000002a88400000,0x0000002a88500000)]
  0x00000202ffa44800 JavaThread "Common-Cleaner" daemon [_thread_blocked, id=7344, stack(0x0000002a88500000,0x0000002a88600000)]
  0x00000202806e7000 JavaThread "Daemon health stats" [_thread_blocked, id=6120, stack(0x0000002a88a00000,0x0000002a88b00000)]
  0x00000202ffc87800 JavaThread "Incoming local TCP Connector on port 50316" [_thread_in_native, id=7908, stack(0x0000002a88c00000,0x0000002a88d00000)]
  0x0000020280e03800 JavaThread "Daemon periodic checks" [_thread_blocked, id=2204, stack(0x0000002a88d00000,0x0000002a88e00000)]
  0x0000020280b4a000 JavaThread "Daemon" [_thread_blocked, id=8196, stack(0x0000002a88e00000,0x0000002a88f00000)]
  0x0000020280b4b000 JavaThread "Handler for socket connection from /127.0.0.1:50316 to /127.0.0.1:50317" [_thread_in_native, id=5744, stack(0x0000002a88f00000,0x0000002a89000000)]
  0x0000020280e96800 JavaThread "Cancel handler" [_thread_blocked, id=8684, stack(0x0000002a89000000,0x0000002a89100000)]
  0x0000020280e97000 JavaThread "Daemon worker" [_thread_in_vm, id=3076, stack(0x0000002a89100000,0x0000002a89200000)]
  0x00000202812cf800 JavaThread "Asynchronous log dispatcher for DefaultDaemonConnection: socket connection from /127.0.0.1:50316 to /127.0.0.1:50317" [_thread_blocked, id=6592, stack(0x0000002a89200000,0x0000002a89300000)]
  0x0000020280e9a000 JavaThread "Stdin handler" [_thread_blocked, id=8928, stack(0x0000002a89300000,0x0000002a89400000)]
  0x000002028171d000 JavaThread "Thread-8" [_thread_blocked, id=7616, stack(0x0000002a89400000,0x0000002a89500000)]
  0x000002028171f800 JavaThread "Cache worker for journal cache (C:\Users\bhaib\.gradle\caches\journal-1)" [_thread_blocked, id=2632, stack(0x0000002a89500000,0x0000002a89600000)]
  0x000002028171e800 JavaThread "File lock request listener" [_thread_in_native, id=9956, stack(0x0000002a89600000,0x0000002a89700000)]
  0x000002028171c800 JavaThread "Cache worker for file hash cache (C:\Users\bhaib\.gradle\caches\6.5\fileHashes)" [_thread_blocked, id=5968, stack(0x0000002a89800000,0x0000002a89900000)]
  0x0000020281b9c800 JavaThread "C2 CompilerThread1" daemon [_thread_in_native, id=9208, stack(0x0000002a89900000,0x0000002a89a00000)]
  0x000002028171e000 JavaThread "Cache worker for file hash cache (D:\Anish\SBCB Driver April 12\android\.gradle\6.5\fileHashes)" [_thread_blocked, id=9740, stack(0x0000002a89a00000,0x0000002a89b00000)]
  0x0000020281720800 JavaThread "Cache worker for checksums cache (D:\Anish\SBCB Driver April 12\android\.gradle\checksums)" [_thread_blocked, id=7276, stack(0x0000002a89b00000,0x0000002a89c00000)]

Other Threads:
  0x00000202fef44000 VMThread "VM Thread" [stack: 0x0000002a87c00000,0x0000002a87d00000] [id=7620]
  0x00000202ffa51800 WatcherThread [stack: 0x0000002a88600000,0x0000002a88700000] [id=9808]
  0x00000202e66a6000 GCTaskThread "GC Thread#0" [stack: 0x0000002a87700000,0x0000002a87800000] [id=10332]
  0x000002028007d800 GCTaskThread "GC Thread#1" [stack: 0x0000002a88800000,0x0000002a88900000] [id=9596]
  0x000002028016e800 GCTaskThread "GC Thread#2" [stack: 0x0000002a88900000,0x0000002a88a00000] [id=10768]
  0x0000020281650000 GCTaskThread "GC Thread#3" [stack: 0x0000002a89700000,0x0000002a89800000] [id=6556]
  0x00000202e66cb800 ConcurrentGCThread "G1 Main Marker" [stack: 0x0000002a87800000,0x0000002a87900000] [id=9500]
  0x00000202e66ce000 ConcurrentGCThread "G1 Conc#0" [stack: 0x0000002a87900000,0x0000002a87a00000] [id=7892]
  0x00000202e675b000 ConcurrentGCThread "G1 Refine#0" [stack: 0x0000002a87a00000,0x0000002a87b00000] [id=6804]
  0x00000202e675c000 ConcurrentGCThread "G1 Young RemSet Sampling" [stack: 0x0000002a87b00000,0x0000002a87c00000] [id=1304]

Threads with active compile tasks:
C2 CompilerThread0   3462 2078       4       java.net.URLClassLoader$1::run (5 bytes)
C2 CompilerThread1   3462 2079   !   4       java.net.URLClassLoader$1::run (63 bytes)

VM state:not at safepoint (normal execution)

VM Mutex/Monitor currently owned by a thread: None

Heap address: 0x00000000a0000000, size: 1536 MB, Compressed Oops mode: 32-bit
Narrow klass base: 0x0000000000000000, Narrow klass shift: 3
Compressed class space size: 1073741824 Address: 0x0000000100000000

Heap:
 garbage-first heap   total 131072K, used 65395K [0x00000000a0000000, 0x0000000100000000)
  region size 1024K, 54 young (55296K), 4 survivors (4096K)
 Metaspace       used 26343K, capacity 26926K, committed 27184K, reserved 1073152K
  class space    used 3365K, capacity 3587K, committed 3712K, reserved 1048576K
Heap Regions: E=young(eden), S=young(survivor), O=old, HS=humongous(starts), HC=humongous(continues), CS=collection set, F=free, A=archive, TAMS=top-at-mark-start (previous, next)
|   0|0x00000000a0000000, 0x00000000a0100000, 0x00000000a0100000|100%| O|  |TAMS 0x00000000a0100000, 0x00000000a0000000| Untracked 
|   1|0x00000000a0100000, 0x00000000a0200000, 0x00000000a0200000|100%| O|  |TAMS 0x00000000a0200000, 0x00000000a0100000| Untracked 
|   2|0x00000000a0200000, 0x00000000a0300000, 0x00000000a0300000|100%| O|  |TAMS 0x00000000a0300000, 0x00000000a0200000| Untracked 
|   3|0x00000000a0300000, 0x00000000a0400000, 0x00000000a0400000|100%|HS|  |TAMS 0x00000000a0400000, 0x00000000a0300000| Complete 
|   4|0x00000000a0400000, 0x00000000a0500000, 0x00000000a0500000|100%|HC|  |TAMS 0x00000000a0500000, 0x00000000a0400000| Complete 
|   5|0x00000000a0500000, 0x00000000a0600000, 0x00000000a0600000|100%|HC|  |TAMS 0x00000000a0600000, 0x00000000a0500000| Complete 
|   6|0x00000000a0600000, 0x00000000a0700000, 0x00000000a0700000|100%| O|  |TAMS 0x00000000a0700000, 0x00000000a0600000| Untracked 
|   7|0x00000000a0700000, 0x00000000a0800000, 0x00000000a0800000|100%| O|  |TAMS 0x00000000a0800000, 0x00000000a0700000| Untracked 
|   8|0x00000000a0800000, 0x00000000a0900000, 0x00000000a0900000|100%| O|  |TAMS 0x00000000a0900000, 0x00000000a0800000| Untracked 
|   9|0x00000000a0900000, 0x00000000a0a00000, 0x00000000a0a00000|100%| O|  |TAMS 0x00000000a0a00000, 0x00000000a0900000| Untracked 
|  10|0x00000000a0a00000, 0x00000000a0b00000, 0x00000000a0b00000|100%| O|  |TAMS 0x00000000a0b00000, 0x00000000a0a00000| Untracked 
|  11|0x00000000a0b00000, 0x00000000a0c00000, 0x00000000a0c00000|100%| O|  |TAMS 0x00000000a0c00000, 0x00000000a0b00000| Untracked 
|  12|0x00000000a0c00000, 0x00000000a0cc0400, 0x00000000a0d00000| 75%| O|  |TAMS 0x00000000a0cc0400, 0x00000000a0c00000| Untracked 
|  13|0x00000000a0d00000, 0x00000000a0d00000, 0x00000000a0e00000|  0%| F|  |TAMS 0x00000000a0d00000, 0x00000000a0d00000| Untracked 
|  14|0x00000000a0e00000, 0x00000000a0e00000, 0x00000000a0f00000|  0%| F|  |TAMS 0x00000000a0e00000, 0x00000000a0e00000| Untracked 
|  15|0x00000000a0f00000, 0x00000000a0f00000, 0x00000000a1000000|  0%| F|  |TAMS 0x00000000a0f00000, 0x00000000a0f00000| Untracked 
|  16|0x00000000a1000000, 0x00000000a1000000, 0x00000000a1100000|  0%| F|  |TAMS 0x00000000a1000000, 0x00000000a1000000| Untracked 
|  17|0x00000000a1100000, 0x00000000a1100000, 0x00000000a1200000|  0%| F|  |TAMS 0x00000000a1100000, 0x00000000a1100000| Untracked 
|  18|0x00000000a1200000, 0x00000000a1200000, 0x00000000a1300000|  0%| F|  |TAMS 0x00000000a1200000, 0x00000000a1200000| Untracked 
|  19|0x00000000a1300000, 0x00000000a1300000, 0x00000000a1400000|  0%| F|  |TAMS 0x00000000a1300000, 0x00000000a1300000| Untracked 
|  20|0x00000000a1400000, 0x00000000a1400000, 0x00000000a1500000|  0%| F|  |TAMS 0x00000000a1400000, 0x00000000a1400000| Untracked 
|  21|0x00000000a1500000, 0x00000000a1500000, 0x00000000a1600000|  0%| F|  |TAMS 0x00000000a1500000, 0x00000000a1500000| Untracked 
|  22|0x00000000a1600000, 0x00000000a1600000, 0x00000000a1700000|  0%| F|  |TAMS 0x00000000a1600000, 0x00000000a1600000| Untracked 
|  23|0x00000000a1700000, 0x00000000a1700000, 0x00000000a1800000|  0%| F|  |TAMS 0x00000000a1700000, 0x00000000a1700000| Untracked 
|  24|0x00000000a1800000, 0x00000000a1800000, 0x00000000a1900000|  0%| F|  |TAMS 0x00000000a1800000, 0x00000000a1800000| Untracked 
|  25|0x00000000a1900000, 0x00000000a1900000, 0x00000000a1a00000|  0%| F|  |TAMS 0x00000000a1900000, 0x00000000a1900000| Untracked 
|  26|0x00000000a1a00000, 0x00000000a1a00000, 0x00000000a1b00000|  0%| F|  |TAMS 0x00000000a1a00000, 0x00000000a1a00000| Untracked 
|  27|0x00000000a1b00000, 0x00000000a1b00000, 0x00000000a1c00000|  0%| F|  |TAMS 0x00000000a1b00000, 0x00000000a1b00000| Untracked 
|  28|0x00000000a1c00000, 0x00000000a1c00000, 0x00000000a1d00000|  0%| F|  |TAMS 0x00000000a1c00000, 0x00000000a1c00000| Untracked 
|  29|0x00000000a1d00000, 0x00000000a1d00000, 0x00000000a1e00000|  0%| F|  |TAMS 0x00000000a1d00000, 0x00000000a1d00000| Untracked 
|  30|0x00000000a1e00000, 0x00000000a1e00000, 0x00000000a1f00000|  0%| F|  |TAMS 0x00000000a1e00000, 0x00000000a1e00000| Untracked 
|  31|0x00000000a1f00000, 0x00000000a1f00000, 0x00000000a2000000|  0%| F|  |TAMS 0x00000000a1f00000, 0x00000000a1f00000| Untracked 
|  32|0x00000000a2000000, 0x00000000a2000000, 0x00000000a2100000|  0%| F|  |TAMS 0x00000000a2000000, 0x00000000a2000000| Untracked 
|  33|0x00000000a2100000, 0x00000000a2100000, 0x00000000a2200000|  0%| F|  |TAMS 0x00000000a2100000, 0x00000000a2100000| Untracked 
|  34|0x00000000a2200000, 0x00000000a2200000, 0x00000000a2300000|  0%| F|  |TAMS 0x00000000a2200000, 0x00000000a2200000| Untracked 
|  35|0x00000000a2300000, 0x00000000a2300000, 0x00000000a2400000|  0%| F|  |TAMS 0x00000000a2300000, 0x00000000a2300000| Untracked 
|  36|0x00000000a2400000, 0x00000000a2400000, 0x00000000a2500000|  0%| F|  |TAMS 0x00000000a2400000, 0x00000000a2400000| Untracked 
|  37|0x00000000a2500000, 0x00000000a2500000, 0x00000000a2600000|  0%| F|  |TAMS 0x00000000a2500000, 0x00000000a2500000| Untracked 
|  38|0x00000000a2600000, 0x00000000a2600000, 0x00000000a2700000|  0%| F|  |TAMS 0x00000000a2600000, 0x00000000a2600000| Untracked 
|  39|0x00000000a2700000, 0x00000000a2700000, 0x00000000a2800000|  0%| F|  |TAMS 0x00000000a2700000, 0x00000000a2700000| Untracked 
|  40|0x00000000a2800000, 0x00000000a2800000, 0x00000000a2900000|  0%| F|  |TAMS 0x00000000a2800000, 0x00000000a2800000| Untracked 
|  41|0x00000000a2900000, 0x00000000a2900000, 0x00000000a2a00000|  0%| F|  |TAMS 0x00000000a2900000, 0x00000000a2900000| Untracked 
|  42|0x00000000a2a00000, 0x00000000a2a00000, 0x00000000a2b00000|  0%| F|  |TAMS 0x00000000a2a00000, 0x00000000a2a00000| Untracked 
|  43|0x00000000a2b00000, 0x00000000a2b00000, 0x00000000a2c00000|  0%| F|  |TAMS 0x00000000a2b00000, 0x00000000a2b00000| Untracked 
|  44|0x00000000a2c00000, 0x00000000a2c00000, 0x00000000a2d00000|  0%| F|  |TAMS 0x00000000a2c00000, 0x00000000a2c00000| Untracked 
|  45|0x00000000a2d00000, 0x00000000a2d00000, 0x00000000a2e00000|  0%| F|  |TAMS 0x00000000a2d00000, 0x00000000a2d00000| Untracked 
|  46|0x00000000a2e00000, 0x00000000a2e00000, 0x00000000a2f00000|  0%| F|  |TAMS 0x00000000a2e00000, 0x00000000a2e00000| Untracked 
|  47|0x00000000a2f00000, 0x00000000a2f00000, 0x00000000a3000000|  0%| F|  |TAMS 0x00000000a2f00000, 0x00000000a2f00000| Untracked 
|  48|0x00000000a3000000, 0x00000000a3000000, 0x00000000a3100000|  0%| F|  |TAMS 0x00000000a3000000, 0x00000000a3000000| Untracked 
|  49|0x00000000a3100000, 0x00000000a3100000, 0x00000000a3200000|  0%| F|  |TAMS 0x00000000a3100000, 0x00000000a3100000| Untracked 
|  50|0x00000000a3200000, 0x00000000a3200000, 0x00000000a3300000|  0%| F|  |TAMS 0x00000000a3200000, 0x00000000a3200000| Untracked 
|  51|0x00000000a3300000, 0x00000000a3300000, 0x00000000a3400000|  0%| F|  |TAMS 0x00000000a3300000, 0x00000000a3300000| Untracked 
|  52|0x00000000a3400000, 0x00000000a3400000, 0x00000000a3500000|  0%| F|  |TAMS 0x00000000a3400000, 0x00000000a3400000| Untracked 
|  53|0x00000000a3500000, 0x00000000a3500000, 0x00000000a3600000|  0%| F|  |TAMS 0x00000000a3500000, 0x00000000a3500000| Untracked 
|  54|0x00000000a3600000, 0x00000000a3600000, 0x00000000a3700000|  0%| F|  |TAMS 0x00000000a3600000, 0x00000000a3600000| Untracked 
|  55|0x00000000a3700000, 0x00000000a3700000, 0x00000000a3800000|  0%| F|  |TAMS 0x00000000a3700000, 0x00000000a3700000| Untracked 
|  56|0x00000000a3800000, 0x00000000a3800000, 0x00000000a3900000|  0%| F|  |TAMS 0x00000000a3800000, 0x00000000a3800000| Untracked 
|  57|0x00000000a3900000, 0x00000000a3900000, 0x00000000a3a00000|  0%| F|  |TAMS 0x00000000a3900000, 0x00000000a3900000| Untracked 
|  58|0x00000000a3a00000, 0x00000000a3a00000, 0x00000000a3b00000|  0%| F|  |TAMS 0x00000000a3a00000, 0x00000000a3a00000| Untracked 
|  59|0x00000000a3b00000, 0x00000000a3b00000, 0x00000000a3c00000|  0%| F|  |TAMS 0x00000000a3b00000, 0x00000000a3b00000| Untracked 
|  60|0x00000000a3c00000, 0x00000000a3c00000, 0x00000000a3d00000|  0%| F|  |TAMS 0x00000000a3c00000, 0x00000000a3c00000| Untracked 
|  61|0x00000000a3d00000, 0x00000000a3d00000, 0x00000000a3e00000|  0%| F|  |TAMS 0x00000000a3d00000, 0x00000000a3d00000| Untracked 
|  62|0x00000000a3e00000, 0x00000000a3e00000, 0x00000000a3f00000|  0%| F|  |TAMS 0x00000000a3e00000, 0x00000000a3e00000| Untracked 
|  63|0x00000000a3f00000, 0x00000000a3f00000, 0x00000000a4000000|  0%| F|  |TAMS 0x00000000a3f00000, 0x00000000a3f00000| Untracked 
|  64|0x00000000a4000000, 0x00000000a4000000, 0x00000000a4100000|  0%| F|  |TAMS 0x00000000a4000000, 0x00000000a4000000| Untracked 
|  65|0x00000000a4100000, 0x00000000a4100000, 0x00000000a4200000|  0%| F|  |TAMS 0x00000000a4100000, 0x00000000a4100000| Untracked 
|  66|0x00000000a4200000, 0x00000000a4200000, 0x00000000a4300000|  0%| F|  |TAMS 0x00000000a4200000, 0x00000000a4200000| Untracked 
|  67|0x00000000a4300000, 0x00000000a4300000, 0x00000000a4400000|  0%| F|  |TAMS 0x00000000a4300000, 0x00000000a4300000| Untracked 
|  68|0x00000000a4400000, 0x00000000a4400000, 0x00000000a4500000|  0%| F|  |TAMS 0x00000000a4400000, 0x00000000a4400000| Untracked 
|  69|0x00000000a4500000, 0x00000000a4500000, 0x00000000a4600000|  0%| F|  |TAMS 0x00000000a4500000, 0x00000000a4500000| Untracked 
|  70|0x00000000a4600000, 0x00000000a4600000, 0x00000000a4700000|  0%| F|  |TAMS 0x00000000a4600000, 0x00000000a4600000| Untracked 
|  71|0x00000000a4700000, 0x00000000a4700000, 0x00000000a4800000|  0%| F|  |TAMS 0x00000000a4700000, 0x00000000a4700000| Untracked 
|  72|0x00000000a4800000, 0x00000000a4800000, 0x00000000a4900000|  0%| F|  |TAMS 0x00000000a4800000, 0x00000000a4800000| Untracked 
|  73|0x00000000a4900000, 0x00000000a4900000, 0x00000000a4a00000|  0%| F|  |TAMS 0x00000000a4900000, 0x00000000a4900000| Untracked 
|  74|0x00000000a4a00000, 0x00000000a4ab5550, 0x00000000a4b00000| 70%| E|  |TAMS 0x00000000a4a00000, 0x00000000a4a00000| Complete 
|  75|0x00000000a4b00000, 0x00000000a4c00000, 0x00000000a4c00000|100%| E|CS|TAMS 0x00000000a4b00000, 0x00000000a4b00000| Complete 
|  76|0x00000000a4c00000, 0x00000000a4d00000, 0x00000000a4d00000|100%| E|CS|TAMS 0x00000000a4c00000, 0x00000000a4c00000| Complete 
|  77|0x00000000a4d00000, 0x00000000a4e00000, 0x00000000a4e00000|100%| E|CS|TAMS 0x00000000a4d00000, 0x00000000a4d00000| Complete 
|  78|0x00000000a4e00000, 0x00000000a4f00000, 0x00000000a4f00000|100%| E|CS|TAMS 0x00000000a4e00000, 0x00000000a4e00000| Complete 
|  79|0x00000000a4f00000, 0x00000000a5000000, 0x00000000a5000000|100%| E|CS|TAMS 0x00000000a4f00000, 0x00000000a4f00000| Complete 
|  80|0x00000000a5000000, 0x00000000a5100000, 0x00000000a5100000|100%| E|CS|TAMS 0x00000000a5000000, 0x00000000a5000000| Complete 
|  81|0x00000000a5100000, 0x00000000a5200000, 0x00000000a5200000|100%| E|CS|TAMS 0x00000000a5100000, 0x00000000a5100000| Complete 
|  82|0x00000000a5200000, 0x00000000a5300000, 0x00000000a5300000|100%| E|CS|TAMS 0x00000000a5200000, 0x00000000a5200000| Complete 
|  83|0x00000000a5300000, 0x00000000a5400000, 0x00000000a5400000|100%| E|CS|TAMS 0x00000000a5300000, 0x00000000a5300000| Complete 
|  84|0x00000000a5400000, 0x00000000a5500000, 0x00000000a5500000|100%| E|CS|TAMS 0x00000000a5400000, 0x00000000a5400000| Complete 
|  85|0x00000000a5500000, 0x00000000a5600000, 0x00000000a5600000|100%| E|CS|TAMS 0x00000000a5500000, 0x00000000a5500000| Complete 
|  86|0x00000000a5600000, 0x00000000a5700000, 0x00000000a5700000|100%| E|CS|TAMS 0x00000000a5600000, 0x00000000a5600000| Complete 
|  87|0x00000000a5700000, 0x00000000a5800000, 0x00000000a5800000|100%| E|CS|TAMS 0x00000000a5700000, 0x00000000a5700000| Complete 
|  88|0x00000000a5800000, 0x00000000a5900000, 0x00000000a5900000|100%| E|CS|TAMS 0x00000000a5800000, 0x00000000a5800000| Complete 
|  89|0x00000000a5900000, 0x00000000a5a00000, 0x00000000a5a00000|100%| E|CS|TAMS 0x00000000a5900000, 0x00000000a5900000| Complete 
|  90|0x00000000a5a00000, 0x00000000a5b00000, 0x00000000a5b00000|100%| E|CS|TAMS 0x00000000a5a00000, 0x00000000a5a00000| Complete 
|  91|0x00000000a5b00000, 0x00000000a5c00000, 0x00000000a5c00000|100%| E|CS|TAMS 0x00000000a5b00000, 0x00000000a5b00000| Complete 
|  92|0x00000000a5c00000, 0x00000000a5d00000, 0x00000000a5d00000|100%| E|CS|TAMS 0x00000000a5c00000, 0x00000000a5c00000| Complete 
|  93|0x00000000a5d00000, 0x00000000a5e00000, 0x00000000a5e00000|100%| E|CS|TAMS 0x00000000a5d00000, 0x00000000a5d00000| Complete 
|  94|0x00000000a5e00000, 0x00000000a5f00000, 0x00000000a5f00000|100%| E|CS|TAMS 0x00000000a5e00000, 0x00000000a5e00000| Complete 
|  95|0x00000000a5f00000, 0x00000000a6000000, 0x00000000a6000000|100%| E|CS|TAMS 0x00000000a5f00000, 0x00000000a5f00000| Complete 
|  96|0x00000000a6000000, 0x00000000a6100000, 0x00000000a6100000|100%| E|CS|TAMS 0x00000000a6000000, 0x00000000a6000000| Complete 
|  97|0x00000000a6100000, 0x00000000a6200000, 0x00000000a6200000|100%| E|CS|TAMS 0x00000000a6100000, 0x00000000a6100000| Complete 
|  98|0x00000000a6200000, 0x00000000a6300000, 0x00000000a6300000|100%| E|CS|TAMS 0x00000000a6200000, 0x00000000a6200000| Complete 
|  99|0x00000000a6300000, 0x00000000a6400000, 0x00000000a6400000|100%| E|CS|TAMS 0x00000000a6300000, 0x00000000a6300000| Complete 
| 100|0x00000000a6400000, 0x00000000a6500000, 0x00000000a6500000|100%| E|  |TAMS 0x00000000a6400000, 0x00000000a6400000| Complete 
| 101|0x00000000a6500000, 0x00000000a6600000, 0x00000000a6600000|100%| E|CS|TAMS 0x00000000a6500000, 0x00000000a6500000| Complete 
| 102|0x00000000a6600000, 0x00000000a6700000, 0x00000000a6700000|100%| E|CS|TAMS 0x00000000a6600000, 0x00000000a6600000| Complete 
| 103|0x00000000a6700000, 0x00000000a6800000, 0x00000000a6800000|100%| E|CS|TAMS 0x00000000a6700000, 0x00000000a6700000| Complete 
| 104|0x00000000a6800000, 0x00000000a6900000, 0x00000000a6900000|100%| E|CS|TAMS 0x00000000a6800000, 0x00000000a6800000| Complete 
| 105|0x00000000a6900000, 0x00000000a6a00000, 0x00000000a6a00000|100%| E|CS|TAMS 0x00000000a6900000, 0x00000000a6900000| Complete 
| 106|0x00000000a6a00000, 0x00000000a6b00000, 0x00000000a6b00000|100%| E|CS|TAMS 0x00000000a6a00000, 0x00000000a6a00000| Complete 
| 107|0x00000000a6b00000, 0x00000000a6c00000, 0x00000000a6c00000|100%| E|CS|TAMS 0x00000000a6b00000, 0x00000000a6b00000| Complete 
| 108|0x00000000a6c00000, 0x00000000a6d00000, 0x00000000a6d00000|100%| E|CS|TAMS 0x00000000a6c00000, 0x00000000a6c00000| Complete 
| 109|0x00000000a6d00000, 0x00000000a6e00000, 0x00000000a6e00000|100%| E|CS|TAMS 0x00000000a6d00000, 0x00000000a6d00000| Complete 
| 110|0x00000000a6e00000, 0x00000000a6f00000, 0x00000000a6f00000|100%| E|CS|TAMS 0x00000000a6e00000, 0x00000000a6e00000| Complete 
| 111|0x00000000a6f00000, 0x00000000a7000000, 0x00000000a7000000|100%| E|CS|TAMS 0x00000000a6f00000, 0x00000000a6f00000| Complete 
| 112|0x00000000a7000000, 0x00000000a7100000, 0x00000000a7100000|100%| E|CS|TAMS 0x00000000a7000000, 0x00000000a7000000| Complete 
| 113|0x00000000a7100000, 0x00000000a7200000, 0x00000000a7200000|100%| E|CS|TAMS 0x00000000a7100000, 0x00000000a7100000| Complete 
| 114|0x00000000a7200000, 0x00000000a7300000, 0x00000000a7300000|100%| E|CS|TAMS 0x00000000a7200000, 0x00000000a7200000| Complete 
| 115|0x00000000a7300000, 0x00000000a7400000, 0x00000000a7400000|100%| E|CS|TAMS 0x00000000a7300000, 0x00000000a7300000| Complete 
| 116|0x00000000a7400000, 0x00000000a7500000, 0x00000000a7500000|100%| E|CS|TAMS 0x00000000a7400000, 0x00000000a7400000| Complete 
| 117|0x00000000a7500000, 0x00000000a751cb00, 0x00000000a7600000| 11%| S|CS|TAMS 0x00000000a7500000, 0x00000000a7500000| Complete 
| 118|0x00000000a7600000, 0x00000000a7700000, 0x00000000a7700000|100%| S|CS|TAMS 0x00000000a7600000, 0x00000000a7600000| Complete 
| 119|0x00000000a7700000, 0x00000000a7800000, 0x00000000a7800000|100%| S|CS|TAMS 0x00000000a7700000, 0x00000000a7700000| Complete 
| 120|0x00000000a7800000, 0x00000000a7900000, 0x00000000a7900000|100%| S|CS|TAMS 0x00000000a7800000, 0x00000000a7800000| Complete 
| 121|0x00000000a7900000, 0x00000000a7a00000, 0x00000000a7a00000|100%| E|CS|TAMS 0x00000000a7900000, 0x00000000a7900000| Complete 
| 122|0x00000000a7a00000, 0x00000000a7b00000, 0x00000000a7b00000|100%| E|CS|TAMS 0x00000000a7a00000, 0x00000000a7a00000| Complete 
| 123|0x00000000a7b00000, 0x00000000a7c00000, 0x00000000a7c00000|100%| E|CS|TAMS 0x00000000a7b00000, 0x00000000a7b00000| Complete 
| 124|0x00000000a7c00000, 0x00000000a7d00000, 0x00000000a7d00000|100%| E|CS|TAMS 0x00000000a7c00000, 0x00000000a7c00000| Complete 
| 125|0x00000000a7d00000, 0x00000000a7e00000, 0x00000000a7e00000|100%| E|CS|TAMS 0x00000000a7d00000, 0x00000000a7d00000| Complete 
| 126|0x00000000a7e00000, 0x00000000a7f00000, 0x00000000a7f00000|100%| E|CS|TAMS 0x00000000a7e00000, 0x00000000a7e00000| Complete 
| 127|0x00000000a7f00000, 0x00000000a8000000, 0x00000000a8000000|100%| E|CS|TAMS 0x00000000a7f00000, 0x00000000a7f00000| Complete 

Card table byte_map: [0x00000202f9490000,0x00000202f9790000] _byte_map_base: 0x00000202f8f90000

Marking Bits (Prev, Next): (CMBitMap*) 0x00000202e66c4be0, (CMBitMap*) 0x00000202e66c4ba8
 Prev Bits: [0x00000202fb290000, 0x00000202fca90000)
 Next Bits: [0x00000202f9a90000, 0x00000202fb290000)

Polling page: 0x00000202e45d0000

Metaspace:

Usage:
  Non-class:     22.79 MB capacity,    22.44 MB ( 98%) used,   315.20 KB (  1%) free+waste,    45.50 KB ( <1%) overhead. 
      Class:      3.50 MB capacity,     3.29 MB ( 94%) used,   198.77 KB (  6%) free+waste,    22.56 KB ( <1%) overhead. 
       Both:     26.29 MB capacity,    25.73 MB ( 98%) used,   513.97 KB (  2%) free+waste,    68.06 KB ( <1%) overhead. 

Virtual space:
  Non-class space:       24.00 MB reserved,      22.92 MB ( 96%) committed 
      Class space:        1.00 GB reserved,       3.63 MB ( <1%) committed 
             Both:        1.02 GB reserved,      26.55 MB (  3%) committed 

Chunk freelists:
   Non-Class:  5.00 KB
       Class:  29.00 KB
        Both:  34.00 KB

MaxMetaspaceSize: 17179869184.00 GB
CompressedClassSpaceSize: 1.00 GB

CodeHeap 'non-profiled nmethods': size=120064Kb used=903Kb max_used=903Kb free=119160Kb
 bounds [0x00000202f1c50000, 0x00000202f1ec0000, 0x00000202f9190000]
CodeHeap 'profiled nmethods': size=120000Kb used=4656Kb max_used=4656Kb free=115343Kb
 bounds [0x00000202ea720000, 0x00000202eabb0000, 0x00000202f1c50000]
CodeHeap 'non-nmethods': size=5696Kb used=1145Kb max_used=1177Kb free=4550Kb
 bounds [0x00000202ea190000, 0x00000202ea400000, 0x00000202ea720000]
 total_blobs=2601 nmethods=2120 adapters=392
 compilation: enabled
              stopped_count=0, restarted_count=0
 full_count=0

Compilation events (20 events):
Event: 3.215 Thread 0x00000202fef98800 2081       3       java.net.URI::match (56 bytes)
Event: 3.215 Thread 0x00000202fef98800 nmethod 2081 0x00000202eab83490 code [0x00000202eab83640, 0x00000202eab838f8]
Event: 3.217 Thread 0x00000202fef98800 2082       3       sun.reflect.generics.parser.SignatureParser::parseTypeSignature (130 bytes)
Event: 3.217 Thread 0x00000202fef98800 nmethod 2082 0x00000202eab83990 code [0x00000202eab83b80, 0x00000202eab83fe8]
Event: 3.236 Thread 0x00000202fef98800 2084   !   3       org.gradle.internal.service.DefaultServiceRegistry$FactoryService::bind (283 bytes)
Event: 3.239 Thread 0x00000202fef98800 nmethod 2084 0x00000202eab84110 code [0x00000202eab84800, 0x00000202eab88ca8]
Event: 3.244 Thread 0x00000202fef98800 2085       3       java.lang.Thread::interrupted (8 bytes)
Event: 3.244 Thread 0x00000202fef98800 nmethod 2085 0x00000202eab8a310 code [0x00000202eab8a4c0, 0x00000202eab8a5e8]
Event: 3.250 Thread 0x00000202fef98800 2086       3       jdk.internal.misc.VM::isSystemDomainLoader (17 bytes)
Event: 3.251 Thread 0x00000202fef98800 nmethod 2086 0x00000202eab8a690 code [0x00000202eab8a8e0, 0x00000202eab8b258]
Event: 3.251 Thread 0x00000202fef98800 2087       3       java.lang.ClassLoader::getBuiltinPlatformClassLoader (4 bytes)
Event: 3.251 Thread 0x00000202fef98800 nmethod 2087 0x00000202eab8b590 code [0x00000202eab8b740, 0x00000202eab8b878]
Event: 3.296 Thread 0x00000202fef98800 2088       3       org.gradle.internal.service.DefaultServiceRegistry$FactoryMethodService::getParameterTypes (10 bytes)
Event: 3.297 Thread 0x00000202fef98800 nmethod 2088 0x00000202eab8b910 code [0x00000202eab8bac0, 0x00000202eab8bc98]
Event: 3.298 Thread 0x00000202fef98800 2089       3       org.gradle.internal.service.DefaultServiceRegistry$SingletonService::getAll (23 bytes)
Event: 3.298 Thread 0x00000202fef98800 nmethod 2089 0x00000202eab8bd90 code [0x00000202eab8bf60, 0x00000202eab8c1e8]
Event: 3.298 Thread 0x00000202fef98800 2090       3       jdk.internal.reflect.ReflectionFactory::newMethodAccessor (119 bytes)
Event: 3.300 Thread 0x00000202fef98800 nmethod 2090 0x00000202eab8c310 code [0x00000202eab8c700, 0x00000202eab8e448]
Event: 3.303 Thread 0x00000202fef98800 2091       3       org.gradle.internal.service.DefaultServiceRegistry$FactoryService::create (18 bytes)
Event: 3.303 Thread 0x00000202fef98800 nmethod 2091 0x00000202eab8ed90 code [0x00000202eab8ef60, 0x00000202eab8f178]

GC Heap History (10 events):
Event: 0.495 GC heap before
{Heap before GC invocations=0 (full 0):
 garbage-first heap   total 131072K, used 19456K [0x00000000a0000000, 0x0000000100000000)
  region size 1024K, 14 young (14336K), 0 survivors (0K)
 Metaspace       used 7580K, capacity 7737K, committed 7936K, reserved 1056768K
  class space    used 704K, capacity 749K, committed 768K, reserved 1048576K
}
Event: 0.501 GC heap after
{Heap after GC invocations=1 (full 0):
 garbage-first heap   total 131072K, used 8205K [0x00000000a0000000, 0x0000000100000000)
  region size 1024K, 2 young (2048K), 2 survivors (2048K)
 Metaspace       used 7580K, capacity 7737K, committed 7936K, reserved 1056768K
  class space    used 704K, capacity 749K, committed 768K, reserved 1048576K
}
Event: 0.961 GC heap before
{Heap before GC invocations=1 (full 0):
 garbage-first heap   total 131072K, used 19469K [0x00000000a0000000, 0x0000000100000000)
  region size 1024K, 13 young (13312K), 2 survivors (2048K)
 Metaspace       used 10505K, capacity 10765K, committed 11008K, reserved 1058816K
  class space    used 1100K, capacity 1164K, committed 1280K, reserved 1048576K
}
Event: 0.964 GC heap after
{Heap after GC invocations=2 (full 0):
 garbage-first heap   total 131072K, used 8902K [0x00000000a0000000, 0x0000000100000000)
  region size 1024K, 1 young (1024K), 1 survivors (1024K)
 Metaspace       used 10505K, capacity 10765K, committed 11008K, reserved 1058816K
  class space    used 1100K, capacity 1164K, committed 1280K, reserved 1048576K
}
Event: 1.348 GC heap before
{Heap before GC invocations=2 (full 0):
 garbage-first heap   total 131072K, used 37574K [0x00000000a0000000, 0x0000000100000000)
  region size 1024K, 30 young (30720K), 1 survivors (1024K)
 Metaspace       used 10745K, capacity 11045K, committed 11264K, reserved 1058816K
  class space    used 1122K, capacity 1236K, committed 1280K, reserved 1048576K
}
Event: 1.351 GC heap after
{Heap after GC invocations=3 (full 0):
 garbage-first heap   total 131072K, used 13096K [0x00000000a0000000, 0x0000000100000000)
  region size 1024K, 4 young (4096K), 4 survivors (4096K)
 Metaspace       used 10745K, capacity 11045K, committed 11264K, reserved 1058816K
  class space    used 1122K, capacity 1236K, committed 1280K, reserved 1048576K
}
Event: 2.495 GC heap before
{Heap before GC invocations=3 (full 0):
 garbage-first heap   total 131072K, used 55080K [0x00000000a0000000, 0x0000000100000000)
  region size 1024K, 46 young (47104K), 4 survivors (4096K)
 Metaspace       used 19139K, capacity 19477K, committed 19584K, reserved 1067008K
  class space    used 2294K, capacity 2414K, committed 2432K, reserved 1048576K
}
Event: 2.500 GC heap after
{Heap after GC invocations=4 (full 0):
 garbage-first heap   total 131072K, used 15980K [0x00000000a0000000, 0x0000000100000000)
  region size 1024K, 3 young (3072K), 3 survivors (3072K)
 Metaspace       used 19139K, capacity 19477K, committed 19584K, reserved 1067008K
  class space    used 2294K, capacity 2414K, committed 2432K, reserved 1048576K
}
Event: 2.600 GC heap before
{Heap before GC invocations=4 (full 0):
 garbage-first heap   total 131072K, used 22124K [0x00000000a0000000, 0x0000000100000000)
  region size 1024K, 10 young (10240K), 3 survivors (3072K)
 Metaspace       used 20770K, capacity 21186K, committed 21296K, reserved 1069056K
  class space    used 2458K, capacity 2626K, committed 2688K, reserved 1048576K
}
Event: 2.604 GC heap after
{Heap after GC invocations=5 (full 0):
 garbage-first heap   total 131072K, used 16243K [0x00000000a0000000, 0x0000000100000000)
  region size 1024K, 4 young (4096K), 4 survivors (4096K)
 Metaspace       used 20770K, capacity 21186K, committed 21296K, reserved 1069056K
  class space    used 2458K, capacity 2626K, committed 2688K, reserved 1048576K
}

Deoptimization events (20 events):
Event: 2.690 Thread 0x0000020280e97000 Uncommon trap: trap_request=0xffffffc6 fr.pc=0x00000202f1cf6590 relative=0x0000000000000df0
Event: 2.690 Thread 0x0000020280e97000 Uncommon trap: reason=bimorphic_or_optimized_type_check action=maybe_recompile pc=0x00000202f1cf6590 method=java.util.HashMap.putVal(ILjava/lang/Object;Ljava/lang/Object;ZZ)Ljava/lang/Object; @ 203 c2
Event: 2.690 Thread 0x0000020280e97000 DEOPT PACKING pc=0x00000202f1cf6590 sp=0x0000002a891fbee0
Event: 2.690 Thread 0x0000020280e97000 DEOPT UNPACKING pc=0x00000202ea1b65af sp=0x0000002a891fbe80 mode 2
Event: 2.854 Thread 0x0000020280e97000 Uncommon trap: trap_request=0xffffff4d fr.pc=0x00000202f1cba0fc relative=0x000000000000023c
Event: 2.854 Thread 0x0000020280e97000 Uncommon trap: reason=unstable_if action=reinterpret pc=0x00000202f1cba0fc method=java.util.concurrent.ConcurrentHashMap.get(Ljava/lang/Object;)Ljava/lang/Object; @ 76 c2
Event: 2.854 Thread 0x0000020280e97000 DEOPT PACKING pc=0x00000202f1cba0fc sp=0x0000002a891f8ec0
Event: 2.854 Thread 0x0000020280e97000 DEOPT UNPACKING pc=0x00000202ea1b65af sp=0x0000002a891f8e28 mode 2
Event: 2.990 Thread 0x0000020280e97000 Uncommon trap: trap_request=0xffffff4d fr.pc=0x00000202f1d0a354 relative=0x0000000000000194
Event: 2.990 Thread 0x0000020280e97000 Uncommon trap: reason=unstable_if action=reinterpret pc=0x00000202f1d0a354 method=java.util.HashMap.getNode(ILjava/lang/Object;)Ljava/util/HashMap$Node; @ 129 c2
Event: 2.990 Thread 0x0000020280e97000 DEOPT PACKING pc=0x00000202f1d0a354 sp=0x0000002a891fd210
Event: 2.990 Thread 0x0000020280e97000 DEOPT UNPACKING pc=0x00000202ea1b65af sp=0x0000002a891fd120 mode 2
Event: 3.215 Thread 0x0000020280e97000 Uncommon trap: trap_request=0xffffff4d fr.pc=0x00000202f1c6bf68 relative=0x0000000000000048
Event: 3.215 Thread 0x0000020280e97000 Uncommon trap: reason=unstable_if action=reinterpret pc=0x00000202f1c6bf68 method=java.net.URI.match(CJJ)Z @ 19 c2
Event: 3.215 Thread 0x0000020280e97000 DEOPT PACKING pc=0x00000202f1c6bf68 sp=0x0000002a891fba60
Event: 3.215 Thread 0x0000020280e97000 DEOPT UNPACKING pc=0x00000202ea1b65af sp=0x0000002a891fb9e8 mode 2
Event: 3.215 Thread 0x0000020280e97000 Uncommon trap: trap_request=0xffffff4d fr.pc=0x00000202f1c93ee4 relative=0x00000000000001a4
Event: 3.215 Thread 0x0000020280e97000 Uncommon trap: reason=unstable_if action=reinterpret pc=0x00000202f1c93ee4 method=java.net.URI.match(CJJ)Z @ 19 c2
Event: 3.215 Thread 0x0000020280e97000 DEOPT PACKING pc=0x00000202f1c93ee4 sp=0x0000002a891fb9c0
Event: 3.215 Thread 0x0000020280e97000 DEOPT UNPACKING pc=0x00000202ea1b65af sp=0x0000002a891fb8c0 mode 2

Classes redefined (0 events):
No events

Internal exceptions (20 events):
Event: 1.812 Thread 0x00000202e668c800 Exception <a 'java/lang/NoSuchMethodError'{0x00000000a6e44fe8}: 'java.lang.Object java.lang.invoke.DirectMethodHandle$Holder.invokeStaticInit(java.lang.Object, int, int, int, int)'> (0x00000000a6e44fe8) thrown at [./src/hotspot/share/interpreter/linkResolver.cpp, line 773]
Event: 1.912 Thread 0x00000202e668c800 Exception <a 'java/lang/NoSuchMethodError'{0x00000000a6ecdb18}: 'java.lang.Object java.lang.invoke.DirectMethodHandle$Holder.invokeStaticInit(java.lang.Object, java.lang.Object, int, int, int, int)'> (0x00000000a6ecdb18) thrown at [./src/hotspot/share/interpreter/linkResolver.cpp, line 773]
Event: 2.094 Thread 0x00000202e668c800 Exception <a 'java/io/IOException'{0x00000000a6b1eb80}> (0x00000000a6b1eb80) thrown at [./src/hotspot/share/prims/jni.cpp, line 615]
Event: 2.217 Thread 0x0000020280e97000 Exception <a 'java/lang/NoSuchMethodError'{0x00000000a67fc0f0}: 'void java.lang.invoke.DelegatingMethodHandle$Holder.reinvoke_L(java.lang.Object, java.lang.Object, java.lang.Object, java.lang.Object)'> (0x00000000a67fc0f0) thrown at [./src/hotspot/share/interpreter/linkResolver.cpp, line 773]
Event: 2.223 Thread 0x0000020280e97000 Exception <a 'java/lang/NoSuchMethodError'{0x00000000a6635560}: 'long java.lang.invoke.DirectMethodHandle$Holder.invokeInterface(java.lang.Object, java.lang.Object)'> (0x00000000a6635560) thrown at [./src/hotspot/share/interpreter/linkResolver.cpp, line 773]
Event: 2.225 Thread 0x0000020280e97000 Exception <a 'java/lang/NoSuchMethodError'{0x00000000a6654c80}: 'void java.lang.invoke.DelegatingMethodHandle$Holder.reinvoke_L(java.lang.Object, java.lang.Object, java.lang.Object, java.lang.Object, java.lang.Object, java.lang.Object, java.lang.Object)'> (0x00000000a6654c80) thrown at [./src/hotspot/share/interpreter/linkResolver.cpp, line 773]
Event: 2.281 Thread 0x0000020280e97000 Exception <a 'java/lang/NoSuchMethodError'{0x00000000a5ddabe8}: 'java.lang.Object java.lang.invoke.DirectMethodHandle$Holder.invokeVirtual(java.lang.Object, java.lang.Object, java.lang.Object)'> (0x00000000a5ddabe8) thrown at [./src/hotspot/share/interpreter/linkResolver.cpp, line 773]
Event: 2.430 Thread 0x0000020280e97000 Exception <a 'java/lang/NoSuchMethodError'{0x00000000a566b5e0}: 'void java.lang.invoke.DirectMethodHandle$Holder.invokeStaticInit(java.lang.Object)'> (0x00000000a566b5e0) thrown at [./src/hotspot/share/interpreter/linkResolver.cpp, line 773]
Event: 2.563 Thread 0x0000020280e97000 Exception <a 'java/lang/NoSuchMethodError'{0x00000000a7ccf0b0}: 'int java.lang.invoke.DirectMethodHandle$Holder.invokeSpecialIFC(java.lang.Object, java.lang.Object, java.lang.Object, java.lang.Object)'> (0x00000000a7ccf0b0) thrown at [./src/hotspot/share/interpreter/linkResolver.cpp, line 773]
Event: 2.564 Thread 0x0000020280e97000 Exception <a 'java/lang/NoSuchMethodError'{0x00000000a7cdcbc8}: 'java.lang.Object java.lang.invoke.DirectMethodHandle$Holder.invokeInterface(java.lang.Object, java.lang.Object, java.lang.Object)'> (0x00000000a7cdcbc8) thrown at [./src/hotspot/share/interpreter/linkResolver.cpp, line 773]
Event: 2.564 Thread 0x0000020280e97000 Exception <a 'java/lang/IncompatibleClassChangeError'{0x00000000a7cdfdf8}: Found class java.lang.Object, but interface was expected> (0x00000000a7cdfdf8) thrown at [./src/hotspot/share/interpreter/linkResolver.cpp, line 839]
Event: 2.570 Thread 0x0000020280e97000 Exception <a 'java/lang/NoSuchMethodError'{0x00000000a7b61010}: 'void java.lang.invoke.DirectMethodHandle$Holder.invokeSpecial(java.lang.Object, java.lang.Object, java.lang.Object, java.lang.Object)'> (0x00000000a7b61010) thrown at [./src/hotspot/share/interpreter/linkResolver.cpp, line 773]
Event: 2.665 Thread 0x0000020280e97000 Exception <a 'java/lang/NoSuchMethodError'{0x00000000a733f6e0}: 'java.lang.Object java.lang.invoke.DirectMethodHandle$Holder.invokeVirtual(java.lang.Object, java.lang.Object, java.lang.Object, java.lang.Object)'> (0x00000000a733f6e0) thrown at [./src/hotspot/share/interpreter/linkResolver.cpp, line 773]
Event: 2.905 Thread 0x0000020280e97000 Exception <a 'java/lang/NoSuchMethodError'{0x00000000a660e280}: 'void java.lang.invoke.DirectMethodHandle$Holder.invokeSpecial(java.lang.Object, java.lang.Object, java.lang.Object, java.lang.Object, java.lang.Object, java.lang.Object)'> (0x00000000a660e280) thrown at [./src/hotspot/share/interpreter/linkResolver.cpp, line 773]
Event: 2.972 Thread 0x0000020280e97000 Exception <a 'java/lang/NoSuchMethodError'{0x00000000a659dee8}: 'java.lang.Object java.lang.invoke.Invokers$Holder.invoker(java.lang.Object, java.lang.Object, java.lang.Object)'> (0x00000000a659dee8) thrown at [./src/hotspot/share/interpreter/linkResolver.cpp, line 773]
Event: 3.020 Thread 0x0000020280e97000 Exception <a 'java/lang/NoSuchMethodError'{0x00000000a6498680}: 'void java.lang.invoke.DirectMethodHandle$Holder.invokeSpecial(java.lang.Object, java.lang.Object, java.lang.Object, java.lang.Object, java.lang.Object, java.lang.Object, java.lang.Object)'> (0x00000000a6498680) thrown at [./src/hotspot/share/interpreter/linkResolver.cpp, line 773]
Event: 3.023 Thread 0x0000020280e97000 Exception <a 'java/lang/NoSuchMethodError'{0x00000000a64a08c8}: 'java.lang.Object java.lang.invoke.Invokers$Holder.linkToTargetMethod(java.lang.Object, java.lang.Object, java.lang.Object, java.lang.Object, java.lang.Object, java.lang.Object)'> (0x00000000a64a08c8) thrown at [./src/hotspot/share/interpreter/linkResolver.cpp, line 773]
Event: 3.042 Thread 0x0000020280e97000 Exception <a 'java/lang/NoSuchMethodError'{0x00000000a63c57d8}: 'java.lang.Object java.lang.invoke.DirectMethodHandle$Holder.invokeVirtual(java.lang.Object, java.lang.Object, java.lang.Object, java.lang.Object, java.lang.Object, java.lang.Object, java.lang.Object, java.lang.Object, java.lang.Object, java.lang.Object, java.lang.Object, java.lang.Object, java.lang.Object, java.lang.Object, java.lang.Object, java.lang.Object, java.lang.Object)'> (0x00000000a63c57d8) thrown at [./src/hotspot/share/interpreter/
Event: 3.128 Thread 0x0000020280e97000 Exception <a 'java/lang/NoSuchMethodError'{0x00000000a5e65248}: 'int java.lang.invoke.DirectMethodHandle$Holder.invokeVirtual(java.lang.Object, java.lang.Object)'> (0x00000000a5e65248) thrown at [./src/hotspot/share/interpreter/linkResolver.cpp, line 773]
Event: 3.179 Thread 0x0000020280e97000 Exception <a 'java/lang/NoSuchMethodError'{0x00000000a5a1a7b8}: 'java.lang.Object java.lang.invoke.Invokers$Holder.linkToTargetMethod(java.lang.Object, int, java.lang.Object)'> (0x00000000a5a1a7b8) thrown at [./src/hotspot/share/interpreter/linkResolver.cpp, line 773]

Events (20 events):
Event: 3.358 loading class com/google/common/reflect/Invokable$ConstructorInvokable
Event: 3.358 loading class com/google/common/reflect/Invokable$ConstructorInvokable done
Event: 3.359 loading class java/lang/Class$EnclosingMethodInfo
Event: 3.359 loading class java/lang/Class$EnclosingMethodInfo done
Event: 3.359 loading class sun/reflect/generics/tree/VoidDescriptor
Event: 3.359 loading class sun/reflect/generics/tree/VoidDescriptor done
Event: 3.359 loading class sun/reflect/generics/scope/ConstructorScope
Event: 3.360 loading class sun/reflect/generics/scope/ConstructorScope done
Event: 3.360 loading class com/google/common/reflect/TypeResolver
Event: 3.360 loading class com/google/common/reflect/TypeResolver done
Event: 3.360 loading class com/google/common/reflect/TypeResolver$TypeTable
Event: 3.360 loading class com/google/common/reflect/TypeResolver$TypeTable done
Event: 3.361 loading class com/google/common/reflect/TypeResolver$TypeTable$1
Event: 3.361 loading class com/google/common/reflect/TypeResolver$TypeTable$1 done
Event: 3.361 loading class com/google/common/reflect/TypeResolver$TypeMappingIntrospector
Event: 3.361 loading class com/google/common/reflect/TypeResolver$TypeMappingIntrospector done
Event: 3.361 loading class com/google/common/reflect/TypeVisitor
Event: 3.361 loading class com/google/common/reflect/TypeVisitor done
Event: 3.362 loading class org/gradle/model/ModelSet
Event: 3.362 loading class org/gradle/model/ModelSet done


Dynamic libraries:
0x00007ff605f00000 - 0x00007ff605f0a000 	D:\android\jre\bin\java.exe
0x00007fffb6bf0000 - 0x00007fffb6de5000 	C:\WINDOWS\SYSTEM32\ntdll.dll
0x00007fffb5660000 - 0x00007fffb571e000 	C:\WINDOWS\System32\KERNEL32.DLL
0x00007fffb45d0000 - 0x00007fffb4898000 	C:\WINDOWS\System32\KERNELBASE.dll
0x00007fffb48a0000 - 0x00007fffb49a0000 	C:\WINDOWS\System32\ucrtbase.dll
0x00007fffa15e0000 - 0x00007fffa15f7000 	D:\android\jre\bin\VCRUNTIME140.dll
0x00007fffa1a90000 - 0x00007fffa1aa9000 	D:\android\jre\bin\jli.dll
0x00007fffb5e30000 - 0x00007fffb5fd0000 	C:\WINDOWS\System32\USER32.dll
0x00007fffb4ae0000 - 0x00007fffb4b02000 	C:\WINDOWS\System32\win32u.dll
0x00007fffb6500000 - 0x00007fffb652a000 	C:\WINDOWS\System32\GDI32.dll
0x00007fffb4470000 - 0x00007fffb457b000 	C:\WINDOWS\System32\gdi32full.dll
0x00007fffb4a40000 - 0x00007fffb4add000 	C:\WINDOWS\System32\msvcp_win.dll
0x00007fffb36d0000 - 0x00007fffb396a000 	C:\WINDOWS\WinSxS\amd64_microsoft.windows.common-controls_6595b64144ccf1df_6.0.19041.1110_none_60b5254171f9507e\COMCTL32.dll
0x00007fffb6540000 - 0x00007fffb65de000 	C:\WINDOWS\System32\msvcrt.dll
0x00007fffb4c50000 - 0x00007fffb4c80000 	C:\WINDOWS\System32\IMM32.DLL
0x00007fff96000000 - 0x00007fff9609d000 	D:\android\jre\bin\msvcp140.dll
0x00007fff7cbc0000 - 0x00007fff7d695000 	D:\android\jre\bin\server\jvm.dll
0x00007fffb6300000 - 0x00007fffb63ae000 	C:\WINDOWS\System32\ADVAPI32.dll
0x00007fffb6460000 - 0x00007fffb64fc000 	C:\WINDOWS\System32\sechost.dll
0x00007fffb61d0000 - 0x00007fffb62f5000 	C:\WINDOWS\System32\RPCRT4.dll
0x00007fffb6530000 - 0x00007fffb6538000 	C:\WINDOWS\System32\PSAPI.DLL
0x00007fffa3f10000 - 0x00007fffa3f37000 	C:\WINDOWS\SYSTEM32\WINMM.dll
0x00007fffb18c0000 - 0x00007fffb18c9000 	C:\WINDOWS\SYSTEM32\WSOCK32.dll
0x00007fffb6100000 - 0x00007fffb616b000 	C:\WINDOWS\System32\WS2_32.dll
0x00007fffb1ce0000 - 0x00007fffb1cea000 	C:\WINDOWS\SYSTEM32\VERSION.dll
0x00007fffb2590000 - 0x00007fffb25a2000 	C:\WINDOWS\SYSTEM32\kernel.appcore.dll
0x00007fff95fe0000 - 0x00007fff95ff1000 	D:\android\jre\bin\verify.dll
0x00007fffb3c40000 - 0x00007fffb3e24000 	C:\WINDOWS\SYSTEM32\DBGHELP.DLL
0x00007fffb3a70000 - 0x00007fffb3a9c000 	C:\WINDOWS\SYSTEM32\dbgcore.DLL
0x00007fffb4b10000 - 0x00007fffb4b92000 	C:\WINDOWS\System32\bcryptPrimitives.dll
0x00007fff95fb0000 - 0x00007fff95fd9000 	D:\android\jre\bin\java.dll
0x00007fffaf480000 - 0x00007fffaf48b000 	D:\android\jre\bin\jimage.dll
0x00007fff95f90000 - 0x00007fff95fa8000 	D:\android\jre\bin\zip.dll
0x00007fffb4c80000 - 0x00007fffb53c4000 	C:\WINDOWS\System32\SHELL32.dll
0x00007fffb1de0000 - 0x00007fffb2574000 	C:\WINDOWS\SYSTEM32\windows.storage.dll
0x00007fffb65f0000 - 0x00007fffb6944000 	C:\WINDOWS\System32\combase.dll
0x00007fffb3630000 - 0x00007fffb365c000 	C:\WINDOWS\SYSTEM32\Wldp.dll
0x00007fffb63b0000 - 0x00007fffb645d000 	C:\WINDOWS\System32\SHCORE.dll
0x00007fffb6170000 - 0x00007fffb61c5000 	C:\WINDOWS\System32\shlwapi.dll
0x00007fffb4250000 - 0x00007fffb426f000 	C:\WINDOWS\SYSTEM32\profapi.dll
0x00007fff95ee0000 - 0x00007fff95efa000 	D:\android\jre\bin\net.dll
0x00007fffab2d0000 - 0x00007fffab3da000 	C:\WINDOWS\SYSTEM32\WINHTTP.dll
0x00007fffb3500000 - 0x00007fffb356a000 	C:\WINDOWS\system32\mswsock.dll
0x00007fff95ec0000 - 0x00007fff95ed4000 	D:\android\jre\bin\nio.dll
0x00007fff94e30000 - 0x00007fff94e57000 	C:\Users\bhaib\.gradle\native\f6784746aeab05261644944871eae4fe03e0ef1612fff0a4a95f87b438bc6780\windows-amd64\native-platform.dll
0x00007fffaef80000 - 0x00007fffaef8a000 	D:\android\jre\bin\management.dll
0x00007fffacae0000 - 0x00007fffacaed000 	D:\android\jre\bin\management_ext.dll
0x00007fffb3fd0000 - 0x00007fffb3fe8000 	C:\WINDOWS\SYSTEM32\CRYPTSP.dll
0x00007fffb2d30000 - 0x00007fffb2d64000 	C:\WINDOWS\system32\rsaenh.dll
0x00007fffb4a10000 - 0x00007fffb4a37000 	C:\WINDOWS\System32\bcrypt.dll
0x00007fffb4210000 - 0x00007fffb423e000 	C:\WINDOWS\SYSTEM32\USERENV.dll
0x00007fffb35f0000 - 0x00007fffb35fc000 	C:\WINDOWS\SYSTEM32\CRYPTBASE.dll
0x00007fffb3080000 - 0x00007fffb30bb000 	C:\WINDOWS\SYSTEM32\IPHLPAPI.DLL
0x00007fffb5720000 - 0x00007fffb5728000 	C:\WINDOWS\System32\NSI.dll
0x00007fffad650000 - 0x00007fffad667000 	C:\WINDOWS\SYSTEM32\dhcpcsvc6.DLL
0x00007fffad5a0000 - 0x00007fffad5bd000 	C:\WINDOWS\SYSTEM32\dhcpcsvc.DLL
0x00007fffb30c0000 - 0x00007fffb318b000 	C:\WINDOWS\SYSTEM32\DNSAPI.dll
0x00007fffad750000 - 0x00007fffad75b000 	C:\WINDOWS\SYSTEM32\WINNSI.DLL

dbghelp: loaded successfully - version: 4.0.5 - missing functions: none
symbol engine: initialized successfully - sym options: 0x614 - pdb path: .;D:\android\jre\bin;C:\WINDOWS\SYSTEM32;C:\WINDOWS\WinSxS\amd64_microsoft.windows.common-controls_6595b64144ccf1df_6.0.19041.1110_none_60b5254171f9507e;D:\android\jre\bin\server;C:\Users\bhaib\.gradle\native\f6784746aeab05261644944871eae4fe03e0ef1612fff0a4a95f87b438bc6780\windows-amd64

VM Arguments:
jvm_args: --add-opens=java.base/java.util=ALL-UNNAMED --add-opens=java.base/java.lang=ALL-UNNAMED --add-opens=java.base/java.lang.invoke=ALL-UNNAMED --add-opens=java.prefs/java.util.prefs=ALL-UNNAMED -Xmx1536M -Dfile.encoding=windows-1252 -Duser.country=US -Duser.language=en -Duser.variant 
java_command: org.gradle.launcher.daemon.bootstrap.GradleDaemon 6.5
java_class_path (initial): C:\Users\bhaib\.gradle\wrapper\dists\gradle-6.5-bin\6nifqtx7604sqp1q6g8wikw7p\gradle-6.5\lib\gradle-launcher-6.5.jar
Launcher Type: SUN_STANDARD

[Global flags]
     intx CICompilerCount                          = 3                                         {product} {ergonomic}
     uint ConcGCThreads                            = 1                                         {product} {ergonomic}
     uint G1ConcRefinementThreads                  = 4                                         {product} {ergonomic}
   size_t G1HeapRegionSize                         = 1048576                                   {product} {ergonomic}
    uintx GCDrainStackTargetSize                   = 64                                        {product} {ergonomic}
   size_t InitialHeapSize                          = 134217728                                 {product} {ergonomic}
   size_t MarkStackSize                            = 4194304                                   {product} {ergonomic}
   size_t MaxHeapSize                              = 1610612736                                {product} {command line}
   size_t MaxNewSize                               = 965738496                                 {product} {ergonomic}
   size_t MinHeapDeltaBytes                        = 1048576                                   {product} {ergonomic}
    uintx NonNMethodCodeHeapSize                   = 5830732                                {pd product} {ergonomic}
    uintx NonProfiledCodeHeapSize                  = 122913754                              {pd product} {ergonomic}
    uintx ProfiledCodeHeapSize                     = 122913754                              {pd product} {ergonomic}
    uintx ReservedCodeCacheSize                    = 251658240                              {pd product} {ergonomic}
     bool SegmentedCodeCache                       = true                                      {product} {ergonomic}
     bool UseCompressedClassPointers               = true                                 {lp64_product} {ergonomic}
     bool UseCompressedOops                        = true                                 {lp64_product} {ergonomic}
     bool UseG1GC                                  = true                                      {product} {ergonomic}
     bool UseLargePagesIndividualAllocation        = false                                  {pd product} {ergonomic}

Logging:
Log output configuration:
 #0: stdout all=warning uptime,level,tags
 #1: stderr all=off uptime,level,tags

Environment Variables:
JAVA_HOME=D:\android\jre
CLASSPATH=D:\Anish\SBCB Driver April 12\android\\gradle\wrapper\gradle-wrapper.jar
PATH=C:\WINDOWS\system32;C:\WINDOWS;C:\WINDOWS\System32\Wbem;C:\WINDOWS\System32\WindowsPowerShell\v1.0\;C:\WINDOWS\System32\OpenSSH\;C:\Program Files\Git\cmd;C:\xampp\php;C:\ProgramData\ComposerSetup\bin;D:\flutter\bin;C:\Users\bhaib\AppData\Local\Microsoft\WindowsApps;C:\Users\bhaib\AppData\Local\Programs\Microsoft VS Code\bin;C:\Users\bhaib\AppData\Roaming\Composer\vendor\bin;D:\flutter\bin;;D:\flutter\bin\mingit\cmd
USERNAME=bhaib
OS=Windows_NT
PROCESSOR_IDENTIFIER=Intel64 Family 6 Model 58 Stepping 9, GenuineIntel



---------------  S Y S T E M  ---------------

OS: Windows 10 , 64 bit Build 19041 (10.0.19041.1645)
OS uptime: 0 days 0:13 hours

CPU:total 4 (initial active 4) (4 cores per cpu, 1 threads per core) family 6 model 58 stepping 9 microcode 0x21, cmov, cx8, fxsr, mmx, sse, sse2, sse3, ssse3, sse4.1, sse4.2, popcnt, avx, aes, clmul, erms, tsc, tscinvbit, tscinv

Memory: 4k page, system-wide physical 8078M (3572M free)
TotalPageFile size 19342M (AvailPageFile size 14665M)
current process WorkingSet (physical memory assigned to process): 196M, peak: 196M
current process commit charge ("private bytes"): 288M, peak: 288M

vm_info: OpenJDK 64-Bit Server VM (11.0.11+9-b60-7590822) for windows-amd64 JRE (11.0.11+9-b60-7590822), built on Jul 29 2021 21:43:44 by "builder" with MS VC++ 14.0 (VS2015)

END.
