#
# A fatal error has been detected by the Java Runtime Environment:
#
#  EXCEPTION_ACCESS_VIOLATION (0xc0000005) at pc=0x00007fff7c6527ee, pid=7912, tid=6224
#
# JRE version: OpenJDK Runtime Environment (11.0.11+9) (build 11.0.11+9-b60-7590822)
# Java VM: OpenJDK 64-Bit Server VM (11.0.11+9-b60-7590822, mixed mode, tiered, compressed oops, g1 gc, windows-amd64)
# Problematic frame:
# V  [jvm.dll+0x6227ee]
#
# No core dump will be written. Minidumps are not enabled by default on client versions of Windows
#
# If you would like to submit a bug report, please visit:
#   https://bugreport.java.com/bugreport/crash.jsp
#

---------------  S U M M A R Y ------------

Command Line: -Dorg.gradle.appname=gradlew org.gradle.wrapper.GradleWrapperMain -q -Ptarget-platform=android-arm64 -Ptarget=D:\Anish\SBCB Driver April 12\lib\main.dart -Pbase-application-name=android.app.Application -Pdart-defines=RkxVVFRFUl9XRUJfQVVUT19ERVRFQ1Q9dHJ1ZQ== -Pdart-obfuscation=false -Ptrack-widget-creation=true -Ptree-shake-icons=false -Pfilesystem-scheme=org-dartlang-root assembleDebug

Host: Intel(R) Core(TM) i5-3470S CPU @ 2.90GHz, 4 cores, 7G,  Windows 10 , 64 bit Build 19041 (10.0.19041.1645)
Time: Mon May 16 09:56:03 2022 Nepal Standard Time elapsed time: 0.664005 seconds (0d 0h 0m 0s)

---------------  T H R E A D  ---------------

Current thread (0x000001a1eb9e0800):  JavaThread "C2 CompilerThread0" daemon [_thread_in_native, id=6224, stack(0x000000212af00000,0x000000212b000000)]


Current CompileTask:
C2:    664  555       4       java.lang.StringLatin1::replace (196 bytes)

Stack: [0x000000212af00000,0x000000212b000000],  sp=0x000000212affc030,  free space=1008k
Native frames: (J=compiled Java code, j=interpreted, Vv=VM code, C=native code)
V  [jvm.dll+0x6227ee]
V  [jvm.dll+0x198a28]
V  [jvm.dll+0x1fc2ee]
V  [jvm.dll+0x1fb3d4]
V  [jvm.dll+0x183d6c]
V  [jvm.dll+0x209a57]
V  [jvm.dll+0x2082a1]
V  [jvm.dll+0x6ef58f]
V  [jvm.dll+0x6e80b5]
V  [jvm.dll+0x5f1036]
C  [ucrtbase.dll+0x21bb2]
C  [KERNEL32.DLL+0x17034]
C  [ntdll.dll+0x52651]


siginfo: EXCEPTION_ACCESS_VIOLATION (0xc0000005), reading address 0x00007fbf7c8308d0


Register to memory mapping:

RIP=0x00007fff7c6527ee jvm.dll
RAX=0x00007fbf7c8307e8 is an unknown value
RBX=0x0000000000000001 is an unknown value
RCX=0x000001a1ebcc87f0 points into unknown readable memory: 0x00007fbf7c8307e8 | e8 07 83 7c bf 7f 00 00
RDX=0x0000000000008020 is an unknown value
RSP=0x000000212affc030 is pointing into the stack for thread: 0x000001a1eb9e0800
RBP=0x000000212affc130 is pointing into the stack for thread: 0x000001a1eb9e0800
RSI=0x000001a1ebcbbcd0 points into unknown readable memory: 0x00007fff7c81c5e8 | e8 c5 81 7c ff 7f 00 00
RDI=0x0000000000000010 is an unknown value
R8 =0x000001a1ec19c1e0 points into unknown readable memory: 0x000001a1ebd132c0 | c0 32 d1 eb a1 01 00 00
R9 =0x000001a1ebcbbcd0 points into unknown readable memory: 0x00007fff7c81c5e8 | e8 c5 81 7c ff 7f 00 00
R10=0x0000000000000002 is an unknown value
R11=0x000001a1ebcbbcd0 points into unknown readable memory: 0x00007fff7c81c5e8 | e8 c5 81 7c ff 7f 00 00
R12=0x000000212affc6e0 is pointing into the stack for thread: 0x000001a1eb9e0800
R13=0x000001a1ec19c180 points into unknown readable memory: 0x000001a1eb9d2460 | 60 24 9d eb a1 01 00 00
R14=0x000001a1ec19c1c0 points into unknown readable memory: 0x000001a1eb9d2460 | 60 24 9d eb a1 01 00 00
R15=0x000001a1ebcc87f0 points into unknown readable memory: 0x00007fbf7c8307e8 | e8 07 83 7c bf 7f 00 00


Registers:
RAX=0x00007fbf7c8307e8, RBX=0x0000000000000001, RCX=0x000001a1ebcc87f0, RDX=0x0000000000008020
RSP=0x000000212affc030, RBP=0x000000212affc130, RSI=0x000001a1ebcbbcd0, RDI=0x0000000000000010
R8 =0x000001a1ec19c1e0, R9 =0x000001a1ebcbbcd0, R10=0x0000000000000002, R11=0x000001a1ebcbbcd0
R12=0x000000212affc6e0, R13=0x000001a1ec19c180, R14=0x000001a1ec19c1c0, R15=0x000001a1ebcc87f0
RIP=0x00007fff7c6527ee, EFLAGS=0x0000000000010246

Top of Stack: (sp=0x000000212affc030)
0x000000212affc030:   000000212affc6e0 000001a1ebd13200
0x000000212affc040:   000000212affc130 000001a1ebcbbcd0
0x000000212affc050:   000001a1ec19c1c0 000001a1ec19c180
0x000000212affc060:   0000000000000010 00007fffffffffff
0x000000212affc070:   000001a1ebcbbcd0 000001a1ebcc87f0
0x000000212affc080:   000000200000000e 0000000000000000
0x000000212affc090:   0000019e00000007 000001a1eba29c60
0x000000212affc0a0:   000001a1ec19bcb0 00007fff00000088
0x000000212affc0b0:   000001a1ebcbddc0 00000000000000cd
0x000000212affc0c0:   000001a1ebcbddc0 000001a1ec19b860
0x000000212affc0d0:   000001a1eaffc8f0 000001a1eb9d6948
0x000000212affc0e0:   000001a1eb9d2460 000001a1ec19a890
0x000000212affc0f0:   000001a1ec19b860 000001a1ec1a2878
0x000000212affc100:   0000000000042340 00007fff7c384430
0x000000212affc110:   0000000000000000 0000000000000000
0x000000212affc120:   0000000000000000 0000000000000000 

Instructions: (pc=0x00007fff7c6527ee)
0x00007fff7c6526ee:   ed fa ff 49 8b 45 10 48 8b ce 48 89 34 07 48 8b
0x00007fff7c6526fe:   06 ff 50 68 8b c8 e8 c7 5c 02 00 83 f8 01 0f 8e
0x00007fff7c65270e:   a3 00 00 00 ff cb 44 8d 78 ff 0f 1f 84 00 00 00
0x00007fff7c65271e:   00 00 45 8b 4e 08 41 3b d9 73 0b 49 8b 46 10 48
0x00007fff7c65272e:   83 3c d8 00 75 70 81 fb bf 02 00 00 7d 31 48 8b
0x00007fff7c65273e:   45 88 48 63 cb 48 c1 f9 05 48 8d 04 80 4c 8d 04
0x00007fff7c65274e:   c1 48 8b 85 50 01 00 00 8b cb 83 e1 1f 48 8b 40
0x00007fff7c65275e:   70 48 8b 50 20 42 8b 44 82 38 0f a3 c8 73 37 41
0x00007fff7c65276e:   3b d9 72 0a 8b d3 49 8b ce e8 b4 ec fa ff 49 8b
0x00007fff7c65277e:   46 10 48 8d 3c dd 00 00 00 00 4c 89 24 07 41 3b
0x00007fff7c65278e:   5d 08 72 0a 8b d3 49 8b cd e8 94 ec fa ff 49 8b
0x00007fff7c65279e:   45 10 48 89 34 07 ff cb 49 83 ef 01 0f 85 70 ff
0x00007fff7c6527ae:   ff ff 4c 8b 7c 24 48 4c 8b a5 50 01 00 00 8b 85
0x00007fff7c6527be:   58 01 00 00 ff c0 89 85 58 01 00 00 41 3b 47 18
0x00007fff7c6527ce:   0f 82 1c fe ff ff 48 8b 74 24 40 bb 01 00 00 00
0x00007fff7c6527de:   41 8b 47 2c 24 03 3c 02 75 10 49 8b 07 49 8b cf
0x00007fff7c6527ee:   ff 90 e8 00 00 00 8b f8 eb 02 33 ff 41 83 7f 18
0x00007fff7c6527fe:   01 76 3f 3b fb 4c 8b ce 44 8b c3 49 8b d7 0f 95
0x00007fff7c65280e:   c0 49 8b cc 88 44 24 30 4c 89 6c 24 28 4c 89 74
0x00007fff7c65281e:   24 20 e8 6b e5 ff ff 44 8b 95 60 01 00 00 ff c3
0x00007fff7c65282e:   44 2b d0 44 89 95 60 01 00 00 41 3b 5f 18 72 c3
0x00007fff7c65283e:   eb 07 44 8b 95 60 01 00 00 49 63 4f 28 49 8b 84
0x00007fff7c65284e:   24 28 01 00 00 8b 14 88 85 d2 0f 84 a7 05 00 00
0x00007fff7c65285e:   49 8b 44 24 70 4c 8d 3c 92 8b f2 49 c1 e7 05 48
0x00007fff7c65286e:   8b 54 24 48 48 8b 48 20 42 8b 7c 39 30 49 8b cc
0x00007fff7c65287e:   e8 ad 06 00 00 4c 8b e0 41 3b 7d 08 73 3a 49 8b
0x00007fff7c65288e:   55 10 48 8d 1c fd 00 00 00 00 48 8b 0c 1a 48 85
0x00007fff7c65289e:   c9 74 25 83 79 20 00 75 1f 45 33 ed 4c 89 2c 1a
0x00007fff7c6528ae:   41 3b 7e 08 72 0a 8b d7 49 8b ce e8 72 eb fa ff
0x00007fff7c6528be:   49 8b 46 10 4c 89 2c 03 48 8b 4c 24 48 48 8b 01
0x00007fff7c6528ce:   ff 50 68 8b c8 89 85 58 01 00 00 e8 f2 5a 02 00
0x00007fff7c6528de:   44 8b e8 83 f8 01 0f 85 e4 00 00 00 41 3b 7e 08 


Stack slot to memory mapping:
stack at sp + 0 slots: 0x000000212affc6e0 is pointing into the stack for thread: 0x000001a1eb9e0800
stack at sp + 1 slots: 0x000001a1ebd13200 points into unknown readable memory: 0x00007fff7c7ab8f0 | f0 b8 7a 7c ff 7f 00 00
stack at sp + 2 slots: 0x000000212affc130 is pointing into the stack for thread: 0x000001a1eb9e0800
stack at sp + 3 slots: 0x000001a1ebcbbcd0 points into unknown readable memory: 0x00007fff7c81c5e8 | e8 c5 81 7c ff 7f 00 00
stack at sp + 4 slots: 0x000001a1ec19c1c0 points into unknown readable memory: 0x000001a1eb9d2460 | 60 24 9d eb a1 01 00 00
stack at sp + 5 slots: 0x000001a1ec19c180 points into unknown readable memory: 0x000001a1eb9d2460 | 60 24 9d eb a1 01 00 00
stack at sp + 6 slots: 0x0000000000000010 is an unknown value
stack at sp + 7 slots: 0x00007fffffffffff is an unknown value


---------------  P R O C E S S  ---------------

Threads class SMR info:
_java_thread_list=0x000001a1ebc41510, length=11, elements={
0x000001a1d153c800, 0x000001a1eb02f800, 0x000001a1eb053800, 0x000001a1eb9d8800,
0x000001a1eb9dc800, 0x000001a1eb9dd800, 0x000001a1eb9e0800, 0x000001a1eb06b000,
0x000001a1eba38000, 0x000001a1ebb31800, 0x000001a1ec066000
}

Java Threads: ( => current thread )
  0x000001a1d153c800 JavaThread "main" [_thread_blocked, id=5416, stack(0x000000212a200000,0x000000212a300000)]
  0x000001a1eb02f800 JavaThread "Reference Handler" daemon [_thread_blocked, id=5212, stack(0x000000212aa00000,0x000000212ab00000)]
  0x000001a1eb053800 JavaThread "Finalizer" daemon [_thread_blocked, id=7820, stack(0x000000212ab00000,0x000000212ac00000)]
  0x000001a1eb9d8800 JavaThread "Signal Dispatcher" daemon [_thread_blocked, id=4584, stack(0x000000212ac00000,0x000000212ad00000)]
  0x000001a1eb9dc800 JavaThread "Attach Listener" daemon [_thread_blocked, id=9016, stack(0x000000212ad00000,0x000000212ae00000)]
  0x000001a1eb9dd800 JavaThread "Service Thread" daemon [_thread_blocked, id=1528, stack(0x000000212ae00000,0x000000212af00000)]
=>0x000001a1eb9e0800 JavaThread "C2 CompilerThread0" daemon [_thread_in_native, id=6224, stack(0x000000212af00000,0x000000212b000000)]
  0x000001a1eb06b000 JavaThread "C1 CompilerThread0" daemon [_thread_blocked, id=4788, stack(0x000000212b000000,0x000000212b100000)]
  0x000001a1eba38000 JavaThread "Sweeper thread" daemon [_thread_blocked, id=10784, stack(0x000000212b100000,0x000000212b200000)]
  0x000001a1ebb31800 JavaThread "Common-Cleaner" daemon [_thread_blocked, id=1412, stack(0x000000212b300000,0x000000212b400000)]
  0x000001a1ec066000 JavaThread "C2 CompilerThread1" daemon [_thread_blocked, id=8176, stack(0x000000212b400000,0x000000212b500000)]

Other Threads:
  0x000001a1eb02e000 VMThread "VM Thread" [stack: 0x000000212a900000,0x000000212aa00000] [id=9740]
  0x000001a1ebb27800 WatcherThread [stack: 0x000000212b200000,0x000000212b300000] [id=8460]
  0x000001a1d1555800 GCTaskThread "GC Thread#0" [stack: 0x000000212a400000,0x000000212a500000] [id=10796]
  0x000001a1ec3b6000 GCTaskThread "GC Thread#1" [stack: 0x0000000000000000,0x0000000000000000] [id=10520]
  0x000001a1ec3b8800 GCTaskThread "GC Thread#2" [stack: 0x0000000000000000,0x0000000000000000] [id=8644]
  0x000001a1d1584000 ConcurrentGCThread "G1 Main Marker" [stack: 0x000000212a500000,0x000000212a600000] [id=9516]
  0x000001a1d1586000 ConcurrentGCThread "G1 Conc#0" [stack: 0x000000212a600000,0x000000212a700000] [id=6768]
  0x000001a1d1613000 ConcurrentGCThread "G1 Refine#0" [stack: 0x000000212a700000,0x000000212a800000] [id=8820]
  0x000001a1d1614000 ConcurrentGCThread "G1 Young RemSet Sampling" [stack: 0x000000212a800000,0x000000212a900000] [id=7504]

Threads with active compile tasks:
C2 CompilerThread0    704  555       4       java.lang.StringLatin1::replace (196 bytes)

VM state:at safepoint (normal execution)

VM Mutex/Monitor currently owned by a thread:  ([mutex/lock_event])
[0x000001a1d1537fc0] Threads_lock - owner thread: 0x000001a1eb02e000
[0x000001a1d1537870] Heap_lock - owner thread: 0x000001a1d153c800

Heap address: 0x0000000081c00000, size: 2020 MB, Compressed Oops mode: 32-bit
Narrow klass base: 0x0000000000000000, Narrow klass shift: 3
Compressed class space size: 1073741824 Address: 0x0000000100000000

Heap:
 garbage-first heap   total 131072K, used 20480K [0x0000000081c00000, 0x0000000100000000)
  region size 1024K, 15 young (15360K), 1 survivors (1024K)
 Metaspace       used 8301K, capacity 8471K, committed 8576K, reserved 1056768K
  class space    used 771K, capacity 820K, committed 896K, reserved 1048576K
Heap Regions: E=young(eden), S=young(survivor), O=old, HS=humongous(starts), HC=humongous(continues), CS=collection set, F=free, A=archive, TAMS=top-at-mark-start (previous, next)
|   0|0x0000000081c00000, 0x0000000081d00000, 0x0000000081d00000|100%|HS|  |TAMS 0x0000000081c00000, 0x0000000081c00000| Complete 
|   1|0x0000000081d00000, 0x0000000081e00000, 0x0000000081e00000|100%|HC|  |TAMS 0x0000000081d00000, 0x0000000081d00000| Complete 
|   2|0x0000000081e00000, 0x0000000081f00000, 0x0000000081f00000|100%|HC|  |TAMS 0x0000000081e00000, 0x0000000081e00000| Complete 
|   3|0x0000000081f00000, 0x0000000082000000, 0x0000000082000000|100%|HS|  |TAMS 0x0000000081f00000, 0x0000000081f00000| Complete 
|   4|0x0000000082000000, 0x0000000082100000, 0x0000000082100000|100%|HC|  |TAMS 0x0000000082000000, 0x0000000082000000| Complete 
|   5|0x0000000082100000, 0x0000000082200000, 0x0000000082200000|100%|HC|  |TAMS 0x0000000082100000, 0x0000000082100000| Complete 
|   6|0x0000000082200000, 0x0000000082200000, 0x0000000082300000|  0%| F|  |TAMS 0x0000000082200000, 0x0000000082200000| Untracked 
|   7|0x0000000082300000, 0x0000000082300000, 0x0000000082400000|  0%| F|  |TAMS 0x0000000082300000, 0x0000000082300000| Untracked 
|   8|0x0000000082400000, 0x0000000082400000, 0x0000000082500000|  0%| F|  |TAMS 0x0000000082400000, 0x0000000082400000| Untracked 
|   9|0x0000000082500000, 0x0000000082500000, 0x0000000082600000|  0%| F|  |TAMS 0x0000000082500000, 0x0000000082500000| Untracked 
|  10|0x0000000082600000, 0x0000000082600000, 0x0000000082700000|  0%| F|  |TAMS 0x0000000082600000, 0x0000000082600000| Untracked 
|  11|0x0000000082700000, 0x0000000082700000, 0x0000000082800000|  0%| F|  |TAMS 0x0000000082700000, 0x0000000082700000| Untracked 
|  12|0x0000000082800000, 0x0000000082800000, 0x0000000082900000|  0%| F|  |TAMS 0x0000000082800000, 0x0000000082800000| Untracked 
|  13|0x0000000082900000, 0x0000000082900000, 0x0000000082a00000|  0%| F|  |TAMS 0x0000000082900000, 0x0000000082900000| Untracked 
|  14|0x0000000082a00000, 0x0000000082a00000, 0x0000000082b00000|  0%| F|  |TAMS 0x0000000082a00000, 0x0000000082a00000| Untracked 
|  15|0x0000000082b00000, 0x0000000082b00000, 0x0000000082c00000|  0%| F|  |TAMS 0x0000000082b00000, 0x0000000082b00000| Untracked 
|  16|0x0000000082c00000, 0x0000000082c00000, 0x0000000082d00000|  0%| F|  |TAMS 0x0000000082c00000, 0x0000000082c00000| Untracked 
|  17|0x0000000082d00000, 0x0000000082d00000, 0x0000000082e00000|  0%| F|  |TAMS 0x0000000082d00000, 0x0000000082d00000| Untracked 
|  18|0x0000000082e00000, 0x0000000082e00000, 0x0000000082f00000|  0%| F|  |TAMS 0x0000000082e00000, 0x0000000082e00000| Untracked 
|  19|0x0000000082f00000, 0x0000000082f00000, 0x0000000083000000|  0%| F|  |TAMS 0x0000000082f00000, 0x0000000082f00000| Untracked 
|  20|0x0000000083000000, 0x0000000083000000, 0x0000000083100000|  0%| F|  |TAMS 0x0000000083000000, 0x0000000083000000| Untracked 
|  21|0x0000000083100000, 0x0000000083100000, 0x0000000083200000|  0%| F|  |TAMS 0x0000000083100000, 0x0000000083100000| Untracked 
|  22|0x0000000083200000, 0x0000000083200000, 0x0000000083300000|  0%| F|  |TAMS 0x0000000083200000, 0x0000000083200000| Untracked 
|  23|0x0000000083300000, 0x0000000083300000, 0x0000000083400000|  0%| F|  |TAMS 0x0000000083300000, 0x0000000083300000| Untracked 
|  24|0x0000000083400000, 0x0000000083400000, 0x0000000083500000|  0%| F|  |TAMS 0x0000000083400000, 0x0000000083400000| Untracked 
|  25|0x0000000083500000, 0x0000000083500000, 0x0000000083600000|  0%| F|  |TAMS 0x0000000083500000, 0x0000000083500000| Untracked 
|  26|0x0000000083600000, 0x0000000083600000, 0x0000000083700000|  0%| F|  |TAMS 0x0000000083600000, 0x0000000083600000| Untracked 
|  27|0x0000000083700000, 0x0000000083700000, 0x0000000083800000|  0%| F|  |TAMS 0x0000000083700000, 0x0000000083700000| Untracked 
|  28|0x0000000083800000, 0x0000000083800000, 0x0000000083900000|  0%| F|  |TAMS 0x0000000083800000, 0x0000000083800000| Untracked 
|  29|0x0000000083900000, 0x0000000083900000, 0x0000000083a00000|  0%| F|  |TAMS 0x0000000083900000, 0x0000000083900000| Untracked 
|  30|0x0000000083a00000, 0x0000000083a00000, 0x0000000083b00000|  0%| F|  |TAMS 0x0000000083a00000, 0x0000000083a00000| Untracked 
|  31|0x0000000083b00000, 0x0000000083b00000, 0x0000000083c00000|  0%| F|  |TAMS 0x0000000083b00000, 0x0000000083b00000| Untracked 
|  32|0x0000000083c00000, 0x0000000083c00000, 0x0000000083d00000|  0%| F|  |TAMS 0x0000000083c00000, 0x0000000083c00000| Untracked 
|  33|0x0000000083d00000, 0x0000000083d00000, 0x0000000083e00000|  0%| F|  |TAMS 0x0000000083d00000, 0x0000000083d00000| Untracked 
|  34|0x0000000083e00000, 0x0000000083e00000, 0x0000000083f00000|  0%| F|  |TAMS 0x0000000083e00000, 0x0000000083e00000| Untracked 
|  35|0x0000000083f00000, 0x0000000083f00000, 0x0000000084000000|  0%| F|  |TAMS 0x0000000083f00000, 0x0000000083f00000| Untracked 
|  36|0x0000000084000000, 0x0000000084000000, 0x0000000084100000|  0%| F|  |TAMS 0x0000000084000000, 0x0000000084000000| Untracked 
|  37|0x0000000084100000, 0x0000000084100000, 0x0000000084200000|  0%| F|  |TAMS 0x0000000084100000, 0x0000000084100000| Untracked 
|  38|0x0000000084200000, 0x0000000084200000, 0x0000000084300000|  0%| F|  |TAMS 0x0000000084200000, 0x0000000084200000| Untracked 
|  39|0x0000000084300000, 0x0000000084300000, 0x0000000084400000|  0%| F|  |TAMS 0x0000000084300000, 0x0000000084300000| Untracked 
|  40|0x0000000084400000, 0x0000000084400000, 0x0000000084500000|  0%| F|  |TAMS 0x0000000084400000, 0x0000000084400000| Untracked 
|  41|0x0000000084500000, 0x0000000084500000, 0x0000000084600000|  0%| F|  |TAMS 0x0000000084500000, 0x0000000084500000| Untracked 
|  42|0x0000000084600000, 0x0000000084600000, 0x0000000084700000|  0%| F|  |TAMS 0x0000000084600000, 0x0000000084600000| Untracked 
|  43|0x0000000084700000, 0x0000000084700000, 0x0000000084800000|  0%| F|  |TAMS 0x0000000084700000, 0x0000000084700000| Untracked 
|  44|0x0000000084800000, 0x0000000084800000, 0x0000000084900000|  0%| F|  |TAMS 0x0000000084800000, 0x0000000084800000| Untracked 
|  45|0x0000000084900000, 0x0000000084900000, 0x0000000084a00000|  0%| F|  |TAMS 0x0000000084900000, 0x0000000084900000| Untracked 
|  46|0x0000000084a00000, 0x0000000084a00000, 0x0000000084b00000|  0%| F|  |TAMS 0x0000000084a00000, 0x0000000084a00000| Untracked 
|  47|0x0000000084b00000, 0x0000000084b00000, 0x0000000084c00000|  0%| F|  |TAMS 0x0000000084b00000, 0x0000000084b00000| Untracked 
|  48|0x0000000084c00000, 0x0000000084c00000, 0x0000000084d00000|  0%| F|  |TAMS 0x0000000084c00000, 0x0000000084c00000| Untracked 
|  49|0x0000000084d00000, 0x0000000084d00000, 0x0000000084e00000|  0%| F|  |TAMS 0x0000000084d00000, 0x0000000084d00000| Untracked 
|  50|0x0000000084e00000, 0x0000000084e00000, 0x0000000084f00000|  0%| F|  |TAMS 0x0000000084e00000, 0x0000000084e00000| Untracked 
|  51|0x0000000084f00000, 0x0000000084f00000, 0x0000000085000000|  0%| F|  |TAMS 0x0000000084f00000, 0x0000000084f00000| Untracked 
|  52|0x0000000085000000, 0x0000000085000000, 0x0000000085100000|  0%| F|  |TAMS 0x0000000085000000, 0x0000000085000000| Untracked 
|  53|0x0000000085100000, 0x0000000085100000, 0x0000000085200000|  0%| F|  |TAMS 0x0000000085100000, 0x0000000085100000| Untracked 
|  54|0x0000000085200000, 0x0000000085200000, 0x0000000085300000|  0%| F|  |TAMS 0x0000000085200000, 0x0000000085200000| Untracked 
|  55|0x0000000085300000, 0x0000000085300000, 0x0000000085400000|  0%| F|  |TAMS 0x0000000085300000, 0x0000000085300000| Untracked 
|  56|0x0000000085400000, 0x0000000085400000, 0x0000000085500000|  0%| F|  |TAMS 0x0000000085400000, 0x0000000085400000| Untracked 
|  57|0x0000000085500000, 0x0000000085500000, 0x0000000085600000|  0%| F|  |TAMS 0x0000000085500000, 0x0000000085500000| Untracked 
|  58|0x0000000085600000, 0x0000000085600000, 0x0000000085700000|  0%| F|  |TAMS 0x0000000085600000, 0x0000000085600000| Untracked 
|  59|0x0000000085700000, 0x0000000085700000, 0x0000000085800000|  0%| F|  |TAMS 0x0000000085700000, 0x0000000085700000| Untracked 
|  60|0x0000000085800000, 0x0000000085800000, 0x0000000085900000|  0%| F|  |TAMS 0x0000000085800000, 0x0000000085800000| Untracked 
|  61|0x0000000085900000, 0x0000000085900000, 0x0000000085a00000|  0%| F|  |TAMS 0x0000000085900000, 0x0000000085900000| Untracked 
|  62|0x0000000085a00000, 0x0000000085a00000, 0x0000000085b00000|  0%| F|  |TAMS 0x0000000085a00000, 0x0000000085a00000| Untracked 
|  63|0x0000000085b00000, 0x0000000085b00000, 0x0000000085c00000|  0%| F|  |TAMS 0x0000000085b00000, 0x0000000085b00000| Untracked 
|  64|0x0000000085c00000, 0x0000000085c00000, 0x0000000085d00000|  0%| F|  |TAMS 0x0000000085c00000, 0x0000000085c00000| Untracked 
|  65|0x0000000085d00000, 0x0000000085d00000, 0x0000000085e00000|  0%| F|  |TAMS 0x0000000085d00000, 0x0000000085d00000| Untracked 
|  66|0x0000000085e00000, 0x0000000085e00000, 0x0000000085f00000|  0%| F|  |TAMS 0x0000000085e00000, 0x0000000085e00000| Untracked 
|  67|0x0000000085f00000, 0x0000000085f00000, 0x0000000086000000|  0%| F|  |TAMS 0x0000000085f00000, 0x0000000085f00000| Untracked 
|  68|0x0000000086000000, 0x0000000086000000, 0x0000000086100000|  0%| F|  |TAMS 0x0000000086000000, 0x0000000086000000| Untracked 
|  69|0x0000000086100000, 0x0000000086100000, 0x0000000086200000|  0%| F|  |TAMS 0x0000000086100000, 0x0000000086100000| Untracked 
|  70|0x0000000086200000, 0x0000000086200000, 0x0000000086300000|  0%| F|  |TAMS 0x0000000086200000, 0x0000000086200000| Untracked 
|  71|0x0000000086300000, 0x0000000086300000, 0x0000000086400000|  0%| F|  |TAMS 0x0000000086300000, 0x0000000086300000| Untracked 
|  72|0x0000000086400000, 0x0000000086400000, 0x0000000086500000|  0%| F|  |TAMS 0x0000000086400000, 0x0000000086400000| Untracked 
|  73|0x0000000086500000, 0x0000000086500000, 0x0000000086600000|  0%| F|  |TAMS 0x0000000086500000, 0x0000000086500000| Untracked 
|  74|0x0000000086600000, 0x0000000086600000, 0x0000000086700000|  0%| F|  |TAMS 0x0000000086600000, 0x0000000086600000| Untracked 
|  75|0x0000000086700000, 0x0000000086700000, 0x0000000086800000|  0%| F|  |TAMS 0x0000000086700000, 0x0000000086700000| Untracked 
|  76|0x0000000086800000, 0x0000000086800000, 0x0000000086900000|  0%| F|  |TAMS 0x0000000086800000, 0x0000000086800000| Untracked 
|  77|0x0000000086900000, 0x0000000086900000, 0x0000000086a00000|  0%| F|  |TAMS 0x0000000086900000, 0x0000000086900000| Untracked 
|  78|0x0000000086a00000, 0x0000000086a00000, 0x0000000086b00000|  0%| F|  |TAMS 0x0000000086a00000, 0x0000000086a00000| Untracked 
|  79|0x0000000086b00000, 0x0000000086b00000, 0x0000000086c00000|  0%| F|  |TAMS 0x0000000086b00000, 0x0000000086b00000| Untracked 
|  80|0x0000000086c00000, 0x0000000086c00000, 0x0000000086d00000|  0%| F|  |TAMS 0x0000000086c00000, 0x0000000086c00000| Untracked 
|  81|0x0000000086d00000, 0x0000000086d00000, 0x0000000086e00000|  0%| F|  |TAMS 0x0000000086d00000, 0x0000000086d00000| Untracked 
|  82|0x0000000086e00000, 0x0000000086e00000, 0x0000000086f00000|  0%| F|  |TAMS 0x0000000086e00000, 0x0000000086e00000| Untracked 
|  83|0x0000000086f00000, 0x0000000086f00000, 0x0000000087000000|  0%| F|  |TAMS 0x0000000086f00000, 0x0000000086f00000| Untracked 
|  84|0x0000000087000000, 0x0000000087000000, 0x0000000087100000|  0%| F|  |TAMS 0x0000000087000000, 0x0000000087000000| Untracked 
|  85|0x0000000087100000, 0x0000000087100000, 0x0000000087200000|  0%| F|  |TAMS 0x0000000087100000, 0x0000000087100000| Untracked 
|  86|0x0000000087200000, 0x0000000087200000, 0x0000000087300000|  0%| F|  |TAMS 0x0000000087200000, 0x0000000087200000| Untracked 
|  87|0x0000000087300000, 0x0000000087300000, 0x0000000087400000|  0%| F|  |TAMS 0x0000000087300000, 0x0000000087300000| Untracked 
|  88|0x0000000087400000, 0x0000000087400000, 0x0000000087500000|  0%| F|  |TAMS 0x0000000087400000, 0x0000000087400000| Untracked 
|  89|0x0000000087500000, 0x0000000087500000, 0x0000000087600000|  0%| F|  |TAMS 0x0000000087500000, 0x0000000087500000| Untracked 
|  90|0x0000000087600000, 0x0000000087600000, 0x0000000087700000|  0%| F|  |TAMS 0x0000000087600000, 0x0000000087600000| Untracked 
|  91|0x0000000087700000, 0x0000000087700000, 0x0000000087800000|  0%| F|  |TAMS 0x0000000087700000, 0x0000000087700000| Untracked 
|  92|0x0000000087800000, 0x0000000087800000, 0x0000000087900000|  0%| F|  |TAMS 0x0000000087800000, 0x0000000087800000| Untracked 
|  93|0x0000000087900000, 0x0000000087900000, 0x0000000087a00000|  0%| F|  |TAMS 0x0000000087900000, 0x0000000087900000| Untracked 
|  94|0x0000000087a00000, 0x0000000087a00000, 0x0000000087b00000|  0%| F|  |TAMS 0x0000000087a00000, 0x0000000087a00000| Untracked 
|  95|0x0000000087b00000, 0x0000000087b00000, 0x0000000087c00000|  0%| F|  |TAMS 0x0000000087b00000, 0x0000000087b00000| Untracked 
|  96|0x0000000087c00000, 0x0000000087c00000, 0x0000000087d00000|  0%| F|  |TAMS 0x0000000087c00000, 0x0000000087c00000| Untracked 
|  97|0x0000000087d00000, 0x0000000087d00000, 0x0000000087e00000|  0%| F|  |TAMS 0x0000000087d00000, 0x0000000087d00000| Untracked 
|  98|0x0000000087e00000, 0x0000000087e00000, 0x0000000087f00000|  0%| F|  |TAMS 0x0000000087e00000, 0x0000000087e00000| Untracked 
|  99|0x0000000087f00000, 0x0000000087f00000, 0x0000000088000000|  0%| F|  |TAMS 0x0000000087f00000, 0x0000000087f00000| Untracked 
| 100|0x0000000088000000, 0x0000000088000000, 0x0000000088100000|  0%| F|  |TAMS 0x0000000088000000, 0x0000000088000000| Untracked 
| 101|0x0000000088100000, 0x0000000088100000, 0x0000000088200000|  0%| F|  |TAMS 0x0000000088100000, 0x0000000088100000| Untracked 
| 102|0x0000000088200000, 0x0000000088200000, 0x0000000088300000|  0%| F|  |TAMS 0x0000000088200000, 0x0000000088200000| Untracked 
| 103|0x0000000088300000, 0x0000000088300000, 0x0000000088400000|  0%| F|  |TAMS 0x0000000088300000, 0x0000000088300000| Untracked 
| 104|0x0000000088400000, 0x0000000088400000, 0x0000000088500000|  0%| F|  |TAMS 0x0000000088400000, 0x0000000088400000| Untracked 
| 105|0x0000000088500000, 0x0000000088500000, 0x0000000088600000|  0%| F|  |TAMS 0x0000000088500000, 0x0000000088500000| Untracked 
| 106|0x0000000088600000, 0x0000000088600000, 0x0000000088700000|  0%| F|  |TAMS 0x0000000088600000, 0x0000000088600000| Untracked 
| 107|0x0000000088700000, 0x0000000088700000, 0x0000000088800000|  0%| F|  |TAMS 0x0000000088700000, 0x0000000088700000| Untracked 
| 108|0x0000000088800000, 0x0000000088800000, 0x0000000088900000|  0%| F|  |TAMS 0x0000000088800000, 0x0000000088800000| Untracked 
| 109|0x0000000088900000, 0x0000000088900000, 0x0000000088a00000|  0%| F|  |TAMS 0x0000000088900000, 0x0000000088900000| Untracked 
| 110|0x0000000088a00000, 0x0000000088a00000, 0x0000000088b00000|  0%| F|  |TAMS 0x0000000088a00000, 0x0000000088a00000| Untracked 
| 111|0x0000000088b00000, 0x0000000088b00000, 0x0000000088c00000|  0%| F|  |TAMS 0x0000000088b00000, 0x0000000088b00000| Untracked 
| 112|0x0000000088c00000, 0x0000000088d00000, 0x0000000088d00000|100%| S|  |TAMS 0x0000000088c00000, 0x0000000088c00000| Complete 
| 113|0x0000000088d00000, 0x0000000088e00000, 0x0000000088e00000|100%| S|  |TAMS 0x0000000088d00000, 0x0000000088d00000| Complete 
| 114|0x0000000088e00000, 0x0000000088f00000, 0x0000000088f00000|100%| E|CS|TAMS 0x0000000088e00000, 0x0000000088e00000| Complete 
| 115|0x0000000088f00000, 0x0000000089000000, 0x0000000089000000|100%| E|CS|TAMS 0x0000000088f00000, 0x0000000088f00000| Complete 
| 116|0x0000000089000000, 0x0000000089100000, 0x0000000089100000|100%| E|CS|TAMS 0x0000000089000000, 0x0000000089000000| Complete 
| 117|0x0000000089100000, 0x0000000089200000, 0x0000000089200000|100%| E|CS|TAMS 0x0000000089100000, 0x0000000089100000| Complete 
| 118|0x0000000089200000, 0x0000000089300000, 0x0000000089300000|100%| E|CS|TAMS 0x0000000089200000, 0x0000000089200000| Complete 
| 119|0x0000000089300000, 0x0000000089400000, 0x0000000089400000|100%| E|CS|TAMS 0x0000000089300000, 0x0000000089300000| Complete 
| 120|0x0000000089400000, 0x0000000089500000, 0x0000000089500000|100%| E|CS|TAMS 0x0000000089400000, 0x0000000089400000| Complete 
| 121|0x0000000089500000, 0x0000000089600000, 0x0000000089600000|100%| E|CS|TAMS 0x0000000089500000, 0x0000000089500000| Complete 
| 122|0x0000000089600000, 0x0000000089700000, 0x0000000089700000|100%| E|CS|TAMS 0x0000000089600000, 0x0000000089600000| Complete 
| 123|0x0000000089700000, 0x0000000089800000, 0x0000000089800000|100%| E|CS|TAMS 0x0000000089700000, 0x0000000089700000| Complete 
| 124|0x0000000089800000, 0x0000000089900000, 0x0000000089900000|100%| E|CS|TAMS 0x0000000089800000, 0x0000000089800000| Complete 
| 125|0x0000000089900000, 0x0000000089a00000, 0x0000000089a00000|100%| E|CS|TAMS 0x0000000089900000, 0x0000000089900000| Complete 
| 126|0x0000000089a00000, 0x0000000089b00000, 0x0000000089b00000|100%| E|CS|TAMS 0x0000000089a00000, 0x0000000089a00000| Complete 
| 127|0x0000000089b00000, 0x0000000089c00000, 0x0000000089c00000|100%| E|CS|TAMS 0x0000000089b00000, 0x0000000089b00000| Complete 

Card table byte_map: [0x000001a1e4440000,0x000001a1e4840000] _byte_map_base: 0x000001a1e4032000

Marking Bits (Prev, Next): (CMBitMap*) 0x000001a1d157b188, (CMBitMap*) 0x000001a1d157b1c0
 Prev Bits: [0x000001a1e4c40000, 0x000001a1e6bd0000)
 Next Bits: [0x000001a1e6bd0000, 0x000001a1e8b60000)

Polling page: 0x000001a1d0d20000

Metaspace:

Usage:
  Non-class:      7.47 MB capacity,     7.35 MB ( 98%) used,   114.54 KB (  1%) free+waste,     6.63 KB ( <1%) overhead. 
      Class:    820.00 KB capacity,   771.62 KB ( 94%) used,    45.32 KB (  6%) free+waste,     3.06 KB ( <1%) overhead. 
       Both:      8.27 MB capacity,     8.11 MB ( 98%) used,   159.86 KB (  2%) free+waste,     9.69 KB ( <1%) overhead. 

Virtual space:
  Non-class space:        8.00 MB reserved,       7.50 MB ( 94%) committed 
      Class space:        1.00 GB reserved,     896.00 KB ( <1%) committed 
             Both:        1.01 GB reserved,       8.38 MB ( <1%) committed 

Chunk freelists:
   Non-Class:  29.00 KB
       Class:  12.00 KB
        Both:  41.00 KB

MaxMetaspaceSize: 17179869184.00 GB
CompressedClassSpaceSize: 1.00 GB

CodeHeap 'non-profiled nmethods': size=120064Kb used=180Kb max_used=180Kb free=119883Kb
 bounds [0x000001a1dcb00000, 0x000001a1dcd70000, 0x000001a1e4040000]
CodeHeap 'profiled nmethods': size=120000Kb used=1001Kb max_used=1001Kb free=118998Kb
 bounds [0x000001a1d55d0000, 0x000001a1d5840000, 0x000001a1dcb00000]
CodeHeap 'non-nmethods': size=5696Kb used=1062Kb max_used=1077Kb free=4633Kb
 bounds [0x000001a1d5040000, 0x000001a1d52b0000, 0x000001a1d55d0000]
 total_blobs=964 nmethods=606 adapters=270
 compilation: enabled
              stopped_count=0, restarted_count=0
 full_count=0

Compilation events (20 events):
Event: 0.624 Thread 0x000001a1eb9e0800 nmethod 545 0x000001a1dcb28190 code [0x000001a1dcb28320, 0x000001a1dcb28578]
Event: 0.627 Thread 0x000001a1eb06b000 nmethod 549 0x000001a1d56a0e90 code [0x000001a1d56a1580, 0x000001a1d56a5248]
Event: 0.627 Thread 0x000001a1eb06b000  551       3       java.util.WeakHashMap::put (162 bytes)
Event: 0.628 Thread 0x000001a1eb06b000 nmethod 551 0x000001a1d56a7490 code [0x000001a1d56a7720, 0x000001a1d56a8638]
Event: 0.628 Thread 0x000001a1eb06b000  550       3       java.util.Collections$SetFromMap::add (22 bytes)
Event: 0.628 Thread 0x000001a1eb06b000 nmethod 550 0x000001a1d56a8b10 code [0x000001a1d56a8ce0, 0x000001a1d56a8f08]
Event: 0.628 Thread 0x000001a1eb06b000  552       1       sun.nio.fs.WindowsPathParser$Result::type (5 bytes)
Event: 0.628 Thread 0x000001a1eb06b000 nmethod 552 0x000001a1dcb28710 code [0x000001a1dcb288c0, 0x000001a1dcb28978]
Event: 0.628 Thread 0x000001a1eb06b000  553       1       sun.nio.fs.WindowsPathParser$Result::root (5 bytes)
Event: 0.628 Thread 0x000001a1eb06b000 nmethod 553 0x000001a1dcb28a10 code [0x000001a1dcb28bc0, 0x000001a1dcb28c78]
Event: 0.628 Thread 0x000001a1eb06b000  554       1       sun.nio.fs.WindowsPathParser$Result::path (5 bytes)
Event: 0.628 Thread 0x000001a1eb06b000 nmethod 554 0x000001a1dcb28d10 code [0x000001a1dcb28ec0, 0x000001a1dcb28f78]
Event: 0.629 Thread 0x000001a1eb9e0800  555       4       java.lang.StringLatin1::replace (196 bytes)
Event: 0.631 Thread 0x000001a1eb06b000  556       1       sun.nio.fs.WindowsPath::getFileSystem (5 bytes)
Event: 0.632 Thread 0x000001a1eb06b000 nmethod 556 0x000001a1dcb29010 code [0x000001a1dcb291c0, 0x000001a1dcb29278]
Event: 0.633 Thread 0x000001a1eb06b000  557       3       java.lang.Runtime$Version::feature (17 bytes)
Event: 0.633 Thread 0x000001a1eb06b000 nmethod 557 0x000001a1d56a9010 code [0x000001a1d56a91e0, 0x000001a1d56a94a8]
Event: 0.634 Thread 0x000001a1eb06b000  558       3       java.util.zip.ZipFile$Source::initCEN (658 bytes)
Event: 0.637 Thread 0x000001a1eb06b000 nmethod 558 0x000001a1d56a9590 code [0x000001a1d56a9be0, 0x000001a1d56ad658]
Event: 0.637 Thread 0x000001a1eb06b000  560       3       java.util.zip.ZipFile::getZipEntry (325 bytes)

GC Heap History (0 events):
No events

Deoptimization events (20 events):
Event: 0.490 Thread 0x000001a1d153c800 DEOPT PACKING pc=0x000001a1d565ed8b sp=0x000000212a2fdb30
Event: 0.490 Thread 0x000001a1d153c800 DEOPT UNPACKING pc=0x000001a1d5066d5e sp=0x000000212a2fd000 mode 0
Event: 0.491 Thread 0x000001a1d153c800 DEOPT PACKING pc=0x000001a1d565ed8b sp=0x000000212a2fdb30
Event: 0.491 Thread 0x000001a1d153c800 DEOPT UNPACKING pc=0x000001a1d5066d5e sp=0x000000212a2fd000 mode 0
Event: 0.491 Thread 0x000001a1d153c800 DEOPT PACKING pc=0x000001a1d565ed8b sp=0x000000212a2fdb30
Event: 0.491 Thread 0x000001a1d153c800 DEOPT UNPACKING pc=0x000001a1d5066d5e sp=0x000000212a2fd000 mode 0
Event: 0.491 Thread 0x000001a1d153c800 DEOPT PACKING pc=0x000001a1d565ed8b sp=0x000000212a2fdb30
Event: 0.491 Thread 0x000001a1d153c800 DEOPT UNPACKING pc=0x000001a1d5066d5e sp=0x000000212a2fd000 mode 0
Event: 0.491 Thread 0x000001a1d153c800 DEOPT PACKING pc=0x000001a1d565ed8b sp=0x000000212a2fdb30
Event: 0.491 Thread 0x000001a1d153c800 DEOPT UNPACKING pc=0x000001a1d5066d5e sp=0x000000212a2fd000 mode 0
Event: 0.491 Thread 0x000001a1d153c800 DEOPT PACKING pc=0x000001a1d565ed8b sp=0x000000212a2fdb30
Event: 0.491 Thread 0x000001a1d153c800 DEOPT UNPACKING pc=0x000001a1d5066d5e sp=0x000000212a2fd000 mode 0
Event: 0.614 Thread 0x000001a1d153c800 DEOPT PACKING pc=0x000001a1d5684722 sp=0x000000212a2fa060
Event: 0.614 Thread 0x000001a1d153c800 DEOPT UNPACKING pc=0x000001a1d5066d5e sp=0x000000212a2f94c8 mode 0
Event: 0.623 Thread 0x000001a1d153c800 Uncommon trap: trap_request=0xffffffde fr.pc=0x000001a1dcb21d64 relative=0x0000000000000f44
Event: 0.623 Thread 0x000001a1d153c800 Uncommon trap: reason=class_check action=maybe_recompile pc=0x000001a1dcb21d64 method=java.util.HashMap.putVal(ILjava/lang/Object;Ljava/lang/Object;ZZ)Ljava/lang/Object; @ 203 c2
Event: 0.623 Thread 0x000001a1d153c800 DEOPT PACKING pc=0x000001a1dcb21d64 sp=0x000000212a2fb120
Event: 0.623 Thread 0x000001a1d153c800 DEOPT UNPACKING pc=0x000001a1d50665af sp=0x000000212a2fb0b0 mode 2
Event: 0.629 Thread 0x000001a1d153c800 DEOPT PACKING pc=0x000001a1d560b0e8 sp=0x000000212a2f7c80
Event: 0.629 Thread 0x000001a1d153c800 DEOPT UNPACKING pc=0x000001a1d5066d5e sp=0x000000212a2f7150 mode 0

Classes redefined (0 events):
No events

Internal exceptions (3 events):
Event: 0.206 Thread 0x000001a1d153c800 Exception <a 'java/lang/NoSuchMethodError'{0x0000000089a89258}: 'int java.lang.invoke.DirectMethodHandle$Holder.invokeSpecialIFC(java.lang.Object, java.lang.Object, int)'> (0x0000000089a89258) thrown at [./src/hotspot/share/interpreter/linkResolver.cpp, line 773]
Event: 0.291 Thread 0x000001a1d153c800 Exception <a 'java/lang/NoSuchMethodError'{0x00000000899fe0d0}: 'int java.lang.invoke.DirectMethodHandle$Holder.invokeStaticInit(java.lang.Object, java.lang.Object)'> (0x00000000899fe0d0) thrown at [./src/hotspot/share/interpreter/linkResolver.cpp, line 773]
Event: 0.337 Thread 0x000001a1d153c800 Exception <a 'java/lang/NoSuchMethodError'{0x00000000898b1e20}: 'int java.lang.invoke.DirectMethodHandle$Holder.invokeSpecial(java.lang.Object, java.lang.Object, java.lang.Object, java.lang.Object)'> (0x00000000898b1e20) thrown at [./src/hotspot/share/interpreter/linkResolver.cpp, line 773]

Events (20 events):
Event: 0.617 loading class java/util/concurrent/LinkedBlockingQueue$Node
Event: 0.617 loading class java/util/concurrent/LinkedBlockingQueue$Node done
Event: 0.617 loading class org/slf4j/helpers/NOPLoggerFactory
Event: 0.617 loading class org/slf4j/helpers/NOPLoggerFactory done
Event: 0.618 loading class org/slf4j/helpers/Util
Event: 0.618 loading class org/slf4j/helpers/Util done
Event: 0.618 loading class java/lang/SecurityException
Event: 0.618 loading class java/lang/SecurityException done
Event: 0.618 loading class java/util/Collections$EmptyEnumeration
Event: 0.619 loading class java/util/Collections$EmptyEnumeration done
Event: 0.619 loading class jdk/internal/loader/BuiltinClassLoader$1
Event: 0.619 loading class jdk/internal/loader/BuiltinClassLoader$1 done
Event: 0.619 loading class java/lang/CompoundEnumeration
Event: 0.619 loading class java/lang/CompoundEnumeration done
Event: 0.619 loading class jdk/internal/loader/URLClassPath$1
Event: 0.619 loading class jdk/internal/loader/URLClassPath$1 done
Event: 0.619 loading class java/net/URLClassLoader$3
Event: 0.619 loading class java/net/URLClassLoader$3 done
Event: 0.619 loading class java/net/URLClassLoader$3$1
Event: 0.619 loading class java/net/URLClassLoader$3$1 done


Dynamic libraries:
0x00007ff605f00000 - 0x00007ff605f0a000 	D:\android\jre\bin\java.exe
0x00007fffb6bf0000 - 0x00007fffb6de5000 	C:\WINDOWS\SYSTEM32\ntdll.dll
0x00007fffb5660000 - 0x00007fffb571e000 	C:\WINDOWS\System32\KERNEL32.DLL
0x00007fffb45d0000 - 0x00007fffb4898000 	C:\WINDOWS\System32\KERNELBASE.dll
0x00007fffb48a0000 - 0x00007fffb49a0000 	C:\WINDOWS\System32\ucrtbase.dll
0x00007fff95f90000 - 0x00007fff95fa9000 	D:\android\jre\bin\jli.dll
0x00007fffb5e30000 - 0x00007fffb5fd0000 	C:\WINDOWS\System32\USER32.dll
0x00007fffb4ae0000 - 0x00007fffb4b02000 	C:\WINDOWS\System32\win32u.dll
0x00007fffb6500000 - 0x00007fffb652a000 	C:\WINDOWS\System32\GDI32.dll
0x00007fffb4470000 - 0x00007fffb457b000 	C:\WINDOWS\System32\gdi32full.dll
0x00007fffb4a40000 - 0x00007fffb4add000 	C:\WINDOWS\System32\msvcp_win.dll
0x00007fff95ee0000 - 0x00007fff95ef7000 	D:\android\jre\bin\VCRUNTIME140.dll
0x00007fffb36d0000 - 0x00007fffb396a000 	C:\WINDOWS\WinSxS\amd64_microsoft.windows.common-controls_6595b64144ccf1df_6.0.19041.1110_none_60b5254171f9507e\COMCTL32.dll
0x00007fffb6540000 - 0x00007fffb65de000 	C:\WINDOWS\System32\msvcrt.dll
0x00007fffb4c50000 - 0x00007fffb4c80000 	C:\WINDOWS\System32\IMM32.DLL
0x00007fff7dc80000 - 0x00007fff7dd1d000 	D:\android\jre\bin\msvcp140.dll
0x00007fff7c030000 - 0x00007fff7cb05000 	D:\android\jre\bin\server\jvm.dll
0x00007fffb6300000 - 0x00007fffb63ae000 	C:\WINDOWS\System32\ADVAPI32.dll
0x00007fffb6460000 - 0x00007fffb64fc000 	C:\WINDOWS\System32\sechost.dll
0x00007fffb61d0000 - 0x00007fffb62f5000 	C:\WINDOWS\System32\RPCRT4.dll
0x00007fffb6530000 - 0x00007fffb6538000 	C:\WINDOWS\System32\PSAPI.DLL
0x00007fffaf480000 - 0x00007fffaf489000 	C:\WINDOWS\SYSTEM32\WSOCK32.dll
0x00007fffb6100000 - 0x00007fffb616b000 	C:\WINDOWS\System32\WS2_32.dll
0x00007fffa3f10000 - 0x00007fffa3f37000 	C:\WINDOWS\SYSTEM32\WINMM.dll
0x00007fffb1ce0000 - 0x00007fffb1cea000 	C:\WINDOWS\SYSTEM32\VERSION.dll
0x00007fffb2590000 - 0x00007fffb25a2000 	C:\WINDOWS\SYSTEM32\kernel.appcore.dll
0x00007fff95ec0000 - 0x00007fff95ed1000 	D:\android\jre\bin\verify.dll
0x00007fffb3c40000 - 0x00007fffb3e24000 	C:\WINDOWS\SYSTEM32\DBGHELP.DLL
0x00007fffb3a70000 - 0x00007fffb3a9c000 	C:\WINDOWS\SYSTEM32\dbgcore.DLL
0x00007fffb4b10000 - 0x00007fffb4b92000 	C:\WINDOWS\System32\bcryptPrimitives.dll
0x00007fff94e30000 - 0x00007fff94e59000 	D:\android\jre\bin\java.dll
0x00007fffaef80000 - 0x00007fffaef8b000 	D:\android\jre\bin\jimage.dll
0x00007fff94f20000 - 0x00007fff94f38000 	D:\android\jre\bin\zip.dll
0x00007fffb4c80000 - 0x00007fffb53c4000 	C:\WINDOWS\System32\SHELL32.dll
0x00007fffb1de0000 - 0x00007fffb2574000 	C:\WINDOWS\SYSTEM32\windows.storage.dll
0x00007fffb65f0000 - 0x00007fffb6944000 	C:\WINDOWS\System32\combase.dll
0x00007fffb3630000 - 0x00007fffb365c000 	C:\WINDOWS\SYSTEM32\Wldp.dll
0x00007fffb63b0000 - 0x00007fffb645d000 	C:\WINDOWS\System32\SHCORE.dll
0x00007fffb6170000 - 0x00007fffb61c5000 	C:\WINDOWS\System32\shlwapi.dll
0x00007fffb4250000 - 0x00007fffb426f000 	C:\WINDOWS\SYSTEM32\profapi.dll
0x00007fff94c30000 - 0x00007fff94c4a000 	D:\android\jre\bin\net.dll
0x00007fffab2d0000 - 0x00007fffab3da000 	C:\WINDOWS\SYSTEM32\WINHTTP.dll
0x00007fffb3500000 - 0x00007fffb356a000 	C:\WINDOWS\system32\mswsock.dll
0x00007fff91540000 - 0x00007fff91554000 	D:\android\jre\bin\nio.dll

dbghelp: loaded successfully - version: 4.0.5 - missing functions: none
symbol engine: initialized successfully - sym options: 0x614 - pdb path: .;D:\android\jre\bin;C:\WINDOWS\SYSTEM32;C:\WINDOWS\WinSxS\amd64_microsoft.windows.common-controls_6595b64144ccf1df_6.0.19041.1110_none_60b5254171f9507e;D:\android\jre\bin\server

VM Arguments:
jvm_args: -Dorg.gradle.appname=gradlew 
java_command: org.gradle.wrapper.GradleWrapperMain -q -Ptarget-platform=android-arm64 -Ptarget=D:\Anish\SBCB Driver April 12\lib\main.dart -Pbase-application-name=android.app.Application -Pdart-defines=RkxVVFRFUl9XRUJfQVVUT19ERVRFQ1Q9dHJ1ZQ== -Pdart-obfuscation=false -Ptrack-widget-creation=true -Ptree-shake-icons=false -Pfilesystem-scheme=org-dartlang-root assembleDebug
java_class_path (initial): D:\Anish\SBCB Driver April 12\android\\gradle\wrapper\gradle-wrapper.jar
Launcher Type: SUN_STANDARD

[Global flags]
     intx CICompilerCount                          = 3                                         {product} {ergonomic}
     uint ConcGCThreads                            = 1                                         {product} {ergonomic}
     uint G1ConcRefinementThreads                  = 4                                         {product} {ergonomic}
   size_t G1HeapRegionSize                         = 1048576                                   {product} {ergonomic}
    uintx GCDrainStackTargetSize                   = 64                                        {product} {ergonomic}
   size_t InitialHeapSize                          = 134217728                                 {product} {ergonomic}
   size_t MarkStackSize                            = 4194304                                   {product} {ergonomic}
   size_t MaxHeapSize                              = 2118123520                                {product} {ergonomic}
   size_t MaxNewSize                               = 1270874112                                {product} {ergonomic}
   size_t MinHeapDeltaBytes                        = 1048576                                   {product} {ergonomic}
    uintx NonNMethodCodeHeapSize                   = 5830732                                {pd product} {ergonomic}
    uintx NonProfiledCodeHeapSize                  = 122913754                              {pd product} {ergonomic}
    uintx ProfiledCodeHeapSize                     = 122913754                              {pd product} {ergonomic}
    uintx ReservedCodeCacheSize                    = 251658240                              {pd product} {ergonomic}
     bool SegmentedCodeCache                       = true                                      {product} {ergonomic}
     bool UseCompressedClassPointers               = true                                 {lp64_product} {ergonomic}
     bool UseCompressedOops                        = true                                 {lp64_product} {ergonomic}
     bool UseG1GC                                  = true                                      {product} {ergonomic}
     bool UseLargePagesIndividualAllocation        = false                                  {pd product} {ergonomic}

Logging:
Log output configuration:
 #0: stdout all=warning uptime,level,tags
 #1: stderr all=off uptime,level,tags

Environment Variables:
JAVA_HOME=D:\android\jre
CLASSPATH=D:\Anish\SBCB Driver April 12\android\\gradle\wrapper\gradle-wrapper.jar
PATH=C:\WINDOWS\system32;C:\WINDOWS;C:\WINDOWS\System32\Wbem;C:\WINDOWS\System32\WindowsPowerShell\v1.0\;C:\WINDOWS\System32\OpenSSH\;C:\Program Files\Git\cmd;C:\xampp\php;C:\ProgramData\ComposerSetup\bin;D:\flutter\bin;C:\Users\bhaib\AppData\Local\Microsoft\WindowsApps;C:\Users\bhaib\AppData\Local\Programs\Microsoft VS Code\bin;C:\Users\bhaib\AppData\Roaming\Composer\vendor\bin;D:\flutter\bin;;D:\flutter\bin\mingit\cmd
USERNAME=bhaib
OS=Windows_NT
PROCESSOR_IDENTIFIER=Intel64 Family 6 Model 58 Stepping 9, GenuineIntel



---------------  S Y S T E M  ---------------

OS: Windows 10 , 64 bit Build 19041 (10.0.19041.1645)
OS uptime: 0 days 0:22 hours

CPU:total 4 (initial active 4) (4 cores per cpu, 1 threads per core) family 6 model 58 stepping 9 microcode 0x21, cmov, cx8, fxsr, mmx, sse, sse2, sse3, ssse3, sse4.1, sse4.2, popcnt, avx, aes, clmul, erms, tsc, tscinvbit, tscinv

Memory: 4k page, system-wide physical 8078M (3583M free)
TotalPageFile size 19342M (AvailPageFile size 14703M)
current process WorkingSet (physical memory assigned to process): 69M, peak: 69M
current process commit charge ("private bytes"): 207M, peak: 207M

vm_info: OpenJDK 64-Bit Server VM (11.0.11+9-b60-7590822) for windows-amd64 JRE (11.0.11+9-b60-7590822), built on Jul 29 2021 21:43:44 by "builder" with MS VC++ 14.0 (VS2015)

END.
