#
# A fatal error has been detected by the Java Runtime Environment:
#
#  EXCEPTION_ACCESS_VIOLATION (0xc0000005) at pc=0x00007fff7f6f168c, pid=4716, tid=4352
#
# JRE version: OpenJDK Runtime Environment (11.0.11+9) (build 11.0.11+9-b60-7590822)
# Java VM: OpenJDK 64-Bit Server VM (11.0.11+9-b60-7590822, mixed mode, tiered, compressed oops, g1 gc, windows-amd64)
# Problematic frame:
# V  [jvm.dll+0x5d168c]
#
# No core dump will be written. Minidumps are not enabled by default on client versions of Windows
#
# If you would like to submit a bug report, please visit:
#   https://bugreport.java.com/bugreport/crash.jsp
#

---------------  S U M M A R Y ------------

Command Line: --add-opens=java.base/java.util=ALL-UNNAMED --add-opens=java.base/java.lang=ALL-UNNAMED --add-opens=java.base/java.lang.invoke=ALL-UNNAMED --add-opens=java.prefs/java.util.prefs=ALL-UNNAMED -Xmx1536M -Dfile.encoding=windows-1252 -Duser.country=US -Duser.language=en -Duser.variant org.gradle.launcher.daemon.bootstrap.GradleDaemon 6.5

Host: Intel(R) Core(TM) i5-3470S CPU @ 2.90GHz, 4 cores, 7G,  Windows 10 , 64 bit Build 19041 (10.0.19041.1645)
Time: Mon May 16 09:41:33 2022 Nepal Standard Time elapsed time: 6.961262 seconds (0d 0h 0m 6s)

---------------  T H R E A D  ---------------

Current thread (0x000002b1fad71000):  JavaThread "C2 CompilerThread0" daemon [_thread_in_native, id=4352, stack(0x000000b5b3400000,0x000000b5b3500000)]


Current CompileTask:
C2:   6961 2657       4       org.codehaus.groovy.reflection.ParameterTypes::getParameterTypes (16 bytes)

Stack: [0x000000b5b3400000,0x000000b5b3500000],  sp=0x000000b5b34fdae0,  free space=1014k
Native frames: (J=compiled Java code, j=interpreted, Vv=VM code, C=native code)
V  [jvm.dll+0x5d168c]
V  [jvm.dll+0x2051a0]
V  [jvm.dll+0x61c78b]
V  [jvm.dll+0x1fb294]
V  [jvm.dll+0x183d6c]
V  [jvm.dll+0x209a57]
V  [jvm.dll+0x2082a1]
V  [jvm.dll+0x6ef58f]
V  [jvm.dll+0x6e80b5]
V  [jvm.dll+0x5f1036]
C  [ucrtbase.dll+0x21bb2]
C  [KERNEL32.DLL+0x17034]
C  [ntdll.dll+0x52651]


siginfo: EXCEPTION_ACCESS_VIOLATION (0xc0000005), reading address 0x00007fbf7f94b2d0


Register to memory mapping:

RIP=0x00007fff7f6f168c jvm.dll
RAX=0x00007fbf7f94b2d0 is an unknown value
RBX=0x000002b1fdcaf840 points into unknown readable memory: 0x00007fff7f907d30 | 30 7d 90 7f ff 7f 00 00
RCX=0x000002b1fdcaf7f0 points into unknown readable memory: 0x00007fbf7f94b2d0 | d0 b2 94 7f bf 7f 00 00
RDX=0x0000000000000008 is an unknown value
RSP=0x000000b5b34fdae0 is pointing into the stack for thread: 0x000002b1fad71000
RBP=0x000000b5b34fdc60 is pointing into the stack for thread: 0x000002b1fad71000
RSI=0x000000b5b34fe840 is pointing into the stack for thread: 0x000002b1fad71000
RDI=0x000002b1fdcaf7f0 points into unknown readable memory: 0x00007fbf7f94b2d0 | d0 b2 94 7f bf 7f 00 00
R8 =0x000002b1fe19cff0 points into unknown readable memory: 0xc3fe71afbfc007eb | eb 07 c0 bf af 71 fe c3
R9 =0x0000000000000022 is an unknown value
R10=0x0000000000000001 is an unknown value
R11=0x0000000000000003 is an unknown value
R12=0x00000000000002fb is an unknown value
R13=0x0000000000000008 is an unknown value
R14=0x000002b1fdcaf890 points into unknown readable memory: 0x000002b1fdcaf840 | 40 f8 ca fd b1 02 00 00
R15=0x000002b1fdcaf890 points into unknown readable memory: 0x000002b1fdcaf840 | 40 f8 ca fd b1 02 00 00


Registers:
RAX=0x00007fbf7f94b2d0, RBX=0x000002b1fdcaf840, RCX=0x000002b1fdcaf7f0, RDX=0x0000000000000008
RSP=0x000000b5b34fdae0, RBP=0x000000b5b34fdc60, RSI=0x000000b5b34fe840, RDI=0x000002b1fdcaf7f0
R8 =0x000002b1fe19cff0, R9 =0x0000000000000022, R10=0x0000000000000001, R11=0x0000000000000003
R12=0x00000000000002fb, R13=0x0000000000000008, R14=0x000002b1fdcaf890, R15=0x000002b1fdcaf890
RIP=0x00007fff7f6f168c, EFLAGS=0x0000000000010202

Top of Stack: (sp=0x000000b5b34fdae0)
0x000000b5b34fdae0:   0000000000000081 00007fff7f831252
0x000000b5b34fdaf0:   000000b5b34fddb0 000000000000101d
0x000000b5b34fdb00:   000000b5b34fdd90 00007fff7f3251a0
0x000000b5b34fdb10:   000002b1fdcaf7f0 000000b5b34fe840
0x000000b5b34fdb20:   000000b5b34fdd90 0000000000000021
0x000000b5b34fdb30:   000000b5b34fe840 000000b5b34fdd80
0x000000b5b34fdb40:   000002b1fad50f40 000000b5b34fdde0
0x000000b5b34fdb50:   000002b1fad50f40 00007fff7f73c78b
0x000000b5b34fdb60:   000000b5b34fdc60 000000b5b34fdc60
0x000000b5b34fdb70:   00007fff7f90b998 000002b1fad50f40
0x000000b5b34fdb80:   000002b180155778 00007fff7f31b294
0x000000b5b34fdb90:   000002b18014d790 000000b5b34fdc90
0x000000b5b34fdba0:   000002b180151100 000002b1fad50f40
0x000000b5b34fdbb0:   0000000000000000 000000b5b34ff0e8
0x000000b5b34fdbc0:   000002b100000004 000002b180154bd0
0x000000b5b34fdbd0:   000000b5b34ff298 000000b5b34ff2b0 

Instructions: (pc=0x00007fff7f6f168c)
0x00007fff7f6f158c:   74 24 18 57 48 83 ec 20 48 8b 59 10 8b ea 8b 41
0x00007fff7f6f159c:   20 48 8d 34 c3 48 3b de 73 22 66 66 0f 1f 84 00
0x00007fff7f6f15ac:   00 00 00 00 48 8b 3b 48 8b cf 48 8b 07 ff 10 3b
0x00007fff7f6f15bc:   c5 74 0b 48 83 c3 08 48 3b de 72 e8 33 ff 48 8b
0x00007fff7f6f15cc:   5c 24 30 48 85 ff 48 8b 6c 24 38 48 8b 74 24 40
0x00007fff7f6f15dc:   0f 95 c0 48 83 c4 20 5f c3 cc cc cc cc cc cc cc
0x00007fff7f6f15ec:   cc cc cc cc 48 89 5c 24 08 48 89 6c 24 10 48 89
0x00007fff7f6f15fc:   74 24 18 57 41 56 41 57 48 83 ec 20 48 8b 59 10
0x00007fff7f6f160c:   41 8b e9 8b 41 20 45 8b f0 44 8b fa 48 8d 3c c3
0x00007fff7f6f161c:   48 3b df 73 27 8b 74 24 60 48 8b 0b 48 8b 01 ff
0x00007fff7f6f162c:   10 41 3b c7 74 31 41 3b c6 74 2c 3b c5 74 28 3b
0x00007fff7f6f163c:   c6 74 24 48 83 c3 08 48 3b df 72 dd 32 c0 48 8b
0x00007fff7f6f164c:   5c 24 40 48 8b 6c 24 48 48 8b 74 24 50 48 83 c4
0x00007fff7f6f165c:   20 41 5f 41 5e 5f c3 b0 01 eb e3 cc cc cc cc cc
0x00007fff7f6f166c:   cc cc cc cc 48 89 5c 24 08 48 89 74 24 10 57 48
0x00007fff7f6f167c:   83 ec 20 48 8b 41 10 48 8b f9 48 8b 18 48 8b 01
0x00007fff7f6f168c:   ff 10 44 8b 47 2c 41 8b d0 83 e2 7f 8b f0 80 fa
0x00007fff7f6f169c:   50 75 43 48 8b 13 48 8b cb ff 12 3b c6 75 22 48
0x00007fff7f6f16ac:   8b 43 08 48 39 78 08 75 18 b9 01 00 00 00 0f b6
0x00007fff7f6f16bc:   c1 48 8b 5c 24 30 48 8b 74 24 38 48 83 c4 20 5f
0x00007fff7f6f16cc:   c3 33 c9 0f b6 c1 48 8b 5c 24 30 48 8b 74 24 38
0x00007fff7f6f16dc:   48 83 c4 20 5f c3 41 8b c0 83 e0 3f 3c 30 0f 84
0x00007fff7f6f16ec:   da 00 00 00 41 8b c0 25 ff 03 00 00 3d 04 03 00
0x00007fff7f6f16fc:   00 0f 84 c7 00 00 00 41 8b c0 83 e0 0f 3c 0c 0f
0x00007fff7f6f170c:   84 b9 00 00 00 83 fe 16 75 2f 48 8b 03 48 8b cb
0x00007fff7f6f171c:   ff 10 83 f8 7a 75 aa 48 8b 43 08 48 39 78 08 75
0x00007fff7f6f172c:   a0 b9 01 00 00 00 0f b6 c1 48 8b 5c 24 30 48 8b
0x00007fff7f6f173c:   74 24 38 48 83 c4 20 5f c3 8d 86 e8 fe ff ff 83
0x00007fff7f6f174c:   f8 01 76 44 41 83 e0 1f 41 80 f8 15 75 28 8b 4b
0x00007fff7f6f175c:   2c 8b c1 25 ff 01 00 00 3d 48 01 00 00 74 05 80
0x00007fff7f6f176c:   f9 c8 75 12 b0 01 48 8b 5c 24 30 48 8b 74 24 38
0x00007fff7f6f177c:   48 83 c4 20 5f c3 32 c0 48 8b 5c 24 30 48 8b 74 


Stack slot to memory mapping:
stack at sp + 0 slots: 0x0000000000000081 is an unknown value
stack at sp + 1 slots: 0x00007fff7f831252 jvm.dll
stack at sp + 2 slots: 0x000000b5b34fddb0 is pointing into the stack for thread: 0x000002b1fad71000
stack at sp + 3 slots: 0x000000000000101d is an unknown value
stack at sp + 4 slots: 0x000000b5b34fdd90 is pointing into the stack for thread: 0x000002b1fad71000
stack at sp + 5 slots: 0x00007fff7f3251a0 jvm.dll
stack at sp + 6 slots: 0x000002b1fdcaf7f0 points into unknown readable memory: 0x00007fbf7f94b2d0 | d0 b2 94 7f bf 7f 00 00
stack at sp + 7 slots: 0x000000b5b34fe840 is pointing into the stack for thread: 0x000002b1fad71000


---------------  P R O C E S S  ---------------

Threads class SMR info:
_java_thread_list=0x000002b180bf8ac0, length=31, elements={
0x000002b1e246c000, 0x000002b1fad4c800, 0x000002b1fad4e000, 0x000002b1fad69000,
0x000002b1fad6c800, 0x000002b1fad6d800, 0x000002b1fad71000, 0x000002b1fad78000,
0x000002b1fad79000, 0x000002b1fb83a000, 0x000002b1fc1d4800, 0x000002b1fcfd2800,
0x000002b1fcfce800, 0x000002b1fcfd3000, 0x000002b1fcfd4000, 0x000002b1fcfd0800,
0x000002b1fcfd5000, 0x000002b1fcfd1800, 0x000002b1fcfcf000, 0x000002b1fcfd0000,
0x000002b1fd6ac000, 0x000002b1fd6ac800, 0x000002b1fd6a7800, 0x000002b1fd6ab000,
0x000002b1fd6a8800, 0x000002b1fd6aa000, 0x000002b1fd6a9800, 0x000002b1fd6a7000,
0x000002b1fd6b2800, 0x000002b1fd6b0800, 0x000002b1fd6b0000
}

Java Threads: ( => current thread )
  0x000002b1e246c000 JavaThread "main" [_thread_blocked, id=8436, stack(0x000000b5b2800000,0x000000b5b2900000)]
  0x000002b1fad4c800 JavaThread "Reference Handler" daemon [_thread_blocked, id=6468, stack(0x000000b5b2f00000,0x000000b5b3000000)]
  0x000002b1fad4e000 JavaThread "Finalizer" daemon [_thread_blocked, id=8928, stack(0x000000b5b3000000,0x000000b5b3100000)]
  0x000002b1fad69000 JavaThread "Signal Dispatcher" daemon [_thread_blocked, id=6592, stack(0x000000b5b3100000,0x000000b5b3200000)]
  0x000002b1fad6c800 JavaThread "Attach Listener" daemon [_thread_blocked, id=9952, stack(0x000000b5b3200000,0x000000b5b3300000)]
  0x000002b1fad6d800 JavaThread "Service Thread" daemon [_thread_blocked, id=2460, stack(0x000000b5b3300000,0x000000b5b3400000)]
=>0x000002b1fad71000 JavaThread "C2 CompilerThread0" daemon [_thread_in_native, id=4352, stack(0x000000b5b3400000,0x000000b5b3500000)]
  0x000002b1fad78000 JavaThread "C1 CompilerThread0" daemon [_thread_blocked, id=4064, stack(0x000000b5b3500000,0x000000b5b3600000)]
  0x000002b1fad79000 JavaThread "Sweeper thread" daemon [_thread_blocked, id=7344, stack(0x000000b5b3600000,0x000000b5b3700000)]
  0x000002b1fb83a000 JavaThread "Common-Cleaner" daemon [_thread_blocked, id=9808, stack(0x000000b5b3700000,0x000000b5b3800000)]
  0x000002b1fc1d4800 JavaThread "C2 CompilerThread1" daemon [_thread_in_native, id=1564, stack(0x000000b5b3900000,0x000000b5b3a00000)]
  0x000002b1fcfd2800 JavaThread "Daemon health stats" [_thread_blocked, id=8288, stack(0x000000b5b3c00000,0x000000b5b3d00000)]
  0x000002b1fcfce800 JavaThread "Incoming local TCP Connector on port 50005" [_thread_in_native, id=8576, stack(0x000000b5b3f00000,0x000000b5b4000000)]
  0x000002b1fcfd3000 JavaThread "Daemon periodic checks" [_thread_blocked, id=9892, stack(0x000000b5b4000000,0x000000b5b4100000)]
  0x000002b1fcfd4000 JavaThread "Daemon" [_thread_blocked, id=1388, stack(0x000000b5b4100000,0x000000b5b4200000)]
  0x000002b1fcfd0800 JavaThread "Handler for socket connection from /127.0.0.1:50005 to /127.0.0.1:50006" [_thread_in_native, id=1928, stack(0x000000b5b4200000,0x000000b5b4300000)]
  0x000002b1fcfd5000 JavaThread "Cancel handler" [_thread_blocked, id=1948, stack(0x000000b5b4300000,0x000000b5b4400000)]
  0x000002b1fcfd1800 JavaThread "Daemon worker" [_thread_blocked, id=5812, stack(0x000000b5b4400000,0x000000b5b4500000)]
  0x000002b1fcfcf000 JavaThread "Asynchronous log dispatcher for DefaultDaemonConnection: socket connection from /127.0.0.1:50005 to /127.0.0.1:50006" [_thread_blocked, id=824, stack(0x000000b5b4500000,0x000000b5b4600000)]
  0x000002b1fcfd0000 JavaThread "Stdin handler" [_thread_blocked, id=8744, stack(0x000000b5b4600000,0x000000b5b4700000)]
  0x000002b1fd6ac000 JavaThread "Thread-8" [_thread_blocked, id=8800, stack(0x000000b5b4700000,0x000000b5b4800000)]
  0x000002b1fd6ac800 JavaThread "Cache worker for journal cache (C:\Users\bhaib\.gradle\caches\journal-1)" [_thread_blocked, id=7224, stack(0x000000b5b4800000,0x000000b5b4900000)]
  0x000002b1fd6a7800 JavaThread "File lock request listener" [_thread_in_native, id=640, stack(0x000000b5b4900000,0x000000b5b4a00000)]
  0x000002b1fd6ab000 JavaThread "Cache worker for file hash cache (C:\Users\bhaib\.gradle\caches\6.5\fileHashes)" [_thread_blocked, id=3268, stack(0x000000b5b4b00000,0x000000b5b4c00000)]
  0x000002b1fd6a8800 JavaThread "Cache worker for file hash cache (D:\Anish\SBCB Driver April 12\android\.gradle\6.5\fileHashes)" [_thread_blocked, id=8176, stack(0x000000b5b4c00000,0x000000b5b4d00000)]
  0x000002b1fd6aa000 JavaThread "Cache worker for checksums cache (D:\Anish\SBCB Driver April 12\android\.gradle\checksums)" [_thread_blocked, id=10888, stack(0x000000b5b4d00000,0x000000b5b4e00000)]
  0x000002b1fd6a9800 JavaThread "Cache worker for cache directory md-supplier (C:\Users\bhaib\.gradle\caches\6.5\md-supplier)" [_thread_blocked, id=5632, stack(0x000000b5b4e00000,0x000000b5b4f00000)]
  0x000002b1fd6a7000 JavaThread "Cache worker for cache directory md-rule (C:\Users\bhaib\.gradle\caches\6.5\md-rule)" [_thread_blocked, id=7200, stack(0x000000b5b4f00000,0x000000b5b5000000)]
  0x000002b1fd6b2800 JavaThread "Cache worker for execution history cache (C:\Users\bhaib\.gradle\caches\6.5\executionHistory)" [_thread_blocked, id=5584, stack(0x000000b5b5000000,0x000000b5b5100000)]
  0x000002b1fd6b0800 JavaThread "jar transforms" [_thread_blocked, id=9448, stack(0x000000b5b5100000,0x000000b5b5200000)]
  0x000002b1fd6b0000 JavaThread "Cache worker for file content cache (C:\Users\bhaib\.gradle\caches\6.5\fileContent)" [_thread_blocked, id=5684, stack(0x000000b5b5200000,0x000000b5b5300000)]

Other Threads:
  0x000002b1fad27800 VMThread "VM Thread" [stack: 0x000000b5b2e00000,0x000000b5b2f00000] [id=4768]
  0x000002b1fb850000 WatcherThread [stack: 0x000000b5b3800000,0x000000b5b3900000] [id=8460]
  0x000002b1e2486000 GCTaskThread "GC Thread#0" [stack: 0x000000b5b2900000,0x000000b5b2a00000] [id=8056]
  0x000002b1fbee8800 GCTaskThread "GC Thread#1" [stack: 0x000000b5b3a00000,0x000000b5b3b00000] [id=7960]
  0x000002b1fbf93800 GCTaskThread "GC Thread#2" [stack: 0x000000b5b3b00000,0x000000b5b3c00000] [id=9064]
  0x000002b1fc78a800 GCTaskThread "GC Thread#3" [stack: 0x000000b5b4a00000,0x000000b5b4b00000] [id=5284]
  0x000002b1e24ab800 ConcurrentGCThread "G1 Main Marker" [stack: 0x000000b5b2a00000,0x000000b5b2b00000] [id=7192]
  0x000002b1e24ad800 ConcurrentGCThread "G1 Conc#0" [stack: 0x000000b5b2b00000,0x000000b5b2c00000] [id=7080]
  0x000002b1e253b800 ConcurrentGCThread "G1 Refine#0" [stack: 0x000000b5b2c00000,0x000000b5b2d00000] [id=7992]
  0x000002b1e253c800 ConcurrentGCThread "G1 Young RemSet Sampling" [stack: 0x000000b5b2d00000,0x000000b5b2e00000] [id=5672]

Threads with active compile tasks:
C2 CompilerThread0   7020 2657       4       org.codehaus.groovy.reflection.ParameterTypes::getParameterTypes (16 bytes)
C2 CompilerThread1   7020 2633       4       java.util.AbstractCollection::addAll (42 bytes)

VM state:at safepoint (normal execution)

VM Mutex/Monitor currently owned by a thread:  ([mutex/lock_event])
[0x000002b1e24673a0] Threads_lock - owner thread: 0x000002b1fad27800
[0x000002b1e2467dc0] Heap_lock - owner thread: 0x000002b1fcfd1800

Heap address: 0x00000000a0000000, size: 1536 MB, Compressed Oops mode: 32-bit
Narrow klass base: 0x0000000000000000, Narrow klass shift: 3
Compressed class space size: 1073741824 Address: 0x0000000100000000

Heap:
 garbage-first heap   total 131072K, used 66577K [0x00000000a0000000, 0x0000000100000000)
  region size 1024K, 50 young (51200K), 5 survivors (5120K)
 Metaspace       used 35198K, capacity 35810K, committed 35888K, reserved 1081344K
  class space    used 4436K, capacity 4696K, committed 4736K, reserved 1048576K
Heap Regions: E=young(eden), S=young(survivor), O=old, HS=humongous(starts), HC=humongous(continues), CS=collection set, F=free, A=archive, TAMS=top-at-mark-start (previous, next)
|   0|0x00000000a0000000, 0x00000000a0100000, 0x00000000a0100000|100%| O|  |TAMS 0x00000000a0100000, 0x00000000a0100000| Untracked 
|   1|0x00000000a0100000, 0x00000000a0200000, 0x00000000a0200000|100%| O|  |TAMS 0x00000000a0200000, 0x00000000a0200000| Untracked 
|   2|0x00000000a0200000, 0x00000000a0300000, 0x00000000a0300000|100%| O|  |TAMS 0x00000000a0300000, 0x00000000a0300000| Untracked 
|   3|0x00000000a0300000, 0x00000000a0400000, 0x00000000a0400000|100%|HS|  |TAMS 0x00000000a0400000, 0x00000000a0400000| Complete 
|   4|0x00000000a0400000, 0x00000000a0500000, 0x00000000a0500000|100%|HC|  |TAMS 0x00000000a0500000, 0x00000000a0500000| Complete 
|   5|0x00000000a0500000, 0x00000000a0600000, 0x00000000a0600000|100%|HC|  |TAMS 0x00000000a0600000, 0x00000000a0600000| Complete 
|   6|0x00000000a0600000, 0x00000000a0700000, 0x00000000a0700000|100%| O|  |TAMS 0x00000000a0700000, 0x00000000a0700000| Untracked 
|   7|0x00000000a0700000, 0x00000000a0800000, 0x00000000a0800000|100%| O|  |TAMS 0x00000000a0800000, 0x00000000a0800000| Untracked 
|   8|0x00000000a0800000, 0x00000000a0900000, 0x00000000a0900000|100%| O|  |TAMS 0x00000000a0900000, 0x00000000a0900000| Untracked 
|   9|0x00000000a0900000, 0x00000000a0a00000, 0x00000000a0a00000|100%|HS|  |TAMS 0x00000000a0900000, 0x00000000a0a00000| Complete 
|  10|0x00000000a0a00000, 0x00000000a0b00000, 0x00000000a0b00000|100%| O|  |TAMS 0x00000000a0b00000, 0x00000000a0b00000| Untracked 
|  11|0x00000000a0b00000, 0x00000000a0c00000, 0x00000000a0c00000|100%| O|  |TAMS 0x00000000a0c00000, 0x00000000a0c00000| Untracked 
|  12|0x00000000a0c00000, 0x00000000a0d00000, 0x00000000a0d00000|100%| O|  |TAMS 0x00000000a0d00000, 0x00000000a0d00000| Untracked 
|  13|0x00000000a0d00000, 0x00000000a0d57c00, 0x00000000a0e00000| 34%| O|  |TAMS 0x00000000a0d57c00, 0x00000000a0e00000| Untracked 
|  14|0x00000000a0e00000, 0x00000000a0f00000, 0x00000000a0f00000|100%|HS|  |TAMS 0x00000000a0e00000, 0x00000000a0f00000| Complete 
|  15|0x00000000a0f00000, 0x00000000a1000000, 0x00000000a1000000|100%|HC|  |TAMS 0x00000000a0f00000, 0x00000000a1000000| Complete 
|  16|0x00000000a1000000, 0x00000000a1000000, 0x00000000a1100000|  0%| F|  |TAMS 0x00000000a1000000, 0x00000000a1000000| Untracked 
|  17|0x00000000a1100000, 0x00000000a1100000, 0x00000000a1200000|  0%| F|  |TAMS 0x00000000a1100000, 0x00000000a1100000| Untracked 
|  18|0x00000000a1200000, 0x00000000a1200000, 0x00000000a1300000|  0%| F|  |TAMS 0x00000000a1200000, 0x00000000a1200000| Untracked 
|  19|0x00000000a1300000, 0x00000000a1300000, 0x00000000a1400000|  0%| F|  |TAMS 0x00000000a1300000, 0x00000000a1300000| Untracked 
|  20|0x00000000a1400000, 0x00000000a1400000, 0x00000000a1500000|  0%| F|  |TAMS 0x00000000a1400000, 0x00000000a1400000| Untracked 
|  21|0x00000000a1500000, 0x00000000a1500000, 0x00000000a1600000|  0%| F|  |TAMS 0x00000000a1500000, 0x00000000a1500000| Untracked 
|  22|0x00000000a1600000, 0x00000000a1600000, 0x00000000a1700000|  0%| F|  |TAMS 0x00000000a1600000, 0x00000000a1600000| Untracked 
|  23|0x00000000a1700000, 0x00000000a1700000, 0x00000000a1800000|  0%| F|  |TAMS 0x00000000a1700000, 0x00000000a1700000| Untracked 
|  24|0x00000000a1800000, 0x00000000a1800000, 0x00000000a1900000|  0%| F|  |TAMS 0x00000000a1800000, 0x00000000a1800000| Untracked 
|  25|0x00000000a1900000, 0x00000000a1900000, 0x00000000a1a00000|  0%| F|  |TAMS 0x00000000a1900000, 0x00000000a1900000| Untracked 
|  26|0x00000000a1a00000, 0x00000000a1a00000, 0x00000000a1b00000|  0%| F|  |TAMS 0x00000000a1a00000, 0x00000000a1a00000| Untracked 
|  27|0x00000000a1b00000, 0x00000000a1b00000, 0x00000000a1c00000|  0%| F|  |TAMS 0x00000000a1b00000, 0x00000000a1b00000| Untracked 
|  28|0x00000000a1c00000, 0x00000000a1c00000, 0x00000000a1d00000|  0%| F|  |TAMS 0x00000000a1c00000, 0x00000000a1c00000| Untracked 
|  29|0x00000000a1d00000, 0x00000000a1d00000, 0x00000000a1e00000|  0%| F|  |TAMS 0x00000000a1d00000, 0x00000000a1d00000| Untracked 
|  30|0x00000000a1e00000, 0x00000000a1e00000, 0x00000000a1f00000|  0%| F|  |TAMS 0x00000000a1e00000, 0x00000000a1e00000| Untracked 
|  31|0x00000000a1f00000, 0x00000000a1f00000, 0x00000000a2000000|  0%| F|  |TAMS 0x00000000a1f00000, 0x00000000a1f00000| Untracked 
|  32|0x00000000a2000000, 0x00000000a2000000, 0x00000000a2100000|  0%| F|  |TAMS 0x00000000a2000000, 0x00000000a2000000| Untracked 
|  33|0x00000000a2100000, 0x00000000a2100000, 0x00000000a2200000|  0%| F|  |TAMS 0x00000000a2100000, 0x00000000a2100000| Untracked 
|  34|0x00000000a2200000, 0x00000000a2200000, 0x00000000a2300000|  0%| F|  |TAMS 0x00000000a2200000, 0x00000000a2200000| Untracked 
|  35|0x00000000a2300000, 0x00000000a2300000, 0x00000000a2400000|  0%| F|  |TAMS 0x00000000a2300000, 0x00000000a2300000| Untracked 
|  36|0x00000000a2400000, 0x00000000a2400000, 0x00000000a2500000|  0%| F|  |TAMS 0x00000000a2400000, 0x00000000a2400000| Untracked 
|  37|0x00000000a2500000, 0x00000000a2500000, 0x00000000a2600000|  0%| F|  |TAMS 0x00000000a2500000, 0x00000000a2500000| Untracked 
|  38|0x00000000a2600000, 0x00000000a2600000, 0x00000000a2700000|  0%| F|  |TAMS 0x00000000a2600000, 0x00000000a2600000| Untracked 
|  39|0x00000000a2700000, 0x00000000a2700000, 0x00000000a2800000|  0%| F|  |TAMS 0x00000000a2700000, 0x00000000a2700000| Untracked 
|  40|0x00000000a2800000, 0x00000000a2800000, 0x00000000a2900000|  0%| F|  |TAMS 0x00000000a2800000, 0x00000000a2800000| Untracked 
|  41|0x00000000a2900000, 0x00000000a2900000, 0x00000000a2a00000|  0%| F|  |TAMS 0x00000000a2900000, 0x00000000a2900000| Untracked 
|  42|0x00000000a2a00000, 0x00000000a2a00000, 0x00000000a2b00000|  0%| F|  |TAMS 0x00000000a2a00000, 0x00000000a2a00000| Untracked 
|  43|0x00000000a2b00000, 0x00000000a2b00000, 0x00000000a2c00000|  0%| F|  |TAMS 0x00000000a2b00000, 0x00000000a2b00000| Untracked 
|  44|0x00000000a2c00000, 0x00000000a2c00000, 0x00000000a2d00000|  0%| F|  |TAMS 0x00000000a2c00000, 0x00000000a2c00000| Untracked 
|  45|0x00000000a2d00000, 0x00000000a2d00000, 0x00000000a2e00000|  0%| F|  |TAMS 0x00000000a2d00000, 0x00000000a2d00000| Untracked 
|  46|0x00000000a2e00000, 0x00000000a2e00000, 0x00000000a2f00000|  0%| F|  |TAMS 0x00000000a2e00000, 0x00000000a2e00000| Untracked 
|  47|0x00000000a2f00000, 0x00000000a2f00000, 0x00000000a3000000|  0%| F|  |TAMS 0x00000000a2f00000, 0x00000000a2f00000| Untracked 
|  48|0x00000000a3000000, 0x00000000a3000000, 0x00000000a3100000|  0%| F|  |TAMS 0x00000000a3000000, 0x00000000a3000000| Untracked 
|  49|0x00000000a3100000, 0x00000000a3100000, 0x00000000a3200000|  0%| F|  |TAMS 0x00000000a3100000, 0x00000000a3100000| Untracked 
|  50|0x00000000a3200000, 0x00000000a3200000, 0x00000000a3300000|  0%| F|  |TAMS 0x00000000a3200000, 0x00000000a3200000| Untracked 
|  51|0x00000000a3300000, 0x00000000a3300000, 0x00000000a3400000|  0%| F|  |TAMS 0x00000000a3300000, 0x00000000a3300000| Untracked 
|  52|0x00000000a3400000, 0x00000000a3400000, 0x00000000a3500000|  0%| F|  |TAMS 0x00000000a3400000, 0x00000000a3400000| Untracked 
|  53|0x00000000a3500000, 0x00000000a3500000, 0x00000000a3600000|  0%| F|  |TAMS 0x00000000a3500000, 0x00000000a3500000| Untracked 
|  54|0x00000000a3600000, 0x00000000a3600000, 0x00000000a3700000|  0%| F|  |TAMS 0x00000000a3600000, 0x00000000a3600000| Untracked 
|  55|0x00000000a3700000, 0x00000000a3700000, 0x00000000a3800000|  0%| F|  |TAMS 0x00000000a3700000, 0x00000000a3700000| Untracked 
|  56|0x00000000a3800000, 0x00000000a3800000, 0x00000000a3900000|  0%| F|  |TAMS 0x00000000a3800000, 0x00000000a3800000| Untracked 
|  57|0x00000000a3900000, 0x00000000a3900000, 0x00000000a3a00000|  0%| F|  |TAMS 0x00000000a3900000, 0x00000000a3900000| Untracked 
|  58|0x00000000a3a00000, 0x00000000a3a00000, 0x00000000a3b00000|  0%| F|  |TAMS 0x00000000a3a00000, 0x00000000a3a00000| Untracked 
|  59|0x00000000a3b00000, 0x00000000a3b00000, 0x00000000a3c00000|  0%| F|  |TAMS 0x00000000a3b00000, 0x00000000a3b00000| Untracked 
|  60|0x00000000a3c00000, 0x00000000a3c00000, 0x00000000a3d00000|  0%| F|  |TAMS 0x00000000a3c00000, 0x00000000a3c00000| Untracked 
|  61|0x00000000a3d00000, 0x00000000a3d00000, 0x00000000a3e00000|  0%| F|  |TAMS 0x00000000a3d00000, 0x00000000a3d00000| Untracked 
|  62|0x00000000a3e00000, 0x00000000a3e00000, 0x00000000a3f00000|  0%| F|  |TAMS 0x00000000a3e00000, 0x00000000a3e00000| Untracked 
|  63|0x00000000a3f00000, 0x00000000a3f00000, 0x00000000a4000000|  0%| F|  |TAMS 0x00000000a3f00000, 0x00000000a3f00000| Untracked 
|  64|0x00000000a4000000, 0x00000000a4000000, 0x00000000a4100000|  0%| F|  |TAMS 0x00000000a4000000, 0x00000000a4000000| Untracked 
|  65|0x00000000a4100000, 0x00000000a4100000, 0x00000000a4200000|  0%| F|  |TAMS 0x00000000a4100000, 0x00000000a4100000| Untracked 
|  66|0x00000000a4200000, 0x00000000a4200000, 0x00000000a4300000|  0%| F|  |TAMS 0x00000000a4200000, 0x00000000a4200000| Untracked 
|  67|0x00000000a4300000, 0x00000000a4300000, 0x00000000a4400000|  0%| F|  |TAMS 0x00000000a4300000, 0x00000000a4300000| Untracked 
|  68|0x00000000a4400000, 0x00000000a4400000, 0x00000000a4500000|  0%| F|  |TAMS 0x00000000a4400000, 0x00000000a4400000| Untracked 
|  69|0x00000000a4500000, 0x00000000a4500000, 0x00000000a4600000|  0%| F|  |TAMS 0x00000000a4500000, 0x00000000a4500000| Untracked 
|  70|0x00000000a4600000, 0x00000000a4600000, 0x00000000a4700000|  0%| F|  |TAMS 0x00000000a4600000, 0x00000000a4600000| Untracked 
|  71|0x00000000a4700000, 0x00000000a47ed2a8, 0x00000000a4800000| 92%| E|CS|TAMS 0x00000000a4700000, 0x00000000a47ed2a8| Complete 
|  72|0x00000000a4800000, 0x00000000a4900000, 0x00000000a4900000|100%| E|CS|TAMS 0x00000000a4800000, 0x00000000a4900000| Complete 
|  73|0x00000000a4900000, 0x00000000a4a00000, 0x00000000a4a00000|100%| E|CS|TAMS 0x00000000a4900000, 0x00000000a4a00000| Complete 
|  74|0x00000000a4a00000, 0x00000000a4b00000, 0x00000000a4b00000|100%| E|CS|TAMS 0x00000000a4a00000, 0x00000000a4b00000| Complete 
|  75|0x00000000a4b00000, 0x00000000a4c00000, 0x00000000a4c00000|100%| E|CS|TAMS 0x00000000a4b00000, 0x00000000a4c00000| Complete 
|  76|0x00000000a4c00000, 0x00000000a4c00000, 0x00000000a4d00000|  0%| F|  |TAMS 0x00000000a4c00000, 0x00000000a4c00000| Untracked 
|  77|0x00000000a4d00000, 0x00000000a4d00000, 0x00000000a4e00000|  0%| F|  |TAMS 0x00000000a4d00000, 0x00000000a4d00000| Untracked 
|  78|0x00000000a4e00000, 0x00000000a4e33910, 0x00000000a4f00000| 20%| S|  |TAMS 0x00000000a4e00000, 0x00000000a4e00000| Complete 
|  79|0x00000000a4f00000, 0x00000000a5000000, 0x00000000a5000000|100%| S|  |TAMS 0x00000000a4f00000, 0x00000000a4f00000| Complete 
|  80|0x00000000a5000000, 0x00000000a5100000, 0x00000000a5100000|100%| S|  |TAMS 0x00000000a5000000, 0x00000000a5000000| Complete 
|  81|0x00000000a5100000, 0x00000000a5200000, 0x00000000a5200000|100%| S|  |TAMS 0x00000000a5100000, 0x00000000a5100000| Complete 
|  82|0x00000000a5200000, 0x00000000a5300000, 0x00000000a5300000|100%| S|  |TAMS 0x00000000a5200000, 0x00000000a5200000| Complete 
|  83|0x00000000a5300000, 0x00000000a53bf820, 0x00000000a5400000| 74%| E|CS|TAMS 0x00000000a5300000, 0x00000000a53bf820| Complete 
|  84|0x00000000a5400000, 0x00000000a5500000, 0x00000000a5500000|100%| E|CS|TAMS 0x00000000a5400000, 0x00000000a5500000| Complete 
|  85|0x00000000a5500000, 0x00000000a5600000, 0x00000000a5600000|100%| E|CS|TAMS 0x00000000a5500000, 0x00000000a5600000| Complete 
|  86|0x00000000a5600000, 0x00000000a5700000, 0x00000000a5700000|100%| E|CS|TAMS 0x00000000a5600000, 0x00000000a5700000| Complete 
|  87|0x00000000a5700000, 0x00000000a5800000, 0x00000000a5800000|100%| E|CS|TAMS 0x00000000a5700000, 0x00000000a5800000| Complete 
|  88|0x00000000a5800000, 0x00000000a5900000, 0x00000000a5900000|100%| E|CS|TAMS 0x00000000a5800000, 0x00000000a5900000| Complete 
|  89|0x00000000a5900000, 0x00000000a5a00000, 0x00000000a5a00000|100%| E|CS|TAMS 0x00000000a5900000, 0x00000000a5a00000| Complete 
|  90|0x00000000a5a00000, 0x00000000a5b00000, 0x00000000a5b00000|100%| E|CS|TAMS 0x00000000a5a00000, 0x00000000a5b00000| Complete 
|  91|0x00000000a5b00000, 0x00000000a5c00000, 0x00000000a5c00000|100%| E|CS|TAMS 0x00000000a5b00000, 0x00000000a5c00000| Complete 
|  92|0x00000000a5c00000, 0x00000000a5d00000, 0x00000000a5d00000|100%| E|CS|TAMS 0x00000000a5c00000, 0x00000000a5d00000| Complete 
|  93|0x00000000a5d00000, 0x00000000a5e00000, 0x00000000a5e00000|100%| E|CS|TAMS 0x00000000a5d00000, 0x00000000a5e00000| Complete 
|  94|0x00000000a5e00000, 0x00000000a5f00000, 0x00000000a5f00000|100%| E|CS|TAMS 0x00000000a5e00000, 0x00000000a5f00000| Complete 
|  95|0x00000000a5f00000, 0x00000000a6000000, 0x00000000a6000000|100%| E|CS|TAMS 0x00000000a5f00000, 0x00000000a6000000| Complete 
|  96|0x00000000a6000000, 0x00000000a6100000, 0x00000000a6100000|100%| E|CS|TAMS 0x00000000a6000000, 0x00000000a6100000| Complete 
|  97|0x00000000a6100000, 0x00000000a6200000, 0x00000000a6200000|100%| E|CS|TAMS 0x00000000a6100000, 0x00000000a6200000| Complete 
|  98|0x00000000a6200000, 0x00000000a6300000, 0x00000000a6300000|100%| E|CS|TAMS 0x00000000a6200000, 0x00000000a6300000| Complete 
|  99|0x00000000a6300000, 0x00000000a6400000, 0x00000000a6400000|100%| E|CS|TAMS 0x00000000a6300000, 0x00000000a6400000| Complete 
| 100|0x00000000a6400000, 0x00000000a6500000, 0x00000000a6500000|100%| E|CS|TAMS 0x00000000a6400000, 0x00000000a6500000| Complete 
| 101|0x00000000a6500000, 0x00000000a6600000, 0x00000000a6600000|100%| E|CS|TAMS 0x00000000a6500000, 0x00000000a6600000| Complete 
| 102|0x00000000a6600000, 0x00000000a6700000, 0x00000000a6700000|100%| E|CS|TAMS 0x00000000a6600000, 0x00000000a6700000| Complete 
| 103|0x00000000a6700000, 0x00000000a6800000, 0x00000000a6800000|100%| E|CS|TAMS 0x00000000a6700000, 0x00000000a6800000| Complete 
| 104|0x00000000a6800000, 0x00000000a6900000, 0x00000000a6900000|100%| E|CS|TAMS 0x00000000a6800000, 0x00000000a6900000| Complete 
| 105|0x00000000a6900000, 0x00000000a6a00000, 0x00000000a6a00000|100%| E|CS|TAMS 0x00000000a6900000, 0x00000000a6a00000| Complete 
| 106|0x00000000a6a00000, 0x00000000a6b00000, 0x00000000a6b00000|100%| E|CS|TAMS 0x00000000a6a00000, 0x00000000a6b00000| Complete 
| 107|0x00000000a6b00000, 0x00000000a6c00000, 0x00000000a6c00000|100%| E|CS|TAMS 0x00000000a6b00000, 0x00000000a6c00000| Complete 
| 108|0x00000000a6c00000, 0x00000000a6d00000, 0x00000000a6d00000|100%| E|CS|TAMS 0x00000000a6c00000, 0x00000000a6d00000| Complete 
| 109|0x00000000a6d00000, 0x00000000a6e00000, 0x00000000a6e00000|100%| E|CS|TAMS 0x00000000a6d00000, 0x00000000a6e00000| Complete 
| 110|0x00000000a6e00000, 0x00000000a6f00000, 0x00000000a6f00000|100%| E|CS|TAMS 0x00000000a6e00000, 0x00000000a6f00000| Complete 
| 111|0x00000000a6f00000, 0x00000000a7000000, 0x00000000a7000000|100%| E|CS|TAMS 0x00000000a6f00000, 0x00000000a7000000| Complete 
| 112|0x00000000a7000000, 0x00000000a7100000, 0x00000000a7100000|100%| E|CS|TAMS 0x00000000a7000000, 0x00000000a7100000| Complete 
| 113|0x00000000a7100000, 0x00000000a7200000, 0x00000000a7200000|100%| E|CS|TAMS 0x00000000a7100000, 0x00000000a7200000| Complete 
| 114|0x00000000a7200000, 0x00000000a7300000, 0x00000000a7300000|100%| E|CS|TAMS 0x00000000a7200000, 0x00000000a7300000| Complete 
| 115|0x00000000a7300000, 0x00000000a7400000, 0x00000000a7400000|100%| E|CS|TAMS 0x00000000a7300000, 0x00000000a7400000| Complete 
| 116|0x00000000a7400000, 0x00000000a7500000, 0x00000000a7500000|100%| E|CS|TAMS 0x00000000a7400000, 0x00000000a7500000| Complete 
| 117|0x00000000a7500000, 0x00000000a7600000, 0x00000000a7600000|100%| E|CS|TAMS 0x00000000a7500000, 0x00000000a7600000| Complete 
| 118|0x00000000a7600000, 0x00000000a7700000, 0x00000000a7700000|100%| E|CS|TAMS 0x00000000a7600000, 0x00000000a7700000| Complete 
| 119|0x00000000a7700000, 0x00000000a7800000, 0x00000000a7800000|100%| E|CS|TAMS 0x00000000a7700000, 0x00000000a7800000| Complete 
| 120|0x00000000a7800000, 0x00000000a7900000, 0x00000000a7900000|100%| E|CS|TAMS 0x00000000a7800000, 0x00000000a7900000| Complete 
| 121|0x00000000a7900000, 0x00000000a7a00000, 0x00000000a7a00000|100%| E|CS|TAMS 0x00000000a7900000, 0x00000000a7a00000| Complete 
| 122|0x00000000a7a00000, 0x00000000a7b00000, 0x00000000a7b00000|100%| E|CS|TAMS 0x00000000a7a00000, 0x00000000a7b00000| Complete 
| 123|0x00000000a7b00000, 0x00000000a7c00000, 0x00000000a7c00000|100%| E|CS|TAMS 0x00000000a7b00000, 0x00000000a7c00000| Complete 
| 124|0x00000000a7c00000, 0x00000000a7d00000, 0x00000000a7d00000|100%| E|CS|TAMS 0x00000000a7c00000, 0x00000000a7d00000| Complete 
| 125|0x00000000a7d00000, 0x00000000a7e00000, 0x00000000a7e00000|100%| E|CS|TAMS 0x00000000a7d00000, 0x00000000a7e00000| Complete 
| 126|0x00000000a7e00000, 0x00000000a7f00000, 0x00000000a7f00000|100%| E|CS|TAMS 0x00000000a7e00000, 0x00000000a7f00000| Complete 
| 127|0x00000000a7f00000, 0x00000000a8000000, 0x00000000a8000000|100%| E|CS|TAMS 0x00000000a7f00000, 0x00000000a8000000| Complete 

Card table byte_map: [0x000002b1f5270000,0x000002b1f5570000] _byte_map_base: 0x000002b1f4d70000

Marking Bits (Prev, Next): (CMBitMap*) 0x000002b1e24a48f0, (CMBitMap*) 0x000002b1e24a48b8
 Prev Bits: [0x000002b1f7070000, 0x000002b1f8870000)
 Next Bits: [0x000002b1f5870000, 0x000002b1f7070000)

Polling page: 0x000002b1e0280000

Metaspace:

Usage:
  Non-class:     30.38 MB capacity,    30.04 MB ( 99%) used,   290.18 KB ( <1%) free+waste,    61.75 KB ( <1%) overhead. 
      Class:      4.59 MB capacity,     4.33 MB ( 94%) used,   229.56 KB (  5%) free+waste,    29.69 KB ( <1%) overhead. 
       Both:     34.97 MB capacity,    34.37 MB ( 98%) used,   519.74 KB (  1%) free+waste,    91.44 KB ( <1%) overhead. 

Virtual space:
  Non-class space:       32.00 MB reserved,      30.42 MB ( 95%) committed 
      Class space:        1.00 GB reserved,       4.63 MB ( <1%) committed 
             Both:        1.03 GB reserved,      35.05 MB (  3%) committed 

Chunk freelists:
   Non-Class:  38.00 KB
       Class:  8.00 KB
        Both:  46.00 KB

MaxMetaspaceSize: 17179869184.00 GB
CompressedClassSpaceSize: 1.00 GB

CodeHeap 'non-profiled nmethods': size=120064Kb used=1333Kb max_used=1333Kb free=118730Kb
 bounds [0x000002b1eda30000, 0x000002b1edca0000, 0x000002b1f4f70000]
CodeHeap 'profiled nmethods': size=120000Kb used=5713Kb max_used=5713Kb free=114286Kb
 bounds [0x000002b1e6500000, 0x000002b1e6aa0000, 0x000002b1eda30000]
CodeHeap 'non-nmethods': size=5696Kb used=1160Kb max_used=1199Kb free=4535Kb
 bounds [0x000002b1e5f70000, 0x000002b1e61e0000, 0x000002b1e6500000]
 total_blobs=3177 nmethods=2676 adapters=412
 compilation: enabled
              stopped_count=0, restarted_count=0
 full_count=0

Compilation events (20 events):
Event: 6.944 Thread 0x000002b1fad78000 nmethod 2662 0x000002b1e6a89990 code [0x000002b1e6a89b60, 0x000002b1e6a89d68]
Event: 6.944 Thread 0x000002b1fad78000 2664       3       groovy.lang.MetaClassImpl::createMetaBeanProperty (35 bytes)
Event: 6.944 Thread 0x000002b1fad78000 nmethod 2664 0x000002b1e6a89e90 code [0x000002b1e6a8a080, 0x000002b1e6a8a528]
Event: 6.944 Thread 0x000002b1fad78000 2665       3       groovy.lang.MetaClassImpl::makeReplacementMetaProperty (241 bytes)
Event: 6.946 Thread 0x000002b1fad78000 nmethod 2665 0x000002b1e6a8a710 code [0x000002b1e6a8ab20, 0x000002b1e6a8cf88]
Event: 6.946 Thread 0x000002b1fad78000 2663       1       org.codehaus.groovy.reflection.GeneratedMetaMethod::getReturnType (5 bytes)
Event: 6.946 Thread 0x000002b1fad78000 nmethod 2663 0x000002b1edb7cd10 code [0x000002b1edb7cec0, 0x000002b1edb7cf78]
Event: 6.946 Thread 0x000002b1fad78000 2666       1       org.codehaus.groovy.util.SingleKeyHashMap$Entry::getKey (5 bytes)
Event: 6.946 Thread 0x000002b1fad78000 nmethod 2666 0x000002b1edb7d010 code [0x000002b1edb7d1c0, 0x000002b1edb7d278]
Event: 6.946 Thread 0x000002b1fad78000 2667       1       groovy.lang.MetaBeanProperty::getSetter (5 bytes)
Event: 6.946 Thread 0x000002b1fad78000 nmethod 2667 0x000002b1edb7d310 code [0x000002b1edb7d4c0, 0x000002b1edb7d578]
Event: 6.951 Thread 0x000002b1fad78000 2668       3       java.lang.invoke.DirectMethodHandle$Holder::invokeStatic (15 bytes)
Event: 6.951 Thread 0x000002b1fad78000 nmethod 2668 0x000002b1e6a8d890 code [0x000002b1e6a8da60, 0x000002b1e6a8df98]
Event: 6.952 Thread 0x000002b1fad78000 2669       3       jdk.internal.org.objectweb.asm.ClassWriter::visitField (16 bytes)
Event: 6.952 Thread 0x000002b1fad78000 nmethod 2669 0x000002b1e6a8e090 code [0x000002b1e6a8e240, 0x000002b1e6a8e408]
Event: 6.952 Thread 0x000002b1fad78000 2670       3       jdk.internal.org.objectweb.asm.FieldWriter::<init> (97 bytes)
Event: 6.952 Thread 0x000002b1fad78000 nmethod 2670 0x000002b1e6a8e510 code [0x000002b1e6a8e740, 0x000002b1e6a8ecc8]
Event: 6.952 Thread 0x000002b1fad78000 2671       3       jdk.internal.org.objectweb.asm.FieldWriter::getSize (262 bytes)
Event: 6.953 Thread 0x000002b1fad78000 nmethod 2671 0x000002b1e6a8ef10 code [0x000002b1e6a8f1e0, 0x000002b1e6a8fe08]
Event: 6.953 Thread 0x000002b1fad78000 2673       3       java.lang.invoke.DirectMethodHandle::shouldBeInitialized (123 bytes)

GC Heap History (12 events):
Event: 0.460 GC heap before
{Heap before GC invocations=0 (full 0):
 garbage-first heap   total 131072K, used 19456K [0x00000000a0000000, 0x0000000100000000)
  region size 1024K, 14 young (14336K), 0 survivors (0K)
 Metaspace       used 7564K, capacity 7733K, committed 7936K, reserved 1056768K
  class space    used 704K, capacity 749K, committed 768K, reserved 1048576K
}
Event: 0.463 GC heap after
{Heap after GC invocations=1 (full 0):
 garbage-first heap   total 131072K, used 7691K [0x00000000a0000000, 0x0000000100000000)
  region size 1024K, 2 young (2048K), 2 survivors (2048K)
 Metaspace       used 7564K, capacity 7733K, committed 7936K, reserved 1056768K
  class space    used 704K, capacity 749K, committed 768K, reserved 1048576K
}
Event: 0.750 GC heap before
{Heap before GC invocations=1 (full 0):
 garbage-first heap   total 131072K, used 18955K [0x00000000a0000000, 0x0000000100000000)
  region size 1024K, 13 young (13312K), 2 survivors (2048K)
 Metaspace       used 10488K, capacity 10761K, committed 11008K, reserved 1058816K
  class space    used 1101K, capacity 1164K, committed 1280K, reserved 1048576K
}
Event: 0.753 GC heap after
{Heap after GC invocations=2 (full 0):
 garbage-first heap   total 131072K, used 8480K [0x00000000a0000000, 0x0000000100000000)
  region size 1024K, 1 young (1024K), 1 survivors (1024K)
 Metaspace       used 10488K, capacity 10761K, committed 11008K, reserved 1058816K
  class space    used 1101K, capacity 1164K, committed 1280K, reserved 1048576K
}
Event: 4.504 GC heap before
{Heap before GC invocations=2 (full 0):
 garbage-first heap   total 131072K, used 37152K [0x00000000a0000000, 0x0000000100000000)
  region size 1024K, 30 young (30720K), 1 survivors (1024K)
 Metaspace       used 10735K, capacity 11041K, committed 11264K, reserved 1058816K
  class space    used 1125K, capacity 1236K, committed 1280K, reserved 1048576K
}
Event: 4.507 GC heap after
{Heap after GC invocations=3 (full 0):
 garbage-first heap   total 131072K, used 12956K [0x00000000a0000000, 0x0000000100000000)
  region size 1024K, 4 young (4096K), 4 survivors (4096K)
 Metaspace       used 10735K, capacity 11041K, committed 11264K, reserved 1058816K
  class space    used 1125K, capacity 1236K, committed 1280K, reserved 1048576K
}
Event: 5.406 GC heap before
{Heap before GC invocations=3 (full 0):
 garbage-first heap   total 131072K, used 55964K [0x00000000a0000000, 0x0000000100000000)
  region size 1024K, 46 young (47104K), 4 survivors (4096K)
 Metaspace       used 19725K, capacity 20145K, committed 20480K, reserved 1067008K
  class space    used 2307K, capacity 2446K, committed 2560K, reserved 1048576K
}
Event: 5.411 GC heap after
{Heap after GC invocations=4 (full 0):
 garbage-first heap   total 131072K, used 15417K [0x00000000a0000000, 0x0000000100000000)
  region size 1024K, 3 young (3072K), 3 survivors (3072K)
 Metaspace       used 19725K, capacity 20145K, committed 20480K, reserved 1067008K
  class space    used 2307K, capacity 2446K, committed 2560K, reserved 1048576K
}
Event: 5.510 GC heap before
{Heap before GC invocations=4 (full 0):
 garbage-first heap   total 131072K, used 20537K [0x00000000a0000000, 0x0000000100000000)
  region size 1024K, 9 young (9216K), 3 survivors (3072K)
 Metaspace       used 20752K, capacity 21182K, committed 21296K, reserved 1069056K
  class space    used 2461K, capacity 2626K, committed 2688K, reserved 1048576K
}
Event: 5.514 GC heap after
{Heap after GC invocations=5 (full 0):
 garbage-first heap   total 131072K, used 15820K [0x00000000a0000000, 0x0000000100000000)
  region size 1024K, 4 young (4096K), 4 survivors (4096K)
 Metaspace       used 20752K, capacity 21182K, committed 21296K, reserved 1069056K
  class space    used 2461K, capacity 2626K, committed 2688K, reserved 1048576K
}
Event: 6.195 GC heap before
{Heap before GC invocations=6 (full 0):
 garbage-first heap   total 131072K, used 64972K [0x00000000a0000000, 0x0000000100000000)
  region size 1024K, 52 young (53248K), 4 survivors (4096K)
 Metaspace       used 26336K, capacity 26986K, committed 27184K, reserved 1073152K
  class space    used 3369K, capacity 3587K, committed 3712K, reserved 1048576K
}
Event: 6.200 GC heap after
{Heap after GC invocations=7 (full 0):
 garbage-first heap   total 131072K, used 17683K [0x00000000a0000000, 0x0000000100000000)
  region size 1024K, 5 young (5120K), 5 survivors (5120K)
 Metaspace       used 26336K, capacity 26986K, committed 27184K, reserved 1073152K
  class space    used 3369K, capacity 3587K, committed 3712K, reserved 1048576K
}

Deoptimization events (20 events):
Event: 6.911 Thread 0x000002b1fcfd1800 Uncommon trap: trap_request=0xffffff4d fr.pc=0x000002b1edb30e14 relative=0x0000000000005634
Event: 6.911 Thread 0x000002b1fcfd1800 Uncommon trap: reason=unstable_if action=reinterpret pc=0x000002b1edb30e14 method=java.net.URLClassLoader.defineClass(Ljava/lang/String;Ljdk/internal/loader/Resource;)Ljava/lang/Class; @ 21 c2
Event: 6.911 Thread 0x000002b1fcfd1800 DEOPT PACKING pc=0x000002b1edb30e14 sp=0x000000b5b44f9930
Event: 6.911 Thread 0x000002b1fcfd1800 DEOPT UNPACKING pc=0x000002b1e5f965af sp=0x000000b5b44f9880 mode 2
Event: 6.911 Thread 0x000002b1fcfd1800 Uncommon trap: trap_request=0xffffff4d fr.pc=0x000002b1edb13c34 relative=0x00000000000036f4
Event: 6.911 Thread 0x000002b1fcfd1800 Uncommon trap: reason=unstable_if action=reinterpret pc=0x000002b1edb13c34 method=java.lang.ClassLoader.getClassLoadingLock(Ljava/lang/String;)Ljava/lang/Object; @ 6 c2
Event: 6.911 Thread 0x000002b1fcfd1800 DEOPT PACKING pc=0x000002b1edb13c34 sp=0x000000b5b44f7e60
Event: 6.911 Thread 0x000002b1fcfd1800 DEOPT UNPACKING pc=0x000002b1e5f965af sp=0x000000b5b44f7e70 mode 2
Event: 6.912 Thread 0x000002b1fcfd1800 Uncommon trap: trap_request=0xffffff4d fr.pc=0x000002b1edb6d8bc relative=0x00000000000006dc
Event: 6.912 Thread 0x000002b1fcfd1800 Uncommon trap: reason=unstable_if action=reinterpret pc=0x000002b1edb6d8bc method=java.lang.Class.getPackageName()Ljava/lang/String; @ 55 c2
Event: 6.912 Thread 0x000002b1fcfd1800 DEOPT PACKING pc=0x000002b1edb6d8bc sp=0x000000b5b44f9650
Event: 6.912 Thread 0x000002b1fcfd1800 DEOPT UNPACKING pc=0x000002b1e5f965af sp=0x000000b5b44f9610 mode 2
Event: 6.942 Thread 0x000002b1fcfd1800 Uncommon trap: trap_request=0xffffffbe fr.pc=0x000002b1edb7b61c relative=0x000000000000083c
Event: 6.942 Thread 0x000002b1fcfd1800 Uncommon trap: reason=profile_predicate action=maybe_recompile pc=0x000002b1edb7b61c method=java.lang.PublicMethods$MethodList.filter([Ljava/lang/reflect/Method;Ljava/lang/String;[Ljava/lang/Class;Z)Ljava/lang/PublicMethods$MethodList; @ 21 c2
Event: 6.942 Thread 0x000002b1fcfd1800 DEOPT PACKING pc=0x000002b1edb7b61c sp=0x000000b5b44f96c0
Event: 6.942 Thread 0x000002b1fcfd1800 DEOPT UNPACKING pc=0x000002b1e5f965af sp=0x000000b5b44f9678 mode 2
Event: 6.942 Thread 0x000002b1fcfd1800 Uncommon trap: trap_request=0xffffffbe fr.pc=0x000002b1edb7b61c relative=0x000000000000083c
Event: 6.942 Thread 0x000002b1fcfd1800 Uncommon trap: reason=profile_predicate action=maybe_recompile pc=0x000002b1edb7b61c method=java.lang.PublicMethods$MethodList.filter([Ljava/lang/reflect/Method;Ljava/lang/String;[Ljava/lang/Class;Z)Ljava/lang/PublicMethods$MethodList; @ 21 c2
Event: 6.942 Thread 0x000002b1fcfd1800 DEOPT PACKING pc=0x000002b1edb7b61c sp=0x000000b5b44f96c0
Event: 6.942 Thread 0x000002b1fcfd1800 DEOPT UNPACKING pc=0x000002b1e5f965af sp=0x000000b5b44f9678 mode 2

Classes redefined (0 events):
No events

Internal exceptions (20 events):
Event: 6.850 Thread 0x000002b1fcfd1800 Exception <a 'java/lang/NoSuchMethodError'{0x00000000a5b71b48}: 'void java.lang.invoke.DirectMethodHandle$Holder.invokeSpecial(java.lang.Object, java.lang.Object)'> (0x00000000a5b71b48) thrown at [./src/hotspot/share/interpreter/linkResolver.cpp, line 773]
Event: 6.891 Thread 0x000002b1fcfd1800 Exception <a 'java/lang/NoSuchMethodError'{0x00000000a59fc9c8}: 'void java.lang.invoke.DirectMethodHandle$Holder.invokeStatic(java.lang.Object, java.lang.Object, java.lang.Object, java.lang.Object)'> (0x00000000a59fc9c8) thrown at [./src/hotspot/share/interpreter/linkResolver.cpp, line 773]
Event: 6.910 Thread 0x000002b1fcfd1800 Implicit null exception at 0x000002b1edaa2bdd to 0x000002b1edaa3772
Event: 6.920 Thread 0x000002b1fcfd1800 Exception <a 'java/lang/NoSuchMethodError'{0x00000000a571dc20}: 'void java.lang.invoke.DirectMethodHandle$Holder.invokeStaticInit(java.lang.Object, java.lang.Object, java.lang.Object, java.lang.Object)'> (0x00000000a571dc20) thrown at [./src/hotspot/share/interpreter/linkResolver.cpp, line 773]
Event: 6.922 Thread 0x000002b1fcfd1800 Exception <a 'java/lang/ClassNotFoundException'{0x00000000a57455c8}: groovy/lang/BindingBeanInfo> (0x00000000a57455c8) thrown at [./src/hotspot/share/classfile/systemDictionary.cpp, line 231]
Event: 6.922 Thread 0x000002b1fcfd1800 Exception <a 'java/lang/ClassNotFoundException'{0x00000000a5751d38}: groovy/lang/BindingCustomizer> (0x00000000a5751d38) thrown at [./src/hotspot/share/classfile/systemDictionary.cpp, line 231]
Event: 6.930 Thread 0x000002b1fcfd1800 Exception <a 'java/lang/ClassNotFoundException'{0x00000000a5694ee0}: settings_4hemfowkfqjsnkvc8faqgdjlgBeanInfo> (0x00000000a5694ee0) thrown at [./src/hotspot/share/classfile/systemDictionary.cpp, line 231]
Event: 6.931 Thread 0x000002b1fcfd1800 Exception <a 'java/lang/ClassNotFoundException'{0x00000000a56a31b0}: org/gradle/initialization/SettingsScriptBeanInfo> (0x00000000a56a31b0) thrown at [./src/hotspot/share/classfile/systemDictionary.cpp, line 231]
Event: 6.931 Thread 0x000002b1fcfd1800 Exception <a 'java/lang/ClassNotFoundException'{0x00000000a56b23e8}: org/gradle/plugin/use/internal/PluginsAwareScriptBeanInfo> (0x00000000a56b23e8) thrown at [./src/hotspot/share/classfile/systemDictionary.cpp, line 231]
Event: 6.931 Thread 0x000002b1fcfd1800 Exception <a 'java/lang/ClassNotFoundException'{0x00000000a56c09a8}: org/gradle/groovy/scripts/DefaultScriptBeanInfo> (0x00000000a56c09a8) thrown at [./src/hotspot/share/classfile/systemDictionary.cpp, line 231]
Event: 6.931 Thread 0x000002b1fcfd1800 Exception <a 'java/lang/ClassNotFoundException'{0x00000000a56cef60}: org/gradle/groovy/scripts/BasicScriptBeanInfo> (0x00000000a56cef60) thrown at [./src/hotspot/share/classfile/systemDictionary.cpp, line 231]
Event: 6.932 Thread 0x000002b1fcfd1800 Exception <a 'java/lang/ClassNotFoundException'{0x00000000a56dc918}: org/gradle/groovy/scripts/ScriptBeanInfo> (0x00000000a56dc918) thrown at [./src/hotspot/share/classfile/systemDictionary.cpp, line 231]
Event: 6.932 Thread 0x000002b1fcfd1800 Exception <a 'java/lang/ClassNotFoundException'{0x00000000a56e9038}: groovy/lang/ScriptBeanInfo> (0x00000000a56e9038) thrown at [./src/hotspot/share/classfile/systemDictionary.cpp, line 231]
Event: 6.932 Thread 0x000002b1fcfd1800 Exception <a 'java/lang/ClassNotFoundException'{0x00000000a56f5cf8}: groovy/lang/ScriptCustomizer> (0x00000000a56f5cf8) thrown at [./src/hotspot/share/classfile/systemDictionary.cpp, line 231]
Event: 6.933 Thread 0x000002b1fcfd1800 Exception <a 'java/lang/ClassNotFoundException'{0x00000000a550c5c0}: org/gradle/groovy/scripts/ScriptCustomizer> (0x00000000a550c5c0) thrown at [./src/hotspot/share/classfile/systemDictionary.cpp, line 231]
Event: 6.933 Thread 0x000002b1fcfd1800 Exception <a 'java/lang/ClassNotFoundException'{0x00000000a55215f0}: org/gradle/groovy/scripts/BasicScriptCustomizer> (0x00000000a55215f0) thrown at [./src/hotspot/share/classfile/systemDictionary.cpp, line 231]
Event: 6.934 Thread 0x000002b1fcfd1800 Exception <a 'java/lang/ClassNotFoundException'{0x00000000a553c180}: org/gradle/groovy/scripts/DefaultScriptCustomizer> (0x00000000a553c180) thrown at [./src/hotspot/share/classfile/systemDictionary.cpp, line 231]
Event: 6.940 Thread 0x000002b1fcfd1800 Exception <a 'java/lang/ClassNotFoundException'{0x00000000a557fa18}: org/gradle/plugin/use/internal/PluginsAwareScriptCustomizer> (0x00000000a557fa18) thrown at [./src/hotspot/share/classfile/systemDictionary.cpp, line 231]
Event: 6.940 Thread 0x000002b1fcfd1800 Exception <a 'java/lang/ClassNotFoundException'{0x00000000a55968e0}: org/gradle/initialization/SettingsScriptCustomizer> (0x00000000a55968e0) thrown at [./src/hotspot/share/classfile/systemDictionary.cpp, line 231]
Event: 6.941 Thread 0x000002b1fcfd1800 Exception <a 'java/lang/ClassNotFoundException'{0x00000000a55a6608}: settings_4hemfowkfqjsnkvc8faqgdjlgCustomizer> (0x00000000a55a6608) thrown at [./src/hotspot/share/classfile/systemDictionary.cpp, line 231]

Events (20 events):
Event: 6.949 loading class org/gradle/process/internal/JavaForkOptionsInternal
Event: 6.949 loading class org/gradle/process/internal/JavaForkOptionsInternal done
Event: 6.949 loading class org/gradle/process/internal/ExecAction
Event: 6.949 loading class org/gradle/process/internal/ExecAction done
Event: 6.949 loading class org/gradle/process/internal/ExecHandleBuilder
Event: 6.949 loading class org/gradle/process/internal/ExecHandleBuilder done
Event: 6.949 loading class org/gradle/process/internal/JavaExecAction
Event: 6.949 loading class org/gradle/process/internal/JavaExecAction done
Event: 6.949 loading class org/gradle/api/internal/model/InstantiatorBackedObjectFactory
Event: 6.949 loading class org/gradle/api/internal/model/InstantiatorBackedObjectFactory done
Event: 6.950 loading class org/gradle/cache/internal/DefaultFileContentCacheFactory
Event: 6.950 loading class org/gradle/cache/internal/DefaultFileContentCacheFactory done
Event: 6.950 loading class org/gradle/cache/internal/FileContentCache
Event: 6.950 loading class org/gradle/cache/internal/FileContentCache done
Event: 6.952 loading class org/gradle/internal/jvm/JavaModuleDetector
Event: 6.952 loading class org/gradle/internal/jvm/JavaModuleDetector done
Event: 6.952 loading class org/gradle/internal/jvm/JavaModuleDetector
Event: 6.952 loading class org/gradle/internal/jvm/JavaModuleDetector done
Event: 6.953 loading class org/gradle/internal/jvm/JavaModuleDetector$ModuleInfoLocator
Event: 6.953 loading class org/gradle/internal/jvm/JavaModuleDetector$ModuleInfoLocator done


Dynamic libraries:
0x00007ff605f00000 - 0x00007ff605f0a000 	D:\android\jre\bin\java.exe
0x00007fffb6bf0000 - 0x00007fffb6de5000 	C:\WINDOWS\SYSTEM32\ntdll.dll
0x00007fffb5660000 - 0x00007fffb571e000 	C:\WINDOWS\System32\KERNEL32.DLL
0x00007fffb45d0000 - 0x00007fffb4898000 	C:\WINDOWS\System32\KERNELBASE.dll
0x00007fffb48a0000 - 0x00007fffb49a0000 	C:\WINDOWS\System32\ucrtbase.dll
0x00007fff97880000 - 0x00007fff97897000 	D:\android\jre\bin\VCRUNTIME140.dll
0x00007fff978a0000 - 0x00007fff978b9000 	D:\android\jre\bin\jli.dll
0x00007fffb5e30000 - 0x00007fffb5fd0000 	C:\WINDOWS\System32\USER32.dll
0x00007fffb4ae0000 - 0x00007fffb4b02000 	C:\WINDOWS\System32\win32u.dll
0x00007fffb36d0000 - 0x00007fffb396a000 	C:\WINDOWS\WinSxS\amd64_microsoft.windows.common-controls_6595b64144ccf1df_6.0.19041.1110_none_60b5254171f9507e\COMCTL32.dll
0x00007fffb6500000 - 0x00007fffb652a000 	C:\WINDOWS\System32\GDI32.dll
0x00007fffb6540000 - 0x00007fffb65de000 	C:\WINDOWS\System32\msvcrt.dll
0x00007fffb4470000 - 0x00007fffb457b000 	C:\WINDOWS\System32\gdi32full.dll
0x00007fffb4a40000 - 0x00007fffb4add000 	C:\WINDOWS\System32\msvcp_win.dll
0x00007fffb4c50000 - 0x00007fffb4c80000 	C:\WINDOWS\System32\IMM32.DLL
0x00007fff94ed0000 - 0x00007fff94f6d000 	D:\android\jre\bin\msvcp140.dll
0x00007fff7f120000 - 0x00007fff7fbf5000 	D:\android\jre\bin\server\jvm.dll
0x00007fffb6300000 - 0x00007fffb63ae000 	C:\WINDOWS\System32\ADVAPI32.dll
0x00007fffb6460000 - 0x00007fffb64fc000 	C:\WINDOWS\System32\sechost.dll
0x00007fffb61d0000 - 0x00007fffb62f5000 	C:\WINDOWS\System32\RPCRT4.dll
0x00007fffb6530000 - 0x00007fffb6538000 	C:\WINDOWS\System32\PSAPI.DLL
0x00007fff9a780000 - 0x00007fff9a789000 	C:\WINDOWS\SYSTEM32\WSOCK32.dll
0x00007fffb6100000 - 0x00007fffb616b000 	C:\WINDOWS\System32\WS2_32.dll
0x00007fffa3f10000 - 0x00007fffa3f37000 	C:\WINDOWS\SYSTEM32\WINMM.dll
0x00007fffb1ce0000 - 0x00007fffb1cea000 	C:\WINDOWS\SYSTEM32\VERSION.dll
0x00007fffb2590000 - 0x00007fffb25a2000 	C:\WINDOWS\SYSTEM32\kernel.appcore.dll
0x00007fff97860000 - 0x00007fff97871000 	D:\android\jre\bin\verify.dll
0x00007fffb3c40000 - 0x00007fffb3e24000 	C:\WINDOWS\SYSTEM32\DBGHELP.DLL
0x00007fffb3a70000 - 0x00007fffb3a9c000 	C:\WINDOWS\SYSTEM32\dbgcore.DLL
0x00007fffb4b10000 - 0x00007fffb4b92000 	C:\WINDOWS\System32\bcryptPrimitives.dll
0x00007fff974e0000 - 0x00007fff97509000 	D:\android\jre\bin\java.dll
0x00007fff99be0000 - 0x00007fff99beb000 	D:\android\jre\bin\jimage.dll
0x00007fff974c0000 - 0x00007fff974d8000 	D:\android\jre\bin\zip.dll
0x00007fffb4c80000 - 0x00007fffb53c4000 	C:\WINDOWS\System32\SHELL32.dll
0x00007fffb1de0000 - 0x00007fffb2574000 	C:\WINDOWS\SYSTEM32\windows.storage.dll
0x00007fffb65f0000 - 0x00007fffb6944000 	C:\WINDOWS\System32\combase.dll
0x00007fffb3630000 - 0x00007fffb365c000 	C:\WINDOWS\SYSTEM32\Wldp.dll
0x00007fffb63b0000 - 0x00007fffb645d000 	C:\WINDOWS\System32\SHCORE.dll
0x00007fffb6170000 - 0x00007fffb61c5000 	C:\WINDOWS\System32\shlwapi.dll
0x00007fffb4250000 - 0x00007fffb426f000 	C:\WINDOWS\SYSTEM32\profapi.dll
0x00007fff94eb0000 - 0x00007fff94eca000 	D:\android\jre\bin\net.dll
0x00007fffab2d0000 - 0x00007fffab3da000 	C:\WINDOWS\SYSTEM32\WINHTTP.dll
0x00007fffb3500000 - 0x00007fffb356a000 	C:\WINDOWS\system32\mswsock.dll
0x00007fff94e90000 - 0x00007fff94ea4000 	D:\android\jre\bin\nio.dll
0x00007fff94e60000 - 0x00007fff94e87000 	C:\Users\bhaib\.gradle\native\f6784746aeab05261644944871eae4fe03e0ef1612fff0a4a95f87b438bc6780\windows-amd64\native-platform.dll
0x00007fff97770000 - 0x00007fff9777a000 	D:\android\jre\bin\management.dll
0x00007fff974b0000 - 0x00007fff974bd000 	D:\android\jre\bin\management_ext.dll
0x00007fffb3fd0000 - 0x00007fffb3fe8000 	C:\WINDOWS\SYSTEM32\CRYPTSP.dll
0x00007fffb2d30000 - 0x00007fffb2d64000 	C:\WINDOWS\system32\rsaenh.dll
0x00007fffb4a10000 - 0x00007fffb4a37000 	C:\WINDOWS\System32\bcrypt.dll
0x00007fffb4210000 - 0x00007fffb423e000 	C:\WINDOWS\SYSTEM32\USERENV.dll
0x00007fffb35f0000 - 0x00007fffb35fc000 	C:\WINDOWS\SYSTEM32\CRYPTBASE.dll
0x00007fffb3080000 - 0x00007fffb30bb000 	C:\WINDOWS\SYSTEM32\IPHLPAPI.DLL
0x00007fffb5720000 - 0x00007fffb5728000 	C:\WINDOWS\System32\NSI.dll
0x00007fffad650000 - 0x00007fffad667000 	C:\WINDOWS\SYSTEM32\dhcpcsvc6.DLL
0x00007fffad5a0000 - 0x00007fffad5bd000 	C:\WINDOWS\SYSTEM32\dhcpcsvc.DLL
0x00007fffb30c0000 - 0x00007fffb318b000 	C:\WINDOWS\SYSTEM32\DNSAPI.dll
0x00007fffad750000 - 0x00007fffad75b000 	C:\WINDOWS\SYSTEM32\WINNSI.DLL

dbghelp: loaded successfully - version: 4.0.5 - missing functions: none
symbol engine: initialized successfully - sym options: 0x614 - pdb path: .;D:\android\jre\bin;C:\WINDOWS\SYSTEM32;C:\WINDOWS\WinSxS\amd64_microsoft.windows.common-controls_6595b64144ccf1df_6.0.19041.1110_none_60b5254171f9507e;D:\android\jre\bin\server;C:\Users\bhaib\.gradle\native\f6784746aeab05261644944871eae4fe03e0ef1612fff0a4a95f87b438bc6780\windows-amd64

VM Arguments:
jvm_args: --add-opens=java.base/java.util=ALL-UNNAMED --add-opens=java.base/java.lang=ALL-UNNAMED --add-opens=java.base/java.lang.invoke=ALL-UNNAMED --add-opens=java.prefs/java.util.prefs=ALL-UNNAMED -Xmx1536M -Dfile.encoding=windows-1252 -Duser.country=US -Duser.language=en -Duser.variant 
java_command: org.gradle.launcher.daemon.bootstrap.GradleDaemon 6.5
java_class_path (initial): C:\Users\bhaib\.gradle\wrapper\dists\gradle-6.5-bin\6nifqtx7604sqp1q6g8wikw7p\gradle-6.5\lib\gradle-launcher-6.5.jar
Launcher Type: SUN_STANDARD

[Global flags]
     intx CICompilerCount                          = 3                                         {product} {ergonomic}
     uint ConcGCThreads                            = 1                                         {product} {ergonomic}
     uint G1ConcRefinementThreads                  = 4                                         {product} {ergonomic}
   size_t G1HeapRegionSize                         = 1048576                                   {product} {ergonomic}
    uintx GCDrainStackTargetSize                   = 64                                        {product} {ergonomic}
   size_t InitialHeapSize                          = 134217728                                 {product} {ergonomic}
   size_t MarkStackSize                            = 4194304                                   {product} {ergonomic}
   size_t MaxHeapSize                              = 1610612736                                {product} {command line}
   size_t MaxNewSize                               = 965738496                                 {product} {ergonomic}
   size_t MinHeapDeltaBytes                        = 1048576                                   {product} {ergonomic}
    uintx NonNMethodCodeHeapSize                   = 5830732                                {pd product} {ergonomic}
    uintx NonProfiledCodeHeapSize                  = 122913754                              {pd product} {ergonomic}
    uintx ProfiledCodeHeapSize                     = 122913754                              {pd product} {ergonomic}
    uintx ReservedCodeCacheSize                    = 251658240                              {pd product} {ergonomic}
     bool SegmentedCodeCache                       = true                                      {product} {ergonomic}
     bool UseCompressedClassPointers               = true                                 {lp64_product} {ergonomic}
     bool UseCompressedOops                        = true                                 {lp64_product} {ergonomic}
     bool UseG1GC                                  = true                                      {product} {ergonomic}
     bool UseLargePagesIndividualAllocation        = false                                  {pd product} {ergonomic}

Logging:
Log output configuration:
 #0: stdout all=warning uptime,level,tags
 #1: stderr all=off uptime,level,tags

Environment Variables:
JAVA_HOME=D:\android\jre
CLASSPATH=D:\Anish\SBCB Driver April 12\android\\gradle\wrapper\gradle-wrapper.jar
PATH=C:\WINDOWS\system32;C:\WINDOWS;C:\WINDOWS\System32\Wbem;C:\WINDOWS\System32\WindowsPowerShell\v1.0\;C:\WINDOWS\System32\OpenSSH\;C:\Program Files\Git\cmd;C:\xampp\php;C:\ProgramData\ComposerSetup\bin;D:\flutter\bin;C:\Users\bhaib\AppData\Local\Microsoft\WindowsApps;C:\Users\bhaib\AppData\Local\Programs\Microsoft VS Code\bin;C:\Users\bhaib\AppData\Roaming\Composer\vendor\bin;D:\flutter\bin;;D:\flutter\bin\mingit\cmd
USERNAME=bhaib
OS=Windows_NT
PROCESSOR_IDENTIFIER=Intel64 Family 6 Model 58 Stepping 9, GenuineIntel



---------------  S Y S T E M  ---------------

OS: Windows 10 , 64 bit Build 19041 (10.0.19041.1645)
OS uptime: 0 days 0:08 hours

CPU:total 4 (initial active 4) (4 cores per cpu, 1 threads per core) family 6 model 58 stepping 9 microcode 0x21, cmov, cx8, fxsr, mmx, sse, sse2, sse3, ssse3, sse4.1, sse4.2, popcnt, avx, aes, clmul, erms, tsc, tscinvbit, tscinv

Memory: 4k page, system-wide physical 8078M (3519M free)
TotalPageFile size 19342M (AvailPageFile size 14748M)
current process WorkingSet (physical memory assigned to process): 207M, peak: 208M
current process commit charge ("private bytes"): 294M, peak: 295M

vm_info: OpenJDK 64-Bit Server VM (11.0.11+9-b60-7590822) for windows-amd64 JRE (11.0.11+9-b60-7590822), built on Jul 29 2021 21:43:44 by "builder" with MS VC++ 14.0 (VS2015)

END.
